#
# A fatal error has been detected by the Java Runtime Environment:
#
#  SIGSEGV (0xb) at pc=0x00007f2ce3aa3b91, pid=6623, tid=6639
#
# JRE version: OpenJDK Runtime Environment Corretto-17.0.3.6.1 (17.0.3+6) (build 17.0.3+6-LTS)
# Java VM: OpenJDK 64-Bit Server VM Corretto-17.0.3.6.1 (17.0.3+6-LTS, mixed mode, sharing, tiered, compressed oops, compressed class ptrs, g1 gc, linux-amd64)
# Problematic frame:
# V  [libjvm.so+0xea3b91]  Symbol::increment_refcount()+0x1
#
# Core dump will be written. Default location: Core dumps may be processed with "/usr/lib/systemd/systemd-coredump %P %u %g %s %t %c %h" (or dumping to /home/zzigor/Projects/Kotlin_HW/core.6623)
#
# If you would like to submit a bug report, please visit:
#   https://github.com/corretto/corretto-17/issues/
#

---------------  S U M M A R Y ------------

Command Line: org.jetbrains.kotlin.cli.jvm.K2JVMCompiler @/home/zzigor/Projects/Kotlin_HW/build/20220522_17656660801939053474.compiler.options

Host: AMD Ryzen 5 3500U with Radeon Vega Mobile Gfx, 8 cores, 6G, Manjaro Linux
Time: Sun May 22 17:17:39 2022 MSK elapsed time: 0.824002 seconds (0d 0h 0m 0s)

---------------  T H R E A D  ---------------

Current thread (0x00007f2cdc131590):  JavaThread "C1 CompilerThread0" daemon [_thread_in_vm, id=6639, stack(0x00007f2cc0c17000,0x00007f2cc0d17000)]


Current CompileTask:
C1:    824  912       3       kotlin.reflect.jvm.internal.impl.descriptors.FindClassInModuleKt::findClassifierAcrossModuleDependencies (746 bytes)

Stack: [0x00007f2cc0c17000,0x00007f2cc0d17000],  sp=0x00007f2cc0d14b90,  free space=1014k
Native frames: (J=compiled Java code, j=interpreted, Vv=VM code, C=native code)
V  [libjvm.so+0xea3b91]  Symbol::increment_refcount()+0x1
V  [libjvm.so+0x5462af]  ciEnv::get_klass_by_index_impl(constantPoolHandle const&, int, bool&, ciInstanceKlass*)+0x15f
V  [libjvm.so+0x546f74]  ciEnv::get_method_by_index_impl(constantPoolHandle const&, int, Bytecodes::Code, ciInstanceKlass*)+0x94
V  [libjvm.so+0x547878]  ciEnv::get_method_by_index(constantPoolHandle const&, int, Bytecodes::Code, ciInstanceKlass*)+0x308
V  [libjvm.so+0x568deb]  ciBytecodeStream::get_method(bool&, ciSignature**)+0x10b
V  [libjvm.so+0x482893]  GraphBuilder::invoke(Bytecodes::Code)+0x33
V  [libjvm.so+0x484aa7]  GraphBuilder::iterate_bytecodes_for_block(int)+0x10b7
V  [libjvm.so+0x486514]  GraphBuilder::iterate_all_blocks(bool)+0x174
V  [libjvm.so+0x488271]  GraphBuilder::GraphBuilder(Compilation*, IRScope*)+0x421
V  [libjvm.so+0x48eac2]  IRScope::IRScope(Compilation*, IRScope*, int, ciMethod*, int, bool)+0x1c2
V  [libjvm.so+0x48eb96]  IR::IR(Compilation*, ciMethod*, int)+0xa6
V  [libjvm.so+0x46b516]  Compilation::build_hir() [clone .part.89]+0x166
V  [libjvm.so+0x46d3b3]  Compilation::compile_java_method()+0x3a3
V  [libjvm.so+0x46d543]  Compilation::compile_method()+0x123
V  [libjvm.so+0x46d9cb]  Compilation::Compilation(AbstractCompiler*, ciEnv*, ciMethod*, int, BufferBlob*, bool, DirectiveSet*)+0x22b
V  [libjvm.so+0x46e4e8]  Compiler::compile_method(ciEnv*, ciMethod*, int, bool, DirectiveSet*)+0xb8
V  [libjvm.so+0x5ec6ac]  CompileBroker::invoke_compiler_on_method(CompileTask*)+0xcec
V  [libjvm.so+0x5ed398]  CompileBroker::compiler_thread_loop()+0x4c8
V  [libjvm.so+0xf04ece]  JavaThread::run()+0x13e
V  [libjvm.so+0xf07f72]  Thread::call_run()+0xe2
V  [libjvm.so+0xc41601]  thread_native_entry(Thread*)+0xe1


siginfo: si_signo: 11 (SIGSEGV), si_code: 1 (SEGV_MAPERR), si_addr: 0x000000040000000c

Register to memory mapping:

RAX=0x00007f2ce40ef3e8: <offset 0x00000000014ef3e8> in /home/zzigor/.jdks/corretto-17.0.3/lib/server/libjvm.so at 0x00007f2ce2c00000
RBX=0x00007f2c84053ad0 points into unknown readable memory: 0x00007f2cc0d15978 | 78 59 d1 c0 2c 7f 00 00
RCX=0x00007f2ce420c580: <offset 0x000000000160c580> in /home/zzigor/.jdks/corretto-17.0.3/lib/server/libjvm.so at 0x00007f2ce2c00000
RDX=0x0 is NULL
RSP=0x00007f2cc0d14b90 is pointing into the stack for thread: 0x00007f2cdc131590
RBP=0x00007f2cc0d14bc0 is pointing into the stack for thread: 0x00007f2cdc131590
RSI=0x000000040000000c is an unknown value
RDI=0x000000040000000c is an unknown value
R8 =0x00007f2c901256f0 points into unknown readable memory: 0x00007f2ce4179ac0 | c0 9a 17 e4 2c 7f 00 00
R9 =0x00007f2c84132480 points into unknown readable memory: 0x0000000000000100 | 00 01 00 00 00 00 00 00
R10=0x0000000000000100 is an unknown value
R11=0x00007f2c84132080 points into unknown readable memory: 0x00007f2c841317e0 | e0 17 13 84 2c 7f 00 00
R12=0x000000040000000c is an unknown value
R13=0x00007f2cc0d14e00 is pointing into the stack for thread: 0x00007f2cdc131590
R14=0x000000000000001a is an unknown value
R15=0x00007f2c901256f0 points into unknown readable memory: 0x00007f2ce4179ac0 | c0 9a 17 e4 2c 7f 00 00


Registers:
RAX=0x00007f2ce40ef3e8, RBX=0x00007f2c84053ad0, RCX=0x00007f2ce420c580, RDX=0x0000000000000000
RSP=0x00007f2cc0d14b90, RBP=0x00007f2cc0d14bc0, RSI=0x000000040000000c, RDI=0x000000040000000c
R8 =0x00007f2c901256f0, R9 =0x00007f2c84132480, R10=0x0000000000000100, R11=0x00007f2c84132080
R12=0x000000040000000c, R13=0x00007f2cc0d14e00, R14=0x000000000000001a, R15=0x00007f2c901256f0
RIP=0x00007f2ce3aa3b91, EFLAGS=0x0000000000010246, CSGSFS=0x002b000000000033, ERR=0x0000000000000004
  TRAPNO=0x000000000000000e

Top of Stack: (sp=0x00007f2cc0d14b90)
0x00007f2cc0d14b90:   00007f2cc0d14bc0 00007f2ce31641eb
0x00007f2cc0d14ba0:   00007f2c901256f0 00007f2c901e4f40
0x00007f2cc0d14bb0:   00007f2c901256f0 00007f2cc0d15970
0x00007f2cc0d14bc0:   00007f2cc0d14c60 00007f2ce31462af 

Instructions: (pc=0x00007f2ce3aa3b91)
0x00007f2ce3aa3a91:   be 34 10 40 80 fe 2f 75 d6 be 2e 00 00 00 48 89
0x00007f2ce3aa3aa1:   df e8 99 b4 da ff eb cf 0f 1f 80 00 00 00 00 48
0x00007f2ce3aa3ab1:   8d 15 89 02 70 00 48 8b 14 c2 e9 17 ff ff ff 48
0x00007f2ce3aa3ac1:   63 4d a8 48 8b 45 a0 48 8d 50 06 80 7c 08 06 4c
0x00007f2ce3aa3ad1:   48 89 ce 8b 4d ac 0f 94 c0 0f b6 c0 01 c6 29 c1
0x00007f2ce3aa3ae1:   39 ce 89 c8 0f 8d fd fe ff ff 44 8d 70 ff 48 63
0x00007f2ce3aa3af1:   ce 44 89 f0 4c 8d 71 01 29 f0 4c 01 f0 48 89 45
0x00007f2ce3aa3b01:   98 eb 25 0f 1f 40 00 48 89 df e8 30 b4 da ff 4c
0x00007f2ce3aa3b11:   39 75 98 4c 89 f1 0f 84 cb fe ff ff 48 8b 45 a0
0x00007f2ce3aa3b21:   49 83 c6 01 48 8d 50 06 0f be 34 0a 40 80 fe 2f
0x00007f2ce3aa3b31:   75 d5 be 2e 00 00 00 48 89 df e8 00 b4 da ff eb
0x00007f2ce3aa3b41:   ce 0f 1f 40 00 66 2e 0f 1f 84 00 00 00 00 00 55
0x00007f2ce3aa3b51:   8b 17 48 89 e5 eb 1b 0f 1f 84 00 00 00 00 00 85
0x00007f2ce3aa3b61:   c0 74 24 8d 4a 01 89 d0 f0 0f b1 0f 39 c2 74 0c
0x00007f2ce3aa3b71:   89 c2 0f b7 c2 3d ff ff 00 00 75 e3 b8 01 00 00
0x00007f2ce3aa3b81:   00 5d c3 0f 1f 40 00 31 c0 5d c3 0f 1f 40 00 55
0x00007f2ce3aa3b91:   8b 17 48 89 e5 eb 1b 0f 1f 84 00 00 00 00 00 85
0x00007f2ce3aa3ba1:   c0 74 19 8d 4a 01 89 d0 f0 0f b1 0f 39 c2 74 0c
0x00007f2ce3aa3bb1:   89 c2 0f b7 c2 3d ff ff 00 00 75 e3 5d c3 90 55
0x00007f2ce3aa3bc1:   8b 17 48 89 e5 eb 1b 0f 1f 84 00 00 00 00 00 85
0x00007f2ce3aa3bd1:   c0 74 19 8d 4a ff 89 d0 f0 0f b1 0f 39 c2 74 0c
0x00007f2ce3aa3be1:   89 c2 0f b7 c2 3d ff ff 00 00 75 e3 5d c3 90 55
0x00007f2ce3aa3bf1:   8b 17 48 89 e5 eb 20 0f 1f 84 00 00 00 00 00 85
0x00007f2ce3aa3c01:   c0 74 1e 89 d1 89 d0 81 c9 ff ff 00 00 f0 0f b1
0x00007f2ce3aa3c11:   0f 39 c2 74 0c 89 c2 0f b7 c2 3d ff ff 00 00 75
0x00007f2ce3aa3c21:   de 5d c3 66 90 66 2e 0f 1f 84 00 00 00 00 00 55
0x00007f2ce3aa3c31:   48 89 e5 41 57 41 56 41 55 41 54 53 48 81 ec b8
0x00007f2ce3aa3c41:   00 00 00 64 48 8b 04 25 28 00 00 00 48 89 45 c8
0x00007f2ce3aa3c51:   31 c0 48 83 3d b5 38 73 00 00 0f 84 ca 00 00 00
0x00007f2ce3aa3c61:   4c 8d a5 20 ff ff ff 49 89 fd be 50 00 00 00 4c
0x00007f2ce3aa3c71:   89 e7 e8 c8 a2 da ff 48 8d 05 81 4b 65 00 49 8d
0x00007f2ce3aa3c81:   7c 24 38 48 83 c0 10 48 89 85 20 ff ff ff e8 ec 


Stack slot to memory mapping:
stack at sp + 0 slots: 0x00007f2cc0d14bc0 is pointing into the stack for thread: 0x00007f2cdc131590
stack at sp + 1 slots: 0x00007f2ce31641eb: <offset 0x00000000005641eb> in /home/zzigor/.jdks/corretto-17.0.3/lib/server/libjvm.so at 0x00007f2ce2c00000
stack at sp + 2 slots: 0x00007f2c901256f0 points into unknown readable memory: 0x00007f2ce4179ac0 | c0 9a 17 e4 2c 7f 00 00
stack at sp + 3 slots: 0x00007f2c901e4f40 points into unknown readable memory: 0x00007f2ce40ef3e8 | e8 f3 0e e4 2c 7f 00 00
stack at sp + 4 slots: 0x00007f2c901256f0 points into unknown readable memory: 0x00007f2ce4179ac0 | c0 9a 17 e4 2c 7f 00 00
stack at sp + 5 slots: 0x00007f2cc0d15970 is pointing into the stack for thread: 0x00007f2cdc131590
stack at sp + 6 slots: 0x00007f2cc0d14c60 is pointing into the stack for thread: 0x00007f2cdc131590
stack at sp + 7 slots: 0x00007f2ce31462af: <offset 0x00000000005462af> in /home/zzigor/.jdks/corretto-17.0.3/lib/server/libjvm.so at 0x00007f2ce2c00000


---------------  P R O C E S S  ---------------

Threads class SMR info:
_java_thread_list=0x00007f2cdc146d00, length=11, elements={
0x00007f2cdc0244e0, 0x00007f2cdc125970, 0x00007f2cdc126d50, 0x00007f2cdc12bef0,
0x00007f2cdc12d2a0, 0x00007f2cdc12e6b0, 0x00007f2cdc130060, 0x00007f2cdc131590,
0x00007f2cdc13a9f0, 0x00007f2cdc1424c0, 0x00007f2cdc145d70
}

Java Threads: ( => current thread )
  0x00007f2cdc0244e0 JavaThread "main" [_thread_in_vm, id=6626, stack(0x00007f2ce42f6000,0x00007f2ce43f6000)]
  0x00007f2cdc125970 JavaThread "Reference Handler" daemon [_thread_blocked, id=6633, stack(0x00007f2cc1d50000,0x00007f2cc1e50000)]
  0x00007f2cdc126d50 JavaThread "Finalizer" daemon [_thread_blocked, id=6634, stack(0x00007f2cc1c50000,0x00007f2cc1d50000)]
  0x00007f2cdc12bef0 JavaThread "Signal Dispatcher" daemon [_thread_blocked, id=6635, stack(0x00007f2cc1017000,0x00007f2cc1117000)]
  0x00007f2cdc12d2a0 JavaThread "Service Thread" daemon [_thread_blocked, id=6636, stack(0x00007f2cc0f17000,0x00007f2cc1017000)]
  0x00007f2cdc12e6b0 JavaThread "Monitor Deflation Thread" daemon [_thread_blocked, id=6637, stack(0x00007f2cc0e17000,0x00007f2cc0f17000)]
  0x00007f2cdc130060 JavaThread "C2 CompilerThread0" daemon [_thread_blocked, id=6638, stack(0x00007f2cc0d17000,0x00007f2cc0e17000)]
=>0x00007f2cdc131590 JavaThread "C1 CompilerThread0" daemon [_thread_in_vm, id=6639, stack(0x00007f2cc0c17000,0x00007f2cc0d17000)]
  0x00007f2cdc13a9f0 JavaThread "Sweeper thread" daemon [_thread_blocked, id=6640, stack(0x00007f2cc0b17000,0x00007f2cc0c17000)]
  0x00007f2cdc1424c0 JavaThread "Notification Thread" daemon [_thread_blocked, id=6641, stack(0x00007f2cc0a17000,0x00007f2cc0b17000)]
  0x00007f2cdc145d70 JavaThread "Common-Cleaner" daemon [_thread_blocked, id=6643, stack(0x00007f2cc0815000,0x00007f2cc0915000)]

Other Threads:
  0x00007f2cdc121a50 VMThread "VM Thread" [stack: 0x00007f2ce0100000,0x00007f2ce0200000] [id=6632]
  0x00007f2cdc143e00 WatcherThread [stack: 0x00007f2cc0917000,0x00007f2cc0a17000] [id=6642]
  0x00007f2cdc078130 GCTaskThread "GC Thread#0" [stack: 0x00007f2ce11cd000,0x00007f2ce12cd000] [id=6627]
  0x00007f2ca8005bd0 GCTaskThread "GC Thread#1" [stack: 0x00007f2cc0500000,0x00007f2cc0600000] [id=6645]
  0x00007f2ca800bcb0 GCTaskThread "GC Thread#2" [stack: 0x00007f2cc0100000,0x00007f2cc0200000] [id=6646]
  0x00007f2ca800c6e0 GCTaskThread "GC Thread#3" [stack: 0x00007f2cb1f00000,0x00007f2cb2000000] [id=6647]
  0x00007f2cdc086fc0 ConcurrentGCThread "G1 Main Marker" [stack: 0x00007f2ce10cb000,0x00007f2ce11cb000] [id=6628]
  0x00007f2cdc087eb0 ConcurrentGCThread "G1 Conc#0" [stack: 0x00007f2ce0fc9000,0x00007f2ce10c9000] [id=6629]
  0x00007f2cdc0f4310 ConcurrentGCThread "G1 Refine#0" [stack: 0x00007f2ce06bf000,0x00007f2ce07bf000] [id=6630]
  0x00007f2cdc0f5200 ConcurrentGCThread "G1 Service" [stack: 0x00007f2ce05bd000,0x00007f2ce06bd000] [id=6631]

Threads with active compile tasks:
C1 CompilerThread0      829  912       3       kotlin.reflect.jvm.internal.impl.descriptors.FindClassInModuleKt::findClassifierAcrossModuleDependencies (746 bytes)

VM state: not at safepoint (normal execution)

VM Mutex/Monitor currently owned by a thread: None

Heap address: 0x0000000093800000, size: 1736 MB, Compressed Oops mode: 32-bit

CDS archive(s) mapped at: [0x0000000800000000-0x0000000800bde000-0x0000000800bde000), size 12443648, SharedBaseAddress: 0x0000000800000000, ArchiveRelocationMode: 0.
Compressed class space mapped at: 0x0000000800c00000-0x0000000840c00000, reserved size: 1073741824
Narrow klass base: 0x0000000800000000, Narrow klass shift: 0, Narrow klass range: 0x100000000

GC Precious Log:
 CPUs: 8 total, 8 available
 Memory: 6940M
 Large Page Support: Disabled
 NUMA Support: Disabled
 Compressed Oops: Enabled (32-bit)
 Heap Region Size: 1M
 Heap Min Capacity: 8M
 Heap Initial Capacity: 110M
 Heap Max Capacity: 1736M
 Pre-touch: Disabled
 Parallel Workers: 8
 Concurrent Workers: 2
 Concurrent Refinement Workers: 8
 Periodic GC: Disabled

Heap:
 garbage-first heap   total 114688K, used 11872K [0x0000000093800000, 0x0000000100000000)
  region size 1024K, 9 young (9216K), 3 survivors (3072K)
 Metaspace       used 7950K, committed 8064K, reserved 1064960K
  class space    used 840K, committed 896K, reserved 1048576K

Heap Regions: E=young(eden), S=young(survivor), O=old, HS=humongous(starts), HC=humongous(continues), CS=collection set, F=free, OA=open archive, CA=closed archive, TAMS=top-at-mark-start (previous, next)
|   0|0x0000000093800000, 0x0000000093900000, 0x0000000093900000|100%|HS|  |TAMS 0x0000000093800000, 0x0000000093800000| Complete 
|   1|0x0000000093900000, 0x0000000093a00000, 0x0000000093a00000|100%|HC|  |TAMS 0x0000000093900000, 0x0000000093900000| Complete 
|   2|0x0000000093a00000, 0x0000000093b00000, 0x0000000093b00000|100%|HC|  |TAMS 0x0000000093a00000, 0x0000000093a00000| Complete 
|   3|0x0000000093b00000, 0x0000000093b00000, 0x0000000093c00000|  0%| F|  |TAMS 0x0000000093b00000, 0x0000000093b00000| Untracked 
|   4|0x0000000093c00000, 0x0000000093c00000, 0x0000000093d00000|  0%| F|  |TAMS 0x0000000093c00000, 0x0000000093c00000| Untracked 
|   5|0x0000000093d00000, 0x0000000093d00000, 0x0000000093e00000|  0%| F|  |TAMS 0x0000000093d00000, 0x0000000093d00000| Untracked 
|   6|0x0000000093e00000, 0x0000000093e00000, 0x0000000093f00000|  0%| F|  |TAMS 0x0000000093e00000, 0x0000000093e00000| Untracked 
|   7|0x0000000093f00000, 0x0000000093f00000, 0x0000000094000000|  0%| F|  |TAMS 0x0000000093f00000, 0x0000000093f00000| Untracked 
|   8|0x0000000094000000, 0x0000000094000000, 0x0000000094100000|  0%| F|  |TAMS 0x0000000094000000, 0x0000000094000000| Untracked 
|   9|0x0000000094100000, 0x0000000094100000, 0x0000000094200000|  0%| F|  |TAMS 0x0000000094100000, 0x0000000094100000| Untracked 
|  10|0x0000000094200000, 0x0000000094200000, 0x0000000094300000|  0%| F|  |TAMS 0x0000000094200000, 0x0000000094200000| Untracked 
|  11|0x0000000094300000, 0x0000000094300000, 0x0000000094400000|  0%| F|  |TAMS 0x0000000094300000, 0x0000000094300000| Untracked 
|  12|0x0000000094400000, 0x0000000094400000, 0x0000000094500000|  0%| F|  |TAMS 0x0000000094400000, 0x0000000094400000| Untracked 
|  13|0x0000000094500000, 0x0000000094500000, 0x0000000094600000|  0%| F|  |TAMS 0x0000000094500000, 0x0000000094500000| Untracked 
|  14|0x0000000094600000, 0x0000000094600000, 0x0000000094700000|  0%| F|  |TAMS 0x0000000094600000, 0x0000000094600000| Untracked 
|  15|0x0000000094700000, 0x0000000094700000, 0x0000000094800000|  0%| F|  |TAMS 0x0000000094700000, 0x0000000094700000| Untracked 
|  16|0x0000000094800000, 0x0000000094800000, 0x0000000094900000|  0%| F|  |TAMS 0x0000000094800000, 0x0000000094800000| Untracked 
|  17|0x0000000094900000, 0x0000000094900000, 0x0000000094a00000|  0%| F|  |TAMS 0x0000000094900000, 0x0000000094900000| Untracked 
|  18|0x0000000094a00000, 0x0000000094a00000, 0x0000000094b00000|  0%| F|  |TAMS 0x0000000094a00000, 0x0000000094a00000| Untracked 
|  19|0x0000000094b00000, 0x0000000094b00000, 0x0000000094c00000|  0%| F|  |TAMS 0x0000000094b00000, 0x0000000094b00000| Untracked 
|  20|0x0000000094c00000, 0x0000000094c00000, 0x0000000094d00000|  0%| F|  |TAMS 0x0000000094c00000, 0x0000000094c00000| Untracked 
|  21|0x0000000094d00000, 0x0000000094d00000, 0x0000000094e00000|  0%| F|  |TAMS 0x0000000094d00000, 0x0000000094d00000| Untracked 
|  22|0x0000000094e00000, 0x0000000094e00000, 0x0000000094f00000|  0%| F|  |TAMS 0x0000000094e00000, 0x0000000094e00000| Untracked 
|  23|0x0000000094f00000, 0x0000000094f00000, 0x0000000095000000|  0%| F|  |TAMS 0x0000000094f00000, 0x0000000094f00000| Untracked 
|  24|0x0000000095000000, 0x0000000095000000, 0x0000000095100000|  0%| F|  |TAMS 0x0000000095000000, 0x0000000095000000| Untracked 
|  25|0x0000000095100000, 0x0000000095100000, 0x0000000095200000|  0%| F|  |TAMS 0x0000000095100000, 0x0000000095100000| Untracked 
|  26|0x0000000095200000, 0x0000000095200000, 0x0000000095300000|  0%| F|  |TAMS 0x0000000095200000, 0x0000000095200000| Untracked 
|  27|0x0000000095300000, 0x0000000095300000, 0x0000000095400000|  0%| F|  |TAMS 0x0000000095300000, 0x0000000095300000| Untracked 
|  28|0x0000000095400000, 0x0000000095400000, 0x0000000095500000|  0%| F|  |TAMS 0x0000000095400000, 0x0000000095400000| Untracked 
|  29|0x0000000095500000, 0x0000000095500000, 0x0000000095600000|  0%| F|  |TAMS 0x0000000095500000, 0x0000000095500000| Untracked 
|  30|0x0000000095600000, 0x0000000095600000, 0x0000000095700000|  0%| F|  |TAMS 0x0000000095600000, 0x0000000095600000| Untracked 
|  31|0x0000000095700000, 0x0000000095700000, 0x0000000095800000|  0%| F|  |TAMS 0x0000000095700000, 0x0000000095700000| Untracked 
|  32|0x0000000095800000, 0x0000000095800000, 0x0000000095900000|  0%| F|  |TAMS 0x0000000095800000, 0x0000000095800000| Untracked 
|  33|0x0000000095900000, 0x0000000095900000, 0x0000000095a00000|  0%| F|  |TAMS 0x0000000095900000, 0x0000000095900000| Untracked 
|  34|0x0000000095a00000, 0x0000000095a00000, 0x0000000095b00000|  0%| F|  |TAMS 0x0000000095a00000, 0x0000000095a00000| Untracked 
|  35|0x0000000095b00000, 0x0000000095b00000, 0x0000000095c00000|  0%| F|  |TAMS 0x0000000095b00000, 0x0000000095b00000| Untracked 
|  36|0x0000000095c00000, 0x0000000095c00000, 0x0000000095d00000|  0%| F|  |TAMS 0x0000000095c00000, 0x0000000095c00000| Untracked 
|  37|0x0000000095d00000, 0x0000000095d00000, 0x0000000095e00000|  0%| F|  |TAMS 0x0000000095d00000, 0x0000000095d00000| Untracked 
|  38|0x0000000095e00000, 0x0000000095e00000, 0x0000000095f00000|  0%| F|  |TAMS 0x0000000095e00000, 0x0000000095e00000| Untracked 
|  39|0x0000000095f00000, 0x0000000095f00000, 0x0000000096000000|  0%| F|  |TAMS 0x0000000095f00000, 0x0000000095f00000| Untracked 
|  40|0x0000000096000000, 0x0000000096000000, 0x0000000096100000|  0%| F|  |TAMS 0x0000000096000000, 0x0000000096000000| Untracked 
|  41|0x0000000096100000, 0x0000000096100000, 0x0000000096200000|  0%| F|  |TAMS 0x0000000096100000, 0x0000000096100000| Untracked 
|  42|0x0000000096200000, 0x0000000096200000, 0x0000000096300000|  0%| F|  |TAMS 0x0000000096200000, 0x0000000096200000| Untracked 
|  43|0x0000000096300000, 0x0000000096300000, 0x0000000096400000|  0%| F|  |TAMS 0x0000000096300000, 0x0000000096300000| Untracked 
|  44|0x0000000096400000, 0x0000000096400000, 0x0000000096500000|  0%| F|  |TAMS 0x0000000096400000, 0x0000000096400000| Untracked 
|  45|0x0000000096500000, 0x0000000096500000, 0x0000000096600000|  0%| F|  |TAMS 0x0000000096500000, 0x0000000096500000| Untracked 
|  46|0x0000000096600000, 0x0000000096600000, 0x0000000096700000|  0%| F|  |TAMS 0x0000000096600000, 0x0000000096600000| Untracked 
|  47|0x0000000096700000, 0x0000000096700000, 0x0000000096800000|  0%| F|  |TAMS 0x0000000096700000, 0x0000000096700000| Untracked 
|  48|0x0000000096800000, 0x0000000096800000, 0x0000000096900000|  0%| F|  |TAMS 0x0000000096800000, 0x0000000096800000| Untracked 
|  49|0x0000000096900000, 0x0000000096900000, 0x0000000096a00000|  0%| F|  |TAMS 0x0000000096900000, 0x0000000096900000| Untracked 
|  50|0x0000000096a00000, 0x0000000096a00000, 0x0000000096b00000|  0%| F|  |TAMS 0x0000000096a00000, 0x0000000096a00000| Untracked 
|  51|0x0000000096b00000, 0x0000000096b00000, 0x0000000096c00000|  0%| F|  |TAMS 0x0000000096b00000, 0x0000000096b00000| Untracked 
|  52|0x0000000096c00000, 0x0000000096c00000, 0x0000000096d00000|  0%| F|  |TAMS 0x0000000096c00000, 0x0000000096c00000| Untracked 
|  53|0x0000000096d00000, 0x0000000096d00000, 0x0000000096e00000|  0%| F|  |TAMS 0x0000000096d00000, 0x0000000096d00000| Untracked 
|  54|0x0000000096e00000, 0x0000000096e00000, 0x0000000096f00000|  0%| F|  |TAMS 0x0000000096e00000, 0x0000000096e00000| Untracked 
|  55|0x0000000096f00000, 0x0000000096f00000, 0x0000000097000000|  0%| F|  |TAMS 0x0000000096f00000, 0x0000000096f00000| Untracked 
|  56|0x0000000097000000, 0x0000000097000000, 0x0000000097100000|  0%| F|  |TAMS 0x0000000097000000, 0x0000000097000000| Untracked 
|  57|0x0000000097100000, 0x0000000097100000, 0x0000000097200000|  0%| F|  |TAMS 0x0000000097100000, 0x0000000097100000| Untracked 
|  58|0x0000000097200000, 0x0000000097200000, 0x0000000097300000|  0%| F|  |TAMS 0x0000000097200000, 0x0000000097200000| Untracked 
|  59|0x0000000097300000, 0x0000000097300000, 0x0000000097400000|  0%| F|  |TAMS 0x0000000097300000, 0x0000000097300000| Untracked 
|  60|0x0000000097400000, 0x0000000097400000, 0x0000000097500000|  0%| F|  |TAMS 0x0000000097400000, 0x0000000097400000| Untracked 
|  61|0x0000000097500000, 0x0000000097500000, 0x0000000097600000|  0%| F|  |TAMS 0x0000000097500000, 0x0000000097500000| Untracked 
|  62|0x0000000097600000, 0x0000000097600000, 0x0000000097700000|  0%| F|  |TAMS 0x0000000097600000, 0x0000000097600000| Untracked 
|  63|0x0000000097700000, 0x0000000097700000, 0x0000000097800000|  0%| F|  |TAMS 0x0000000097700000, 0x0000000097700000| Untracked 
|  64|0x0000000097800000, 0x0000000097800000, 0x0000000097900000|  0%| F|  |TAMS 0x0000000097800000, 0x0000000097800000| Untracked 
|  65|0x0000000097900000, 0x0000000097900000, 0x0000000097a00000|  0%| F|  |TAMS 0x0000000097900000, 0x0000000097900000| Untracked 
|  66|0x0000000097a00000, 0x0000000097a00000, 0x0000000097b00000|  0%| F|  |TAMS 0x0000000097a00000, 0x0000000097a00000| Untracked 
|  67|0x0000000097b00000, 0x0000000097b00000, 0x0000000097c00000|  0%| F|  |TAMS 0x0000000097b00000, 0x0000000097b00000| Untracked 
|  68|0x0000000097c00000, 0x0000000097c00000, 0x0000000097d00000|  0%| F|  |TAMS 0x0000000097c00000, 0x0000000097c00000| Untracked 
|  69|0x0000000097d00000, 0x0000000097d00000, 0x0000000097e00000|  0%| F|  |TAMS 0x0000000097d00000, 0x0000000097d00000| Untracked 
|  70|0x0000000097e00000, 0x0000000097e00000, 0x0000000097f00000|  0%| F|  |TAMS 0x0000000097e00000, 0x0000000097e00000| Untracked 
|  71|0x0000000097f00000, 0x0000000097f00000, 0x0000000098000000|  0%| F|  |TAMS 0x0000000097f00000, 0x0000000097f00000| Untracked 
|  72|0x0000000098000000, 0x0000000098000000, 0x0000000098100000|  0%| F|  |TAMS 0x0000000098000000, 0x0000000098000000| Untracked 
|  73|0x0000000098100000, 0x0000000098100000, 0x0000000098200000|  0%| F|  |TAMS 0x0000000098100000, 0x0000000098100000| Untracked 
|  74|0x0000000098200000, 0x0000000098200000, 0x0000000098300000|  0%| F|  |TAMS 0x0000000098200000, 0x0000000098200000| Untracked 
|  75|0x0000000098300000, 0x0000000098300000, 0x0000000098400000|  0%| F|  |TAMS 0x0000000098300000, 0x0000000098300000| Untracked 
|  76|0x0000000098400000, 0x0000000098400000, 0x0000000098500000|  0%| F|  |TAMS 0x0000000098400000, 0x0000000098400000| Untracked 
|  77|0x0000000098500000, 0x0000000098500000, 0x0000000098600000|  0%| F|  |TAMS 0x0000000098500000, 0x0000000098500000| Untracked 
|  78|0x0000000098600000, 0x0000000098600000, 0x0000000098700000|  0%| F|  |TAMS 0x0000000098600000, 0x0000000098600000| Untracked 
|  79|0x0000000098700000, 0x0000000098700000, 0x0000000098800000|  0%| F|  |TAMS 0x0000000098700000, 0x0000000098700000| Untracked 
|  80|0x0000000098800000, 0x0000000098800000, 0x0000000098900000|  0%| F|  |TAMS 0x0000000098800000, 0x0000000098800000| Untracked 
|  81|0x0000000098900000, 0x0000000098900000, 0x0000000098a00000|  0%| F|  |TAMS 0x0000000098900000, 0x0000000098900000| Untracked 
|  82|0x0000000098a00000, 0x0000000098a00000, 0x0000000098b00000|  0%| F|  |TAMS 0x0000000098a00000, 0x0000000098a00000| Untracked 
|  83|0x0000000098b00000, 0x0000000098b00000, 0x0000000098c00000|  0%| F|  |TAMS 0x0000000098b00000, 0x0000000098b00000| Untracked 
|  84|0x0000000098c00000, 0x0000000098ca0000, 0x0000000098d00000| 62%| S|CS|TAMS 0x0000000098c00000, 0x0000000098c00000| Complete 
|  85|0x0000000098d00000, 0x0000000098e00000, 0x0000000098e00000|100%| S|CS|TAMS 0x0000000098d00000, 0x0000000098d00000| Complete 
|  86|0x0000000098e00000, 0x0000000098f00000, 0x0000000098f00000|100%| S|CS|TAMS 0x0000000098e00000, 0x0000000098e00000| Complete 
|  87|0x0000000098f00000, 0x0000000098f00000, 0x0000000099000000|  0%| F|  |TAMS 0x0000000098f00000, 0x0000000098f00000| Untracked 
|  88|0x0000000099000000, 0x0000000099000000, 0x0000000099100000|  0%| F|  |TAMS 0x0000000099000000, 0x0000000099000000| Untracked 
|  89|0x0000000099100000, 0x0000000099100000, 0x0000000099200000|  0%| F|  |TAMS 0x0000000099100000, 0x0000000099100000| Untracked 
|  90|0x0000000099200000, 0x0000000099200000, 0x0000000099300000|  0%| F|  |TAMS 0x0000000099200000, 0x0000000099200000| Untracked 
|  91|0x0000000099300000, 0x0000000099300000, 0x0000000099400000|  0%| F|  |TAMS 0x0000000099300000, 0x0000000099300000| Untracked 
|  92|0x0000000099400000, 0x0000000099400000, 0x0000000099500000|  0%| F|  |TAMS 0x0000000099400000, 0x0000000099400000| Untracked 
|  93|0x0000000099500000, 0x0000000099500000, 0x0000000099600000|  0%| F|  |TAMS 0x0000000099500000, 0x0000000099500000| Untracked 
|  94|0x0000000099600000, 0x0000000099600000, 0x0000000099700000|  0%| F|  |TAMS 0x0000000099600000, 0x0000000099600000| Untracked 
|  95|0x0000000099700000, 0x0000000099700000, 0x0000000099800000|  0%| F|  |TAMS 0x0000000099700000, 0x0000000099700000| Untracked 
|  96|0x0000000099800000, 0x0000000099800000, 0x0000000099900000|  0%| F|  |TAMS 0x0000000099800000, 0x0000000099800000| Untracked 
|  97|0x0000000099900000, 0x0000000099900000, 0x0000000099a00000|  0%| F|  |TAMS 0x0000000099900000, 0x0000000099900000| Untracked 
|  98|0x0000000099a00000, 0x0000000099a00000, 0x0000000099b00000|  0%| F|  |TAMS 0x0000000099a00000, 0x0000000099a00000| Untracked 
|  99|0x0000000099b00000, 0x0000000099b00000, 0x0000000099c00000|  0%| F|  |TAMS 0x0000000099b00000, 0x0000000099b00000| Untracked 
| 100|0x0000000099c00000, 0x0000000099c00000, 0x0000000099d00000|  0%| F|  |TAMS 0x0000000099c00000, 0x0000000099c00000| Untracked 
| 101|0x0000000099d00000, 0x0000000099d00000, 0x0000000099e00000|  0%| F|  |TAMS 0x0000000099d00000, 0x0000000099d00000| Untracked 
| 102|0x0000000099e00000, 0x0000000099e00000, 0x0000000099f00000|  0%| F|  |TAMS 0x0000000099e00000, 0x0000000099e00000| Untracked 
| 103|0x0000000099f00000, 0x0000000099f00000, 0x000000009a000000|  0%| F|  |TAMS 0x0000000099f00000, 0x0000000099f00000| Untracked 
| 104|0x000000009a000000, 0x000000009a100000, 0x000000009a100000|100%| E|  |TAMS 0x000000009a000000, 0x000000009a000000| Complete 
| 105|0x000000009a100000, 0x000000009a200000, 0x000000009a200000|100%| E|CS|TAMS 0x000000009a100000, 0x000000009a100000| Complete 
| 106|0x000000009a200000, 0x000000009a300000, 0x000000009a300000|100%| E|CS|TAMS 0x000000009a200000, 0x000000009a200000| Complete 
| 107|0x000000009a300000, 0x000000009a400000, 0x000000009a400000|100%| E|CS|TAMS 0x000000009a300000, 0x000000009a300000| Complete 
| 108|0x000000009a400000, 0x000000009a500000, 0x000000009a500000|100%| E|CS|TAMS 0x000000009a400000, 0x000000009a400000| Complete 
| 109|0x000000009a500000, 0x000000009a600000, 0x000000009a600000|100%| E|CS|TAMS 0x000000009a500000, 0x000000009a500000| Complete 
|1734|0x00000000ffe00000, 0x00000000ffe76000, 0x00000000fff00000| 46%|OA|  |TAMS 0x00000000ffe00000, 0x00000000ffe00000| Untracked 
|1735|0x00000000fff00000, 0x00000000fff82000, 0x0000000100000000| 50%|CA|  |TAMS 0x00000000fff00000, 0x00000000fff00000| Untracked 

Card table byte_map: [0x00007f2ce1631000,0x00007f2ce1995000] _byte_map_base: 0x00007f2ce1195000

Marking Bits (Prev, Next): (CMBitMap*) 0x00007f2cdc078b40, (CMBitMap*) 0x00007f2cdc078b80
 Prev Bits: [0x00007f2cc3970000, 0x00007f2cc5490000)
 Next Bits: [0x00007f2cc1e50000, 0x00007f2cc3970000)

Polling page: 0x00007f2ce4947000

Metaspace:

Usage:
  Non-class:      6.95 MB used.
      Class:    842.53 KB used.
       Both:      7.77 MB used.

Virtual space:
  Non-class space:       16.00 MB reserved,       7.00 MB ( 44%) committed,  2 nodes.
      Class space:        1.00 GB reserved,     896.00 KB ( <1%) committed,  1 nodes.
             Both:        1.02 GB reserved,       7.88 MB ( <1%) committed. 

Chunk freelists:
   Non-Class:  2.58 MB
       Class:  3.08 MB
        Both:  5.66 MB

MaxMetaspaceSize: unlimited
CompressedClassSpaceSize: 1.00 GB
Initial GC threshold: 21.00 MB
Current GC threshold: 21.00 MB
CDS: on
MetaspaceReclaimPolicy: balanced
 - commit_granule_bytes: 65536.
 - commit_granule_words: 8192.
 - virtual_space_node_default_size: 1048576.
 - enlarge_chunks_in_place: 1.
 - new_chunks_are_fully_committed: 0.
 - uncommit_free_chunks: 1.
 - use_allocation_guard: 0.
 - handle_deallocations: 1.


Internal statistics:

num_allocs_failed_limit: 0.
num_arena_births: 6.
num_arena_deaths: 0.
num_vsnodes_births: 3.
num_vsnodes_deaths: 0.
num_space_committed: 126.
num_space_uncommitted: 0.
num_chunks_returned_to_freelist: 0.
num_chunks_taken_from_freelist: 214.
num_chunk_merges: 0.
num_chunk_splits: 199.
num_chunks_enlarged: 196.
num_purges: 0.
num_inconsistent_stats: 0.

CodeHeap 'non-profiled nmethods': size=120028Kb used=256Kb max_used=256Kb free=119771Kb
 bounds [0x00007f2cccf59000, 0x00007f2ccd1c9000, 0x00007f2cd4490000]
CodeHeap 'profiled nmethods': size=120028Kb used=1617Kb max_used=1617Kb free=118410Kb
 bounds [0x00007f2cc5a22000, 0x00007f2cc5c92000, 0x00007f2cccf59000]
CodeHeap 'non-nmethods': size=5704Kb used=1150Kb max_used=1166Kb free=4553Kb
 bounds [0x00007f2cc5490000, 0x00007f2cc5700000, 0x00007f2cc5a22000]
 total_blobs=1367 nmethods=925 adapters=356
 compilation: enabled
              stopped_count=0, restarted_count=0
 full_count=0

Compilation events (20 events):
Event: 0.790 Thread 0x00007f2cdc131590 nmethod 915 0x00007f2cc5baed90 code [0x00007f2cc5baf1a0, 0x00007f2cc5bb0970]
Event: 0.790 Thread 0x00007f2cdc131590  919       3       java.util.Collections$SingletonList::iterator (8 bytes)
Event: 0.790 Thread 0x00007f2cdc131590 nmethod 919 0x00007f2cc5bb1210 code [0x00007f2cc5bb13c0, 0x00007f2cc5bb1690]
Event: 0.790 Thread 0x00007f2cdc131590  916       3       kotlin.reflect.jvm.internal.impl.incremental.UtilsKt::recordPackageLookup (98 bytes)
Event: 0.792 Thread 0x00007f2cdc131590 nmethod 916 0x00007f2cc5bb1790 code [0x00007f2cc5bb1b20, 0x00007f2cc5bb2ff0]
Event: 0.792 Thread 0x00007f2cdc131590  921       3       java.util.concurrent.locks.ReentrantLock$NonfairSync::initialTryLock (58 bytes)
Event: 0.792 Thread 0x00007f2cdc131590 nmethod 921 0x00007f2cc5bb3790 code [0x00007f2cc5bb3980, 0x00007f2cc5bb3d90]
Event: 0.792 Thread 0x00007f2cdc131590  922       3       java.util.concurrent.locks.AbstractQueuedSynchronizer::compareAndSetState (13 bytes)
Event: 0.792 Thread 0x00007f2cdc131590 nmethod 922 0x00007f2cc5bb3e90 code [0x00007f2cc5bb4020, 0x00007f2cc5bb4150]
Event: 0.792 Thread 0x00007f2cdc131590  923       3       kotlin.reflect.jvm.internal.impl.storage.DefaultSimpleLock::unlock (10 bytes)
Event: 0.793 Thread 0x00007f2cdc131590 nmethod 923 0x00007f2cc5bb4210 code [0x00007f2cc5bb43e0, 0x00007f2cc5bb47d0]
Event: 0.793 Thread 0x00007f2cdc131590  924       3       java.util.concurrent.locks.ReentrantLock::unlock (10 bytes)
Event: 0.793 Thread 0x00007f2cdc131590 nmethod 924 0x00007f2cc5bb4990 code [0x00007f2cc5bb4b60, 0x00007f2cc5bb4e30]
Event: 0.793 Thread 0x00007f2cdc131590  925       3       java.util.concurrent.locks.AbstractQueuedSynchronizer::release (19 bytes)
Event: 0.793 Thread 0x00007f2cdc131590 nmethod 925 0x00007f2cc5bb4f10 code [0x00007f2cc5bb5100, 0x00007f2cc5bb5520]
Event: 0.793 Thread 0x00007f2cdc131590  926       3       java.util.concurrent.locks.ReentrantLock$Sync::tryRelease (51 bytes)
Event: 0.794 Thread 0x00007f2cdc131590 nmethod 926 0x00007f2cc5bb5710 code [0x00007f2cc5bb58e0, 0x00007f2cc5bb5c80]
Event: 0.794 Thread 0x00007f2cdc131590  918       3       kotlin.reflect.jvm.internal.impl.name.Name::equals (52 bytes)
Event: 0.794 Thread 0x00007f2cdc131590 nmethod 918 0x00007f2cc5bb5d90 code [0x00007f2cc5bb5f80, 0x00007f2cc5bb6460]
Event: 0.794 Thread 0x00007f2cdc131590  912       3       kotlin.reflect.jvm.internal.impl.descriptors.FindClassInModuleKt::findClassifierAcrossModuleDependencies (746 bytes)

GC Heap History (2 events):
Event: 0.639 GC heap before
{Heap before GC invocations=0 (full 0):
 garbage-first heap   total 114688K, used 27616K [0x0000000093800000, 0x0000000100000000)
  region size 1024K, 23 young (23552K), 0 survivors (0K)
 Metaspace       used 7101K, committed 7168K, reserved 1064960K
  class space    used 733K, committed 768K, reserved 1048576K
}
Event: 0.645 GC heap after
{Heap after GC invocations=1 (full 0):
 garbage-first heap   total 114688K, used 6752K [0x0000000093800000, 0x0000000100000000)
  region size 1024K, 3 young (3072K), 3 survivors (3072K)
 Metaspace       used 7101K, committed 7168K, reserved 1064960K
  class space    used 733K, committed 768K, reserved 1048576K
}

Deoptimization events (20 events):
Event: 0.146 Thread 0x00007f2cdc0244e0 Uncommon trap: trap_request=0xffffff45 fr.pc=0x00007f2cccf5b2b8 relative=0x0000000000000658
Event: 0.146 Thread 0x00007f2cdc0244e0 Uncommon trap: reason=unstable_if action=reinterpret pc=0x00007f2cccf5b2b8 method=java.util.zip.ZipFile$Source.checkAndAddEntry(II)I @ 50 c2
Event: 0.146 Thread 0x00007f2cdc0244e0 DEOPT PACKING pc=0x00007f2cccf5b2b8 sp=0x00007f2ce43f2310
Event: 0.146 Thread 0x00007f2cdc0244e0 DEOPT UNPACKING pc=0x00007f2cc54e2099 sp=0x00007f2ce43f22a8 mode 2
Event: 0.234 Thread 0x00007f2cdc0244e0 DEOPT PACKING pc=0x00007f2cc5a333da sp=0x00007f2ce43f3810
Event: 0.234 Thread 0x00007f2cdc0244e0 DEOPT UNPACKING pc=0x00007f2cc54e282f sp=0x00007f2ce43f2c50 mode 0
Event: 0.274 Thread 0x00007f2cdc0244e0 DEOPT PACKING pc=0x00007f2cc5a2c1ce sp=0x00007f2ce43f36e0
Event: 0.274 Thread 0x00007f2cdc0244e0 DEOPT UNPACKING pc=0x00007f2cc54e282f sp=0x00007f2ce43f2b78 mode 0
Event: 0.507 Thread 0x00007f2cdc0244e0 DEOPT PACKING pc=0x00007f2cc5a9913f sp=0x00007f2ce43f2700
Event: 0.507 Thread 0x00007f2cdc0244e0 DEOPT UNPACKING pc=0x00007f2cc54e282f sp=0x00007f2ce43f1b80 mode 0
Event: 0.524 Thread 0x00007f2cdc0244e0 DEOPT PACKING pc=0x00007f2cc5a4586e sp=0x00007f2ce43f1b90
Event: 0.524 Thread 0x00007f2cdc0244e0 DEOPT UNPACKING pc=0x00007f2cc54e282f sp=0x00007f2ce43f1000 mode 0
Event: 0.559 Thread 0x00007f2cdc0244e0 DEOPT PACKING pc=0x00007f2cc5a3a2d5 sp=0x00007f2ce43f2710
Event: 0.559 Thread 0x00007f2cdc0244e0 DEOPT UNPACKING pc=0x00007f2cc54e282f sp=0x00007f2ce43f1bb8 mode 0
Event: 0.566 Thread 0x00007f2cdc0244e0 DEOPT PACKING pc=0x00007f2cc5a663a8 sp=0x00007f2ce43f20f0
Event: 0.566 Thread 0x00007f2cdc0244e0 DEOPT UNPACKING pc=0x00007f2cc54e282f sp=0x00007f2ce43f1628 mode 0
Event: 0.667 Thread 0x00007f2cdc0244e0 Uncommon trap: trap_request=0xffffff45 fr.pc=0x00007f2cccf81984 relative=0x00000000000001e4
Event: 0.667 Thread 0x00007f2cdc0244e0 Uncommon trap: reason=unstable_if action=reinterpret pc=0x00007f2cccf81984 method=kotlin.reflect.jvm.internal.impl.protobuf.CodedInputStream.readRawVarint32()I @ 10 c2
Event: 0.667 Thread 0x00007f2cdc0244e0 DEOPT PACKING pc=0x00007f2cccf81984 sp=0x00007f2ce43f07c0
Event: 0.667 Thread 0x00007f2cdc0244e0 DEOPT UNPACKING pc=0x00007f2cc54e2099 sp=0x00007f2ce43f0760 mode 2

Classes unloaded (0 events):
No events

Classes redefined (0 events):
No events

Internal exceptions (2 events):
Event: 0.194 Thread 0x00007f2cdc0244e0 Exception <a 'java/lang/UnsatisfiedLinkError'{0x000000009a14f1a0}: 'void org.jetbrains.kotlin.org.fusesource.jansi.internal.CLibrary.init()'> (0x000000009a14f1a0) 
thrown [src/hotspot/share/prims/nativeLookup.cpp, line 543]
Event: 0.194 Thread 0x00007f2cdc0244e0 Exception <a 'java/lang/UnsatisfiedLinkError'{0x000000009a14f1a0}> (0x000000009a14f1a0) 
thrown [src/hotspot/share/oops/instanceKlass.cpp, line 1166]

VM Operations (4 events):
Event: 0.639 Executing VM operation: G1CollectForAllocation
Event: 0.645 Executing VM operation: G1CollectForAllocation done
Event: 0.672 Executing VM operation: HandshakeAllThreads
Event: 0.672 Executing VM operation: HandshakeAllThreads done

Events (20 events):
Event: 0.606 loading class jdk/internal/reflect/UnsafeQualifiedStaticFieldAccessorImpl done
Event: 0.606 loading class jdk/internal/reflect/UnsafeQualifiedStaticObjectFieldAccessorImpl done
Event: 0.631 loading class sun/reflect/generics/repository/ClassRepository
Event: 0.631 loading class sun/reflect/generics/repository/GenericDeclRepository
Event: 0.631 loading class sun/reflect/generics/repository/AbstractRepository
Event: 0.631 loading class sun/reflect/generics/repository/AbstractRepository done
Event: 0.631 loading class sun/reflect/generics/repository/GenericDeclRepository done
Event: 0.631 loading class sun/reflect/generics/repository/ClassRepository done
Event: 0.631 loading class sun/reflect/generics/tree/FormalTypeParameter
Event: 0.632 loading class sun/reflect/generics/tree/FormalTypeParameter done
Event: 0.632 loading class sun/reflect/generics/tree/ClassSignature
Event: 0.632 loading class sun/reflect/generics/tree/Signature
Event: 0.632 loading class sun/reflect/generics/tree/Signature done
Event: 0.632 loading class sun/reflect/generics/tree/ClassSignature done
Event: 0.632 loading class java/lang/reflect/TypeVariable
Event: 0.632 loading class java/lang/reflect/TypeVariable done
Event: 0.673 loading class java/util/LinkedList$ListItr
Event: 0.673 loading class java/util/LinkedList$ListItr done
Event: 0.689 loading class java/lang/reflect/ParameterizedType
Event: 0.689 loading class java/lang/reflect/ParameterizedType done


Dynamic libraries:
93800000-9a600000 rw-p 00000000 00:00 0 
9a600000-ffe00000 ---p 00000000 00:00 0 
ffe00000-ffe76000 rw-p 00c99000 103:03 4205032                           /home/zzigor/.jdks/corretto-17.0.3/lib/server/classes.jsa
ffe76000-fff00000 rw-p 00000000 00:00 0 
fff00000-fff82000 rw-p 00c17000 103:03 4205032                           /home/zzigor/.jdks/corretto-17.0.3/lib/server/classes.jsa
fff82000-100000000 rw-p 00000000 00:00 0 
800000000-800457000 rw-p 00001000 103:03 4205032                         /home/zzigor/.jdks/corretto-17.0.3/lib/server/classes.jsa
800457000-800bde000 r--p 00458000 103:03 4205032                         /home/zzigor/.jdks/corretto-17.0.3/lib/server/classes.jsa
800bde000-800c00000 ---p 00000000 00:00 0 
800c00000-800c40000 rw-p 00000000 00:00 0 
800c40000-800c70000 rw-p 00000000 00:00 0 
800c70000-800c80000 ---p 00000000 00:00 0 
800c80000-800cf0000 rw-p 00000000 00:00 0 
800cf0000-840c00000 ---p 00000000 00:00 0 
555b17600000-555b17601000 r-xp 00000000 103:03 4859709                   /home/zzigor/.jdks/corretto-17.0.3/bin/java
555b17801000-555b17802000 r--p 00001000 103:03 4859709                   /home/zzigor/.jdks/corretto-17.0.3/bin/java
555b17802000-555b17803000 rw-p 00002000 103:03 4859709                   /home/zzigor/.jdks/corretto-17.0.3/bin/java
555b18ad1000-555b18af2000 rw-p 00000000 00:00 0                          [heap]
7f2c6c000000-7f2c6c021000 rw-p 00000000 00:00 0 
7f2c6c021000-7f2c70000000 ---p 00000000 00:00 0 
7f2c70000000-7f2c70021000 rw-p 00000000 00:00 0 
7f2c70021000-7f2c74000000 ---p 00000000 00:00 0 
7f2c74000000-7f2c74021000 rw-p 00000000 00:00 0 
7f2c74021000-7f2c78000000 ---p 00000000 00:00 0 
7f2c78000000-7f2c78021000 rw-p 00000000 00:00 0 
7f2c78021000-7f2c7c000000 ---p 00000000 00:00 0 
7f2c7c000000-7f2c7c021000 rw-p 00000000 00:00 0 
7f2c7c021000-7f2c80000000 ---p 00000000 00:00 0 
7f2c80000000-7f2c80021000 rw-p 00000000 00:00 0 
7f2c80021000-7f2c84000000 ---p 00000000 00:00 0 
7f2c84000000-7f2c841d6000 rw-p 00000000 00:00 0 
7f2c841d6000-7f2c88000000 ---p 00000000 00:00 0 
7f2c88000000-7f2c88021000 rw-p 00000000 00:00 0 
7f2c88021000-7f2c8c000000 ---p 00000000 00:00 0 
7f2c8c000000-7f2c8c021000 rw-p 00000000 00:00 0 
7f2c8c021000-7f2c90000000 ---p 00000000 00:00 0 
7f2c90000000-7f2c9029a000 rw-p 00000000 00:00 0 
7f2c9029a000-7f2c94000000 ---p 00000000 00:00 0 
7f2c94000000-7f2c94021000 rw-p 00000000 00:00 0 
7f2c94021000-7f2c98000000 ---p 00000000 00:00 0 
7f2c98000000-7f2c98021000 rw-p 00000000 00:00 0 
7f2c98021000-7f2c9c000000 ---p 00000000 00:00 0 
7f2c9c000000-7f2c9c021000 rw-p 00000000 00:00 0 
7f2c9c021000-7f2ca0000000 ---p 00000000 00:00 0 
7f2ca0000000-7f2ca0021000 rw-p 00000000 00:00 0 
7f2ca0021000-7f2ca4000000 ---p 00000000 00:00 0 
7f2ca4000000-7f2ca4021000 rw-p 00000000 00:00 0 
7f2ca4021000-7f2ca8000000 ---p 00000000 00:00 0 
7f2ca8000000-7f2ca8021000 rw-p 00000000 00:00 0 
7f2ca8021000-7f2cac000000 ---p 00000000 00:00 0 
7f2cac000000-7f2cac021000 rw-p 00000000 00:00 0 
7f2cac021000-7f2cb0000000 ---p 00000000 00:00 0 
7f2cb096b000-7f2cb0d70000 rw-p 00000000 00:00 0 
7f2cb0d70000-7f2cb1400000 ---p 00000000 00:00 0 
7f2cb1400000-7f2cb1403000 r-xp 00000000 00:20 249                        /tmp/libjansi-1.5.10-release-890 (1.5.10)-2858185180034627891.so
7f2cb1403000-7f2cb1602000 ---p 00003000 00:20 249                        /tmp/libjansi-1.5.10-release-890 (1.5.10)-2858185180034627891.so
7f2cb1602000-7f2cb1603000 rw-p 00002000 00:20 249                        /tmp/libjansi-1.5.10-release-890 (1.5.10)-2858185180034627891.so
7f2cb1800000-7f2cb180d000 r-xp 00000000 103:03 4205021                   /home/zzigor/.jdks/corretto-17.0.3/lib/libverify.so
7f2cb180d000-7f2cb1a0c000 ---p 0000d000 103:03 4205021                   /home/zzigor/.jdks/corretto-17.0.3/lib/libverify.so
7f2cb1a0c000-7f2cb1a0e000 r--p 0000c000 103:03 4205021                   /home/zzigor/.jdks/corretto-17.0.3/lib/libverify.so
7f2cb1a0e000-7f2cb1a0f000 rw-p 00000000 00:00 0 
7f2cb1aaa000-7f2cb1c00000 rw-p 00000000 00:00 0 
7f2cb1c00000-7f2cb1c1a000 r-xp 00000000 103:03 4205022                   /home/zzigor/.jdks/corretto-17.0.3/lib/libzip.so
7f2cb1c1a000-7f2cb1e1a000 ---p 0001a000 103:03 4205022                   /home/zzigor/.jdks/corretto-17.0.3/lib/libzip.so
7f2cb1e1a000-7f2cb1e1b000 r--p 0001a000 103:03 4205022                   /home/zzigor/.jdks/corretto-17.0.3/lib/libzip.so
7f2cb1e1b000-7f2cb1e1c000 rw-p 00000000 00:00 0 
7f2cb1efe000-7f2cb1eff000 ---p 00000000 00:00 0 
7f2cb1eff000-7f2cb4000000 rw-p 00000000 00:00 0 
7f2cb4000000-7f2cb4021000 rw-p 00000000 00:00 0 
7f2cb4021000-7f2cb8000000 ---p 00000000 00:00 0 
7f2cb8000000-7f2cb8021000 rw-p 00000000 00:00 0 
7f2cb8021000-7f2cbc000000 ---p 00000000 00:00 0 
7f2cbc000000-7f2cbc021000 rw-p 00000000 00:00 0 
7f2cbc021000-7f2cc0000000 ---p 00000000 00:00 0 
7f2cc00fe000-7f2cc00ff000 ---p 00000000 00:00 0 
7f2cc00ff000-7f2cc0200000 rw-p 00000000 00:00 0 
7f2cc0200000-7f2cc0214000 r-xp 00000000 103:03 4205019                   /home/zzigor/.jdks/corretto-17.0.3/lib/libnet.so
7f2cc0214000-7f2cc0414000 ---p 00014000 103:03 4205019                   /home/zzigor/.jdks/corretto-17.0.3/lib/libnet.so
7f2cc0414000-7f2cc0415000 r--p 00014000 103:03 4205019                   /home/zzigor/.jdks/corretto-17.0.3/lib/libnet.so
7f2cc0415000-7f2cc0416000 rw-p 00015000 103:03 4205019                   /home/zzigor/.jdks/corretto-17.0.3/lib/libnet.so
7f2cc04fe000-7f2cc04ff000 ---p 00000000 00:00 0 
7f2cc04ff000-7f2cc0600000 rw-p 00000000 00:00 0 
7f2cc0600000-7f2cc0612000 r-xp 00000000 103:03 4205020                   /home/zzigor/.jdks/corretto-17.0.3/lib/libnio.so
7f2cc0612000-7f2cc0811000 ---p 00012000 103:03 4205020                   /home/zzigor/.jdks/corretto-17.0.3/lib/libnio.so
7f2cc0811000-7f2cc0812000 r--p 00011000 103:03 4205020                   /home/zzigor/.jdks/corretto-17.0.3/lib/libnio.so
7f2cc0812000-7f2cc0813000 rw-p 00012000 103:03 4205020                   /home/zzigor/.jdks/corretto-17.0.3/lib/libnio.so
7f2cc0815000-7f2cc0819000 ---p 00000000 00:00 0 
7f2cc0819000-7f2cc0915000 rw-p 00000000 00:00 0 
7f2cc0915000-7f2cc0916000 ---p 00000000 00:00 0 
7f2cc0916000-7f2cc0a17000 rw-p 00000000 00:00 0 
7f2cc0a17000-7f2cc0a1b000 ---p 00000000 00:00 0 
7f2cc0a1b000-7f2cc0b17000 rw-p 00000000 00:00 0 
7f2cc0b17000-7f2cc0b1b000 ---p 00000000 00:00 0 
7f2cc0b1b000-7f2cc0c17000 rw-p 00000000 00:00 0 
7f2cc0c17000-7f2cc0c1b000 ---p 00000000 00:00 0 
7f2cc0c1b000-7f2cc0d17000 rw-p 00000000 00:00 0 
7f2cc0d17000-7f2cc0d1b000 ---p 00000000 00:00 0 
7f2cc0d1b000-7f2cc0e17000 rw-p 00000000 00:00 0 
7f2cc0e17000-7f2cc0e1b000 ---p 00000000 00:00 0 
7f2cc0e1b000-7f2cc0f17000 rw-p 00000000 00:00 0 
7f2cc0f17000-7f2cc0f1b000 ---p 00000000 00:00 0 
7f2cc0f1b000-7f2cc1017000 rw-p 00000000 00:00 0 
7f2cc1017000-7f2cc101b000 ---p 00000000 00:00 0 
7f2cc101b000-7f2cc1117000 rw-p 00000000 00:00 0 
7f2cc1117000-7f2cc1400000 r--p 00000000 103:03 3549241                   /usr/lib/locale/locale-archive
7f2cc1400000-7f2cc1590000 rw-p 00000000 00:00 0 
7f2cc1590000-7f2cc1800000 ---p 00000000 00:00 0 
7f2cc1800000-7f2cc1c00000 rw-p 00000000 00:00 0 
7f2cc1c50000-7f2cc1c54000 ---p 00000000 00:00 0 
7f2cc1c54000-7f2cc1d50000 rw-p 00000000 00:00 0 
7f2cc1d50000-7f2cc1d54000 ---p 00000000 00:00 0 
7f2cc1d54000-7f2cc2008000 rw-p 00000000 00:00 0 
7f2cc2008000-7f2cc3968000 ---p 00000000 00:00 0 
7f2cc3968000-7f2cc3b28000 rw-p 00000000 00:00 0 
7f2cc3b28000-7f2cc5488000 ---p 00000000 00:00 0 
7f2cc5488000-7f2cc5490000 rw-p 00000000 00:00 0 
7f2cc5490000-7f2cc5700000 rwxp 00000000 00:00 0 
7f2cc5700000-7f2cc5a22000 ---p 00000000 00:00 0 
7f2cc5a22000-7f2cc5c92000 rwxp 00000000 00:00 0 
7f2cc5c92000-7f2cccf59000 ---p 00000000 00:00 0 
7f2cccf59000-7f2ccd1c9000 rwxp 00000000 00:00 0 
7f2ccd1c9000-7f2cd4490000 ---p 00000000 00:00 0 
7f2cd4490000-7f2cdc000000 r--s 00000000 103:03 4205009                   /home/zzigor/.jdks/corretto-17.0.3/lib/modules
7f2cdc000000-7f2cdc4b6000 rw-p 00000000 00:00 0 
7f2cdc4b6000-7f2ce0000000 ---p 00000000 00:00 0 
7f2ce00fe000-7f2ce00ff000 ---p 00000000 00:00 0 
7f2ce00ff000-7f2ce0200000 rw-p 00000000 00:00 0 
7f2ce0200000-7f2ce02ce000 r-xp 00000000 103:03 4205058                   /home/zzigor/.jdks/corretto-17.0.3/lib/libjsvml.so
7f2ce02ce000-7f2ce04cd000 ---p 000ce000 103:03 4205058                   /home/zzigor/.jdks/corretto-17.0.3/lib/libjsvml.so
7f2ce04cd000-7f2ce04ce000 r--p 000cd000 103:03 4205058                   /home/zzigor/.jdks/corretto-17.0.3/lib/libjsvml.so
7f2ce04ce000-7f2ce04cf000 rw-p 000ce000 103:03 4205058                   /home/zzigor/.jdks/corretto-17.0.3/lib/libjsvml.so
7f2ce053a000-7f2ce05bb000 rw-p 00000000 00:00 0 
7f2ce05bb000-7f2ce05bc000 ---p 00000000 00:00 0 
7f2ce05bc000-7f2ce06bd000 rw-p 00000000 00:00 0 
7f2ce06bd000-7f2ce06be000 ---p 00000000 00:00 0 
7f2ce06be000-7f2ce0fc7000 rw-p 00000000 00:00 0 
7f2ce0fc7000-7f2ce0fc8000 ---p 00000000 00:00 0 
7f2ce0fc8000-7f2ce10c9000 rw-p 00000000 00:00 0 
7f2ce10c9000-7f2ce10ca000 ---p 00000000 00:00 0 
7f2ce10ca000-7f2ce11cb000 rw-p 00000000 00:00 0 
7f2ce11cb000-7f2ce11cc000 ---p 00000000 00:00 0 
7f2ce11cc000-7f2ce1304000 rw-p 00000000 00:00 0 
7f2ce1304000-7f2ce1630000 ---p 00000000 00:00 0 
7f2ce1630000-7f2ce1668000 rw-p 00000000 00:00 0 
7f2ce1668000-7f2ce1994000 ---p 00000000 00:00 0 
7f2ce1994000-7f2ce19cc000 rw-p 00000000 00:00 0 
7f2ce19cc000-7f2ce1cf8000 ---p 00000000 00:00 0 
7f2ce1cf8000-7f2ce2400000 rw-p 00000000 00:00 0 
7f2ce2400000-7f2ce2424000 r-xp 00000000 103:03 4205015                   /home/zzigor/.jdks/corretto-17.0.3/lib/libjava.so
7f2ce2424000-7f2ce2623000 ---p 00024000 103:03 4205015                   /home/zzigor/.jdks/corretto-17.0.3/lib/libjava.so
7f2ce2623000-7f2ce2624000 r--p 00023000 103:03 4205015                   /home/zzigor/.jdks/corretto-17.0.3/lib/libjava.so
7f2ce2624000-7f2ce2625000 rw-p 00024000 103:03 4205015                   /home/zzigor/.jdks/corretto-17.0.3/lib/libjava.so
7f2ce2625000-7f2ce2626000 rw-p 00000000 00:00 0 
7f2ce2673000-7f2ce2800000 rw-p 00000000 00:00 0 
7f2ce2800000-7f2ce281b000 r-xp 00000000 103:03 4205016                   /home/zzigor/.jdks/corretto-17.0.3/lib/libjimage.so
7f2ce281b000-7f2ce2a1a000 ---p 0001b000 103:03 4205016                   /home/zzigor/.jdks/corretto-17.0.3/lib/libjimage.so
7f2ce2a1a000-7f2ce2a1c000 r--p 0001a000 103:03 4205016                   /home/zzigor/.jdks/corretto-17.0.3/lib/libjimage.so
7f2ce2a1c000-7f2ce2a1d000 rw-p 0001c000 103:03 4205016                   /home/zzigor/.jdks/corretto-17.0.3/lib/libjimage.so
7f2ce2a2a000-7f2ce2a2f000 rw-p 00000000 00:00 0 
7f2ce2a2f000-7f2ce2b15000 ---p 00000000 00:00 0 
7f2ce2b15000-7f2ce2b1a000 rw-p 00000000 00:00 0 
7f2ce2b1a000-7f2ce2c00000 ---p 00000000 00:00 0 
7f2ce2c00000-7f2ce3ee6000 r-xp 00000000 103:03 4205030                   /home/zzigor/.jdks/corretto-17.0.3/lib/server/libjvm.so
7f2ce3ee6000-7f2ce40e6000 ---p 012e6000 103:03 4205030                   /home/zzigor/.jdks/corretto-17.0.3/lib/server/libjvm.so
7f2ce40e6000-7f2ce419f000 r--p 012e6000 103:03 4205030                   /home/zzigor/.jdks/corretto-17.0.3/lib/server/libjvm.so
7f2ce419f000-7f2ce41d4000 rw-p 0139f000 103:03 4205030                   /home/zzigor/.jdks/corretto-17.0.3/lib/server/libjvm.so
7f2ce41d4000-7f2ce422d000 rw-p 00000000 00:00 0 
7f2ce4245000-7f2ce42f6000 rw-p 00000000 00:00 0 
7f2ce42f6000-7f2ce42fa000 ---p 00000000 00:00 0 
7f2ce42fa000-7f2ce43f6000 rw-p 00000000 00:00 0 
7f2ce43f6000-7f2ce4422000 r--p 00000000 103:03 3549025                   /usr/lib/libc.so.6
7f2ce4422000-7f2ce4598000 r-xp 0002c000 103:03 3549025                   /usr/lib/libc.so.6
7f2ce4598000-7f2ce45ec000 r--p 001a2000 103:03 3549025                   /usr/lib/libc.so.6
7f2ce45ec000-7f2ce45ed000 ---p 001f6000 103:03 3549025                   /usr/lib/libc.so.6
7f2ce45ed000-7f2ce45f0000 r--p 001f6000 103:03 3549025                   /usr/lib/libc.so.6
7f2ce45f0000-7f2ce45f3000 rw-p 001f9000 103:03 3549025                   /usr/lib/libc.so.6
7f2ce45f3000-7f2ce4600000 rw-p 00000000 00:00 0 
7f2ce4600000-7f2ce4619000 r-xp 00000000 103:03 4205017                   /home/zzigor/.jdks/corretto-17.0.3/lib/libjli.so
7f2ce4619000-7f2ce4818000 ---p 00019000 103:03 4205017                   /home/zzigor/.jdks/corretto-17.0.3/lib/libjli.so
7f2ce4818000-7f2ce4819000 r--p 00018000 103:03 4205017                   /home/zzigor/.jdks/corretto-17.0.3/lib/libjli.so
7f2ce4819000-7f2ce481a000 rw-p 00019000 103:03 4205017                   /home/zzigor/.jdks/corretto-17.0.3/lib/libjli.so
7f2ce4833000-7f2ce4843000 r--p 00000000 103:03 3549035                   /usr/lib/libm.so.6
7f2ce4843000-7f2ce48bd000 r-xp 00010000 103:03 3549035                   /usr/lib/libm.so.6
7f2ce48bd000-7f2ce4919000 r--p 0008a000 103:03 3549035                   /usr/lib/libm.so.6
7f2ce4919000-7f2ce491a000 r--p 000e5000 103:03 3549035                   /usr/lib/libm.so.6
7f2ce491a000-7f2ce491b000 rw-p 000e6000 103:03 3549035                   /usr/lib/libm.so.6
7f2ce491b000-7f2ce491c000 r--p 00000000 103:03 3549058                   /usr/lib/librt.so.1
7f2ce491c000-7f2ce491d000 r-xp 00001000 103:03 3549058                   /usr/lib/librt.so.1
7f2ce491d000-7f2ce491e000 r--p 00002000 103:03 3549058                   /usr/lib/librt.so.1
7f2ce491e000-7f2ce491f000 r--p 00002000 103:03 3549058                   /usr/lib/librt.so.1
7f2ce491f000-7f2ce4920000 rw-p 00003000 103:03 3549058                   /usr/lib/librt.so.1
7f2ce4920000-7f2ce4922000 rw-p 00000000 00:00 0 
7f2ce4922000-7f2ce4923000 r--p 00000000 103:03 3549030                   /usr/lib/libdl.so.2
7f2ce4923000-7f2ce4924000 r-xp 00001000 103:03 3549030                   /usr/lib/libdl.so.2
7f2ce4924000-7f2ce4925000 r--p 00002000 103:03 3549030                   /usr/lib/libdl.so.2
7f2ce4925000-7f2ce4926000 r--p 00002000 103:03 3549030                   /usr/lib/libdl.so.2
7f2ce4926000-7f2ce4927000 rw-p 00003000 103:03 3549030                   /usr/lib/libdl.so.2
7f2ce4927000-7f2ce4928000 r--p 00000000 103:03 3549053                   /usr/lib/libpthread.so.0
7f2ce4928000-7f2ce4929000 r-xp 00001000 103:03 3549053                   /usr/lib/libpthread.so.0
7f2ce4929000-7f2ce492a000 r--p 00002000 103:03 3549053                   /usr/lib/libpthread.so.0
7f2ce492a000-7f2ce492b000 r--p 00002000 103:03 3549053                   /usr/lib/libpthread.so.0
7f2ce492b000-7f2ce492c000 rw-p 00003000 103:03 3549053                   /usr/lib/libpthread.so.0
7f2ce492e000-7f2ce492f000 r--p 00000000 103:03 3555820                   /usr/lib/libutil.so.1
7f2ce492f000-7f2ce4930000 r-xp 00001000 103:03 3555820                   /usr/lib/libutil.so.1
7f2ce4930000-7f2ce4931000 r--p 00002000 103:03 3555820                   /usr/lib/libutil.so.1
7f2ce4931000-7f2ce4932000 r--p 00002000 103:03 3555820                   /usr/lib/libutil.so.1
7f2ce4932000-7f2ce4933000 rw-p 00003000 103:03 3555820                   /usr/lib/libutil.so.1
7f2ce4933000-7f2ce4938000 rw-p 00000000 00:00 0 
7f2ce4938000-7f2ce493f000 ---p 00000000 00:00 0 
7f2ce493f000-7f2ce4947000 rw-s 00000000 00:20 248                        /tmp/hsperfdata_zzigor/6623
7f2ce4947000-7f2ce4948000 ---p 00000000 00:00 0 
7f2ce4948000-7f2ce4949000 r--p 00000000 00:00 0 
7f2ce4949000-7f2ce494b000 rw-p 00000000 00:00 0 
7f2ce494b000-7f2ce494d000 r--p 00000000 103:03 3549016                   /usr/lib/ld-linux-x86-64.so.2
7f2ce494d000-7f2ce4974000 r-xp 00002000 103:03 3549016                   /usr/lib/ld-linux-x86-64.so.2
7f2ce4974000-7f2ce497f000 r--p 00029000 103:03 3549016                   /usr/lib/ld-linux-x86-64.so.2
7f2ce497f000-7f2ce4980000 ---p 00000000 00:00 0 
7f2ce4980000-7f2ce4982000 r--p 00034000 103:03 3549016                   /usr/lib/ld-linux-x86-64.so.2
7f2ce4982000-7f2ce4984000 rw-p 00036000 103:03 3549016                   /usr/lib/ld-linux-x86-64.so.2
7ffdaf576000-7ffdaf597000 rw-p 00000000 00:00 0                          [stack]
7ffdaf5ca000-7ffdaf5ce000 r--p 00000000 00:00 0                          [vvar]
7ffdaf5ce000-7ffdaf5d0000 r-xp 00000000 00:00 0                          [vdso]
ffffffffff600000-ffffffffff601000 --xp 00000000 00:00 0                  [vsyscall]


VM Arguments:
java_command: org.jetbrains.kotlin.cli.jvm.K2JVMCompiler @/home/zzigor/Projects/Kotlin_HW/build/20220522_17656660801939053474.compiler.options
java_class_path (initial): /home/zzigor/.gradle/caches/modules-2/files-2.1/org.jetbrains.kotlin/kotlin-compiler-embeddable/1.5.10/9c35134a025cab7a1e6eee0d87d241c2f30c1218/kotlin-compiler-embeddable-1.5.10.jar:/home/zzigor/.gradle/caches/modules-2/files-2.1/org.jetbrains.kotlin/kotlin-reflect/1.5.10/d6c70f3c0df2457ea0095c61c1fc1188017dc3bc/kotlin-reflect-1.5.10.jar:/home/zzigor/.gradle/caches/modules-2/files-2.1/org.jetbrains.kotlin/kotlin-stdlib/1.5.10/da6a904b132f0402fa4d79169a3c1770598d4702/kotlin-stdlib-1.5.10.jar:/home/zzigor/.gradle/caches/modules-2/files-2.1/org.jetbrains.kotlin/kotlin-script-runtime/1.5.10/69bad0ece91b0797055aeadbd44dc742c458398b/kotlin-script-runtime-1.5.10.jar:/home/zzigor/.gradle/caches/modules-2/files-2.1/org.jetbrains.kotlin/kotlin-daemon-embeddable/1.5.10/d06ad33b62b041dae0609f830c3b48135d53b8bc/kotlin-daemon-embeddable-1.5.10.jar:/home/zzigor/.gradle/caches/modules-2/files-2.1/org.jetbrains.intellij.deps/trove4j/1.0.20181211/216c2e14b070f334479d800987affe4054cd563f/trove4j-1.0.20181211.jar:/home/zzigor/.gradle/caches/modules-2/files-2.1/org.jetbrains/annotations/13.0/919f0dfe192fb4e063e7dacadee7f8bb9a2672a9/annotations-13.0.jar:/home/zzigor/.gradle/caches/modules-2/files-2.1/org.jetbrains.kotlin/kotlin-stdlib-common/1.5.10/6b84d926e28493be69daf673e40076f89492ef7/kotlin-stdlib-common-1.5.10.jar
Launcher Type: SUN_STANDARD

[Global flags]
     intx CICompilerCount                          = 4                                         {product} {ergonomic}
     uint ConcGCThreads                            = 2                                         {product} {ergonomic}
     uint G1ConcRefinementThreads                  = 8                                         {product} {ergonomic}
   size_t G1HeapRegionSize                         = 1048576                                   {product} {ergonomic}
    uintx GCDrainStackTargetSize                   = 64                                        {product} {ergonomic}
   size_t InitialHeapSize                          = 115343360                                 {product} {ergonomic}
   size_t MarkStackSize                            = 4194304                                   {product} {ergonomic}
   size_t MaxHeapSize                              = 1820327936                                {product} {ergonomic}
   size_t MaxNewSize                               = 1091567616                                {product} {ergonomic}
   size_t MinHeapDeltaBytes                        = 1048576                                   {product} {ergonomic}
   size_t MinHeapSize                              = 8388608                                   {product} {ergonomic}
    uintx NonNMethodCodeHeapSize                   = 5839372                                {pd product} {ergonomic}
    uintx NonProfiledCodeHeapSize                  = 122909434                              {pd product} {ergonomic}
    uintx ProfiledCodeHeapSize                     = 122909434                              {pd product} {ergonomic}
    uintx ReservedCodeCacheSize                    = 251658240                              {pd product} {ergonomic}
     bool SegmentedCodeCache                       = true                                      {product} {ergonomic}
   size_t SoftMaxHeapSize                          = 1820327936                             {manageable} {ergonomic}
     bool UseCompressedClassPointers               = true                           {product lp64_product} {ergonomic}
     bool UseCompressedOops                        = true                           {product lp64_product} {ergonomic}
     bool UseG1GC                                  = true                                      {product} {ergonomic}

Logging:
Log output configuration:
 #0: stdout all=warning uptime,level,tags
 #1: stderr all=off uptime,level,tags

Environment Variables:
PATH=/home/zzigor/.local/bin:/usr/local/bin:/usr/bin:/usr/local/sbin:/usr/lib/jvm/default/bin:/usr/bin/site_perl:/usr/bin/vendor_perl:/usr/bin/core_perl
USERNAME=zzigor
SHELL=/bin/zsh
DISPLAY=:0
LANG=en_US.UTF-8

Signal Handlers:
   SIGSEGV: crash_handler in libjvm.so, mask=11100100010111111101111111111110, flags=SA_RESTART|SA_SIGINFO
    SIGBUS: crash_handler in libjvm.so, mask=11100100010111111101111111111110, flags=SA_RESTART|SA_SIGINFO
    SIGFPE: crash_handler in libjvm.so, mask=11100100010111111101111111111110, flags=SA_RESTART|SA_SIGINFO
   SIGPIPE: javaSignalHandler in libjvm.so, mask=11100100010111111101111111111110, flags=SA_RESTART|SA_SIGINFO
   SIGXFSZ: javaSignalHandler in libjvm.so, mask=11100100010111111101111111111110, flags=SA_RESTART|SA_SIGINFO
    SIGILL: crash_handler in libjvm.so, mask=11100100010111111101111111111110, flags=SA_RESTART|SA_SIGINFO
   SIGUSR2: SR_handler in libjvm.so, mask=00100000000000000000000000000000, flags=SA_RESTART|SA_SIGINFO
    SIGHUP: UserHandler in libjvm.so, mask=11100100010111111101111111111110, flags=SA_RESTART|SA_SIGINFO
    SIGINT: UserHandler in libjvm.so, mask=11100100010111111101111111111110, flags=SA_RESTART|SA_SIGINFO
   SIGTERM: UserHandler in libjvm.so, mask=11100100010111111101111111111110, flags=SA_RESTART|SA_SIGINFO
   SIGQUIT: UserHandler in libjvm.so, mask=11100100010111111101111111111110, flags=SA_RESTART|SA_SIGINFO
  *** Handler was modified!
  *** Expected: javaSignalHandler in libjvm.so, mask=11100100110111111111111111111110, flags=SA_RESTART|SA_SIGINFO
   SIGTRAP: crash_handler in libjvm.so, mask=11100100010111111101111111111110, flags=SA_RESTART|SA_SIGINFO


---------------  S Y S T E M  ---------------

OS:
DISTRIB_ID=ManjaroLinux
DISTRIB_RELEASE=21.2.2
DISTRIB_CODENAME=Qonos
DISTRIB_DESCRIPTION="Manjaro Linux"
uname: Linux 5.15.16-1-MANJARO #1 SMP PREEMPT Thu Jan 20 13:58:19 UTC 2022 x86_64
OS uptime: 0 days 3:21 hours
libc: glibc 2.35 NPTL 2.35 
rlimit (soft/hard): STACK 8192k/infinity , CORE infinity/infinity , NPROC 27437/27437 , NOFILE 524288/524288 , AS infinity/infinity , CPU infinity/infinity , DATA infinity/infinity , FSIZE infinity/infinity , MEMLOCK 1024k/1024k
load average: 2.30 3.11 2.39

/proc/meminfo:
MemTotal:        7106660 kB
MemFree:          127828 kB
MemAvailable:    2477000 kB
Buffers:           33756 kB
Cached:          2614532 kB
SwapCached:            0 kB
Active:           855616 kB
Inactive:        5680432 kB
Active(anon):      19676 kB
Inactive(anon):  4009168 kB
Active(file):     835940 kB
Inactive(file):  1671264 kB
Unevictable:          48 kB
Mlocked:              48 kB
SwapTotal:             0 kB
SwapFree:              0 kB
Dirty:             12780 kB
Writeback:             0 kB
AnonPages:       3888348 kB
Mapped:          1062904 kB
Shmem:            140768 kB
KReclaimable:     119520 kB
Slab:             222204 kB
SReclaimable:     119520 kB
SUnreclaim:       102684 kB
KernelStack:       16688 kB
PageTables:        35584 kB
NFS_Unstable:          0 kB
Bounce:                0 kB
WritebackTmp:          0 kB
CommitLimit:     3553328 kB
Committed_AS:    9805756 kB
VmallocTotal:   34359738367 kB
VmallocUsed:       55640 kB
VmallocChunk:          0 kB
Percpu:            11904 kB
HardwareCorrupted:     0 kB
AnonHugePages:         0 kB
ShmemHugePages:        0 kB
ShmemPmdMapped:        0 kB
FileHugePages:         0 kB
FilePmdMapped:         0 kB
CmaTotal:              0 kB
CmaFree:               0 kB
HugePages_Total:       0
HugePages_Free:        0
HugePages_Rsvd:        0
HugePages_Surp:        0
Hugepagesize:       2048 kB
Hugetlb:               0 kB
DirectMap4k:      499732 kB
DirectMap2M:     6774784 kB
DirectMap1G:     1048576 kB

/sys/kernel/mm/transparent_hugepage/enabled: always [madvise] never
/sys/kernel/mm/transparent_hugepage/defrag (defrag/compaction efforts parameter): always defer defer+madvise [madvise] never

Process Memory:
Virtual Size: 4797168K (peak: 4797168K)
Resident Set Size: 87640K (peak: 87640K) (anon: 59768K, file: 27828K, shmem: 44K)
Swapped out: 0K
C-Heap outstanding allocations: 8610K

/proc/sys/kernel/threads-max (system-wide limit on the number of threads): 54875
/proc/sys/vm/max_map_count (maximum number of memory map areas a process may have): 65530
/proc/sys/kernel/pid_max (system-wide limit on number of process identifiers): 4194304

container (cgroup) information:
container_type: cgroupv2
cpu_cpuset_cpus: not supported
cpu_memory_nodes: not supported
active_processor_count: 8
cpu_quota: not supported
cpu_period: not supported
cpu_shares: not supported
memory_limit_in_bytes: unlimited
memory_and_swap_limit_in_bytes: unlimited
memory_soft_limit_in_bytes: unlimited
memory_usage_in_bytes: 3298029568
memory_max_usage_in_bytes: not supported
maximum number of tasks: 8231
current number of tasks: 327

Steal ticks since vm start: 0
Steal ticks percentage since vm start:  0.000

CPU: total 8 (initial active 8) (8 cores per cpu, 2 threads per core) family 23 model 24 stepping 1 microcode 0x8108109, cx8, cmov, fxsr, ht, mmx, 3dnowpref, sse, sse2, sse3, ssse3, sse4a, sse4.1, sse4.2, popcnt, lzcnt, tsc, tscinvbit, avx, avx2, aes, clmul, bmi1, bmi2, adx, sha, fma, vzeroupper, clflush, clflushopt
CPU Model and flags from /proc/cpuinfo:
model name	: AMD Ryzen 5 3500U with Radeon Vega Mobile Gfx
flags		: fpu vme de pse tsc msr pae mce cx8 apic sep mtrr pge mca cmov pat pse36 clflush mmx fxsr sse sse2 ht syscall nx mmxext fxsr_opt pdpe1gb rdtscp lm constant_tsc rep_good nopl nonstop_tsc cpuid extd_apicid aperfmperf rapl pni pclmulqdq monitor ssse3 fma cx16 sse4_1 sse4_2 movbe popcnt aes xsave avx f16c rdrand lahf_lm cmp_legacy svm extapic cr8_legacy abm sse4a misalignsse 3dnowprefetch osvw skinit wdt tce topoext perfctr_core perfctr_nb bpext perfctr_llc mwaitx cpb hw_pstate ssbd ibpb vmmcall fsgsbase bmi1 avx2 smep bmi2 rdseed adx smap clflushopt sha_ni xsaveopt xsavec xgetbv1 xsaves clzero irperf xsaveerptr arat npt lbrv svm_lock nrip_save tsc_scale vmcb_clean flushbyasid decodeassists pausefilter pfthreshold avic v_vmsave_vmload vgif overflow_recov succor smca sme sev sev_es

Online cpus: 0-7
Offline cpus: 8-15
BIOS frequency limitation: 2100000
Frequency switch latency (ns): 0
Available cpu frequencies: 2100000 1700000 1400000 
Current governor: schedutil
Core performance/turbo boost: 1

Memory: 4k page, physical 7106660k(127828k free), swap 0k(0k free)
Page Sizes: 4k

vm_info: OpenJDK 64-Bit Server VM (17.0.3+6-LTS) for linux-amd64 JRE (17.0.3+6-LTS), built on Apr 15 2022 21:54:51 by "jenkins" with gcc 7.3.1 20180303 (Red Hat 7.3.1-5)

END.
