#
# A fatal error has been detected by the Java Runtime Environment:
#
#  SIGSEGV (0xb) at pc=0x00007fabb7b01476, pid=2498, tid=2502
#
# JRE version: OpenJDK Runtime Environment Corretto-17.0.3.6.1 (17.0.3+6) (build 17.0.3+6-LTS)
# Java VM: OpenJDK 64-Bit Server VM Corretto-17.0.3.6.1 (17.0.3+6-LTS, mixed mode, sharing, tiered, compressed oops, compressed class ptrs, g1 gc, linux-amd64)
# Problematic frame:
# V  [libjvm.so+0x701476]  void OopOopIterateBoundedDispatch<G1CMOopClosure>::Table::oop_oop_iterate_bounded<ObjArrayKlass, narrowOop>(G1CMOopClosure*, oopDesc*, Klass*, MemRegion)+0x436
#
# Core dump will be written. Default location: Core dumps may be processed with "/usr/lib/systemd/systemd-coredump %P %u %g %s %t %c %h" (or dumping to /home/zzigor/Projects/Kotlin_HW/core.2498)
#
# If you would like to submit a bug report, please visit:
#   https://github.com/corretto/corretto-17/issues/
#

---------------  S U M M A R Y ------------

Command Line: -javaagent:/home/zzigor/.local/share/JetBrains/Toolbox/apps/IDEA-U/ch-0/221.5591.52/lib/idea_rt.jar=36257:/home/zzigor/.local/share/JetBrains/Toolbox/apps/IDEA-U/ch-0/221.5591.52/bin -Dfile.encoding=UTF-8 CoroutinesMainKt

Host: AMD Ryzen 5 3500U with Radeon Vega Mobile Gfx, 8 cores, 6G, Manjaro Linux
Time: Fri May 27 17:53:10 2022 MSK elapsed time: 57.038017 seconds (0d 0h 0m 57s)

---------------  T H R E A D  ---------------

Current thread (0x00007fabb0089cc0):  ConcurrentGCThread "G1 Conc#0" [stack: 0x00007fabb54ca000,0x00007fabb55ca000] [id=2502]

Stack: [0x00007fabb54ca000,0x00007fabb55ca000],  sp=0x00007fabb55c8ae0,  free space=1018k
Native frames: (J=compiled Java code, j=interpreted, Vv=VM code, C=native code)
V  [libjvm.so+0x701476]  void OopOopIterateBoundedDispatch<G1CMOopClosure>::Table::oop_oop_iterate_bounded<ObjArrayKlass, narrowOop>(G1CMOopClosure*, oopDesc*, Klass*, MemRegion)+0x436
V  [libjvm.so+0x726685]  G1CMObjArrayProcessor::process_slice(HeapWordImpl**)+0xc5
V  [libjvm.so+0x724440]  void G1CMTask::process_grey_task_entry<true>(G1TaskQueueEntry)+0x130
V  [libjvm.so+0x71ec40]  G1CMTask::drain_local_queue(bool) [clone .part.213]+0xa0
V  [libjvm.so+0x72047b]  G1CMTask::do_marking_step(double, bool, bool)+0x1eb
V  [libjvm.so+0x725cec]  G1CMConcurrentMarkingTask::work(unsigned int)+0xcc
V  [libjvm.so+0xfb1bcc]  GangWorker::loop()+0x5c
V  [libjvm.so+0xfb1c1e]
V  [libjvm.so+0xf07f72]  Thread::call_run()+0xe2
V  [libjvm.so+0xc41601]  thread_native_entry(Thread*)+0xe1


siginfo: si_signo: 11 (SIGSEGV), si_code: 128 (SI_KERNEL), si_addr: 0x0000000000000000

Register to memory mapping:

RAX=0x00007fabb0110640 points into unknown readable memory: 0x00000000000000bb | bb 00 00 00 00 00 00 00
RBX=
[error occurred during error reporting (printing register info), id 0xb, SIGSEGV (0xb) at pc=0x00007fabb7afb174]

Registers:
RAX=0x00007fabb0110640, RBX=0x000000009bd1f7b0, RCX=0x0000000000001041, RDX=0x000000009d3c4000
RSP=0x00007fabb55c8ae0, RBP=0x00007fabb55c8b40, RSI=0x000000009bd1f7b0, RDI=0x0000000800049330
R8 =0x00007fabb7afc620, R9 =0x00007fabb007a940, R10=0x0000000000000001, R11=0x0040000000000000
R12=0x00007fabb89ea00d, R13=0x000000009d3c3d5c, R14=0x00007fabb008f2e0, R15=0x00007fabb55c8c80
RIP=0x00007fabb7b01476, EFLAGS=0x0000000000010202, CSGSFS=0x002b000000000033, ERR=0x0000000000000000
  TRAPNO=0x000000000000000d

Top of Stack: (sp=0x00007fabb55c8ae0)
0x00007fabb55c8ae0:   0000000000000002 00000000000e9ad0
0x00007fabb55c8af0:   00007fabb7afc620 0000000000000001
0x00007fabb55c8b00:   00007fabb007a940 000000009d3c4000
0x00007fabb55c8b10:   0000000000000000 0000000000000800 

Instructions: (pc=0x00007fabb7b01476)
0x00007fabb7b01376:   86 80 00 00 00 8b 8e 00 01 00 00 89 c7 29 cf 89
0x00007fabb7b01386:   f9 81 e1 ff ff 01 00 81 f9 fd ff 01 00 77 6b 48
0x00007fabb7b01396:   8b 8e 80 01 00 00 89 c7 83 c0 01 25 ff ff 01 00
0x00007fabb7b013a6:   48 89 1c f9 89 86 80 00 00 00 e9 73 fd ff ff 0f
0x00007fabb7b013b6:   1f 00 0f 85 d3 00 00 00 48 8b 07 4c 89 45 b0 48
0x00007fabb7b013c6:   89 de 44 89 55 b8 4c 89 4d c0 48 89 55 c8 ff 90
0x00007fabb7b013d6:   00 01 00 00 4c 8b 45 b0 44 8b 55 b8 4c 8b 4d c0
0x00007fabb7b013e6:   48 8b 55 c8 e9 e7 fd ff ff 90 48 83 46 50 01 e9
0x00007fabb7b013f6:   53 fe ff ff 66 0f 1f 44 00 00 4c 89 f7 4c 89 45
0x00007fabb7b01406:   c0 48 89 55 c8 e8 20 bc 01 00 49 8b 4e 30 4c 8b
0x00007fabb7b01416:   45 c0 8b 81 80 00 00 00 8b b1 00 01 00 00 89 c2
0x00007fabb7b01426:   29 f2 89 d6 48 8b 55 c8 81 e6 ff ff 01 00 81 fe
0x00007fabb7b01436:   fd ff 01 00 0f 87 e8 fc ff ff 48 8b b1 80 01 00
0x00007fabb7b01446:   00 89 c7 83 c0 01 25 ff ff 01 00 48 89 1c fe 89
0x00007fabb7b01456:   81 80 00 00 00 e9 c8 fc ff ff 48 8b 07 4c 89 45
0x00007fabb7b01466:   b0 48 89 de 44 89 55 b8 4c 89 4d c0 48 89 55 c8
0x00007fabb7b01476:   ff 90 00 01 00 00 48 8b 55 c8 4c 8b 4d c0 44 8b
0x00007fabb7b01486:   55 b8 4c 8b 45 b0 e9 45 fd ff ff 3c 01 48 8d 05
0x00007fabb7b01496:   92 28 ea 00 48 19 ff 83 e7 04 8b 30 89 c8 48 63
0x00007fabb7b014a6:   7c 3b 0c c1 f8 10 44 0f b6 d8 8d 46 ff f7 de 48
0x00007fabb7b014b6:   d3 e7 48 63 ce 48 98 4c 01 d8 48 01 f8 48 21 c8
0x00007fabb7b014c6:   48 c1 e8 03 e9 07 fd ff ff 90 55 49 89 cb 48 89
0x00007fabb7b014d6:   e5 41 57 41 56 41 55 41 54 49 89 ff 53 48 89 d3
0x00007fabb7b014e6:   4a 8d 14 c1 48 83 ec 48 48 39 ce 48 89 75 c8 48
0x00007fabb7b014f6:   89 55 c0 72 09 48 39 d6 0f 82 4f 07 00 00 48 63
0x00007fabb7b01506:   93 2c 01 00 00 48 63 83 a0 00 00 00 48 01 d0 48
0x00007fabb7b01516:   8d 94 c3 d0 01 00 00 8b 83 28 01 00 00 48 8d 04
0x00007fabb7b01526:   c2 48 39 c2 48 89 45 b8 0f 83 9b 00 00 00 0f 1f
0x00007fabb7b01536:   40 00 4c 63 22 8b 42 04 4c 03 65 c8 4d 8d 34 84
0x00007fabb7b01546:   48 8b 45 c0 4d 39 dc 4d 0f 42 e3 49 39 c6 4c 0f
0x00007fabb7b01556:   47 f0 4d 39 f4 73 64 0f 1f 00 4d 8b 6f 20 49 83
0x00007fabb7b01566:   85 b8 00 00 00 01 41 8b 1c 24 85 db 74 44 48 8d 


Stack slot to memory mapping:
stack at sp + 0 slots: 0x0000000000000002 is an unknown value
stack at sp + 1 slots: 0x00000000000e9ad0 is an unknown value
stack at sp + 2 slots: 0x00007fabb7afc620: <offset 0x00000000006fc620> in /home/zzigor/.jdks/corretto-17.0.3/lib/server/libjvm.so at 0x00007fabb7400000
stack at sp + 3 slots: 0x0000000000000001 is an unknown value
stack at sp + 4 slots: 0x00007fabb007a940 points into unknown readable memory: 0x00007fabb0088dd0 | d0 8d 08 b0 ab 7f 00 00
stack at sp + 5 slots: 0x000000009d3c4000 is pointing into object: [Ljava.lang.Object; 
{0x000000009d100000} - klass: 'java/lang/Object'[]
 - length: 1251000
stack at sp + 6 slots: 0x0 is NULL
stack at sp + 7 slots: 0x0000000000000800 is an unknown value


---------------  P R O C E S S  ---------------

Threads class SMR info:
_java_thread_list=0x00007fab5479c6d0, length=13, elements={
0x00007fabb0026930, 0x00007fabb0125f40, 0x00007fabb0127320, 0x00007fabb012c6a0,
0x00007fabb012da50, 0x00007fabb012ee60, 0x00007fabb0130810, 0x00007fabb0131d40,
0x00007fabb013b1a0, 0x00007fabb0146920, 0x00007fabb01b28a0, 0x00007fabb01b35a0,
0x00007fab68000ff0
}

Java Threads: ( => current thread )
  0x00007fabb0026930 JavaThread "main" [_thread_in_native, id=2499, stack(0x00007fabb8af6000,0x00007fabb8bf6000)]
  0x00007fabb0125f40 JavaThread "Reference Handler" daemon [_thread_blocked, id=2506, stack(0x00007fabb4500000,0x00007fabb4600000)]
  0x00007fabb0127320 JavaThread "Finalizer" daemon [_thread_blocked, id=2507, stack(0x00007fabb4400000,0x00007fabb4500000)]
  0x00007fabb012c6a0 JavaThread "Signal Dispatcher" daemon [_thread_blocked, id=2508, stack(0x00007fabb4017000,0x00007fabb4117000)]
  0x00007fabb012da50 JavaThread "Service Thread" daemon [_thread_blocked, id=2509, stack(0x00007fab95d50000,0x00007fab95e50000)]
  0x00007fabb012ee60 JavaThread "Monitor Deflation Thread" daemon [_thread_blocked, id=2510, stack(0x00007fab95c50000,0x00007fab95d50000)]
  0x00007fabb0130810 JavaThread "C2 CompilerThread0" daemon [_thread_blocked, id=2511, stack(0x00007fab95300000,0x00007fab95400000)]
  0x00007fabb0131d40 JavaThread "C1 CompilerThread0" daemon [_thread_blocked, id=2512, stack(0x00007fab95200000,0x00007fab95300000)]
  0x00007fabb013b1a0 JavaThread "Sweeper thread" daemon [_thread_blocked, id=2513, stack(0x00007fab95100000,0x00007fab95200000)]
  0x00007fabb0146920 JavaThread "Common-Cleaner" daemon [_thread_blocked, id=2514, stack(0x00007fab95000000,0x00007fab95100000)]
  0x00007fabb01b28a0 JavaThread "Monitor Ctrl-Break" daemon [_thread_in_native, id=2516, stack(0x00007fab94b00000,0x00007fab94c00000)]
  0x00007fabb01b35a0 JavaThread "Notification Thread" daemon [_thread_blocked, id=2517, stack(0x00007fab94700000,0x00007fab94800000)]
  0x00007fab68000ff0 JavaThread "Attach Listener" daemon [_thread_blocked, id=2522, stack(0x00007fab85b00000,0x00007fab85c00000)]

Other Threads:
  0x00007fabb0121ef0 VMThread "VM Thread" [stack: 0x00007fabb49bc000,0x00007fabb4abc000] [id=2505]
  0x00007fabb0029390 WatcherThread [stack: 0x00007fab94300000,0x00007fab94400000] [id=2518]
  0x00007fabb0079f40 GCTaskThread "GC Thread#0" [stack: 0x00007fabb56ce000,0x00007fabb57ce000] [id=2500]
  0x00007fab7c005f30 GCTaskThread "GC Thread#1" [stack: 0x00007fab941fe000,0x00007fab942fe000] [id=2519]
  0x00007fab7c023a20 GCTaskThread "GC Thread#2" [stack: 0x00007fab85a00000,0x00007fab85b00000] [id=2525]
  0x00007fab7c03a820 GCTaskThread "GC Thread#3" [stack: 0x00007fab858fe000,0x00007fab859fe000] [id=2526]
  0x00007fab7c03ba60 GCTaskThread "GC Thread#4" [stack: 0x00007fab856fa000,0x00007fab857fa000] [id=2528]
  0x00007fab7c09e0b0 GCTaskThread "GC Thread#5" [stack: 0x00007fab855f8000,0x00007fab856f8000] [id=2529]
  0x00007fab7c09ea10 GCTaskThread "GC Thread#6" [stack: 0x00007fab854f6000,0x00007fab855f6000] [id=2530]
  0x00007fab7c0b63f0 GCTaskThread "GC Thread#7" [stack: 0x00007fab853f4000,0x00007fab854f4000] [id=2531]
  0x00007fabb0088dd0 ConcurrentGCThread "G1 Main Marker" [stack: 0x00007fabb55cc000,0x00007fabb56cc000] [id=2501]
=>0x00007fabb0089cc0 ConcurrentGCThread "G1 Conc#0" [stack: 0x00007fabb54ca000,0x00007fabb55ca000] [id=2502]
  0x00007fab88000eb0 ConcurrentGCThread "G1 Conc#1" [stack: 0x00007fab857fc000,0x00007fab858fc000] [id=2527]
  0x00007fabb00f6190 ConcurrentGCThread "G1 Refine#0" [stack: 0x00007fabb4bc0000,0x00007fabb4cc0000] [id=2503]
  0x00007fab80000eb0 ConcurrentGCThread "G1 Refine#1" [stack: 0x00007fab940fc000,0x00007fab941fc000] [id=2520]
  0x00007fab38000eb0 ConcurrentGCThread "G1 Refine#2" [stack: 0x00007fab85f00000,0x00007fab86000000] [id=2521]
  0x00007fabb00f7080 ConcurrentGCThread "G1 Service" [stack: 0x00007fabb4abe000,0x00007fabb4bbe000] [id=2504]

Threads with active compile tasks:

VM state: not at safepoint (normal execution)

VM Mutex/Monitor currently owned by a thread: None

Heap address: 0x0000000093800000, size: 1736 MB, Compressed Oops mode: 32-bit

CDS archive(s) mapped at: [0x0000000800000000-0x0000000800bde000-0x0000000800bde000), size 12443648, SharedBaseAddress: 0x0000000800000000, ArchiveRelocationMode: 0.
Compressed class space mapped at: 0x0000000800c00000-0x0000000840c00000, reserved size: 1073741824
Narrow klass base: 0x0000000800000000, Narrow klass shift: 0, Narrow klass range: 0x100000000

GC Precious Log:
 CPUs: 8 total, 8 available
 Memory: 6940M
 Large Page Support: Disabled
 NUMA Support: Disabled
 Compressed Oops: Enabled (32-bit)
 Heap Region Size: 1M
 Heap Min Capacity: 8M
 Heap Initial Capacity: 110M
 Heap Max Capacity: 1736M
 Pre-touch: Disabled
 Parallel Workers: 8
 Concurrent Workers: 2
 Concurrent Refinement Workers: 8
 Periodic GC: Disabled

Heap:
 garbage-first heap   total 194560K, used 123004K [0x0000000093800000, 0x0000000100000000)
  region size 1024K, 2 young (2048K), 1 survivors (1024K)
 Metaspace       used 2453K, committed 2624K, reserved 1056768K
  class space    used 194K, committed 320K, reserved 1048576K

Heap Regions: E=young(eden), S=young(survivor), O=old, HS=humongous(starts), HC=humongous(continues), CS=collection set, F=free, OA=open archive, CA=closed archive, TAMS=top-at-mark-start (previous, next)
|   0|0x0000000093800000, 0x0000000093800000, 0x0000000093900000|  0%| F|  |TAMS 0x0000000093800000, 0x0000000093800000| Untracked 
|   1|0x0000000093900000, 0x0000000093a00000, 0x0000000093a00000|100%|HS|  |TAMS 0x0000000093900000, 0x0000000093a00000| Complete 
|   2|0x0000000093a00000, 0x0000000093b00000, 0x0000000093b00000|100%|HS|  |TAMS 0x0000000093a00000, 0x0000000093b00000| Complete 
|   3|0x0000000093b00000, 0x0000000093c00000, 0x0000000093c00000|100%| O|  |TAMS 0x0000000093c00000, 0x0000000093c00000| Untracked 
|   4|0x0000000093c00000, 0x0000000093d00000, 0x0000000093d00000|100%|HS|  |TAMS 0x0000000093c00000, 0x0000000093d00000| Complete 
|   5|0x0000000093d00000, 0x0000000093e00000, 0x0000000093e00000|100%| O|  |TAMS 0x0000000093e00000, 0x0000000093e00000| Untracked 
|   6|0x0000000093e00000, 0x0000000093f00000, 0x0000000093f00000|100%| O|  |TAMS 0x0000000093f00000, 0x0000000093f00000| Untracked 
|   7|0x0000000093f00000, 0x0000000094000000, 0x0000000094000000|100%| O|  |TAMS 0x0000000094000000, 0x0000000094000000| Untracked 
|   8|0x0000000094000000, 0x0000000094100000, 0x0000000094100000|100%| O|  |TAMS 0x0000000094100000, 0x0000000094100000| Untracked 
|   9|0x0000000094100000, 0x0000000094200000, 0x0000000094200000|100%|HS|  |TAMS 0x0000000094100000, 0x0000000094200000| Complete 
|  10|0x0000000094200000, 0x0000000094300000, 0x0000000094300000|100%|HS|  |TAMS 0x0000000094200000, 0x0000000094300000| Complete 
|  11|0x0000000094300000, 0x0000000094400000, 0x0000000094400000|100%|HS|  |TAMS 0x0000000094300000, 0x0000000094400000| Complete 
|  12|0x0000000094400000, 0x0000000094500000, 0x0000000094500000|100%|HS|  |TAMS 0x0000000094400000, 0x0000000094500000| Complete 
|  13|0x0000000094500000, 0x0000000094600000, 0x0000000094600000|100%|HS|  |TAMS 0x0000000094500000, 0x0000000094600000| Complete 
|  14|0x0000000094600000, 0x0000000094700000, 0x0000000094700000|100%|HS|  |TAMS 0x0000000094600000, 0x0000000094700000| Complete 
|  15|0x0000000094700000, 0x0000000094800000, 0x0000000094800000|100%|HS|  |TAMS 0x0000000094700000, 0x0000000094800000| Complete 
|  16|0x0000000094800000, 0x0000000094900000, 0x0000000094900000|100%|HS|  |TAMS 0x0000000094800000, 0x0000000094900000| Complete 
|  17|0x0000000094900000, 0x0000000094a00000, 0x0000000094a00000|100%|HC|  |TAMS 0x0000000094900000, 0x0000000094a00000| Complete 
|  18|0x0000000094a00000, 0x0000000094b00000, 0x0000000094b00000|100%|HS|  |TAMS 0x0000000094a00000, 0x0000000094b00000| Complete 
|  19|0x0000000094b00000, 0x0000000094c00000, 0x0000000094c00000|100%|HS|  |TAMS 0x0000000094b00000, 0x0000000094c00000| Complete 
|  20|0x0000000094c00000, 0x0000000094d00000, 0x0000000094d00000|100%|HS|  |TAMS 0x0000000094c00000, 0x0000000094d00000| Complete 
|  21|0x0000000094d00000, 0x0000000094e00000, 0x0000000094e00000|100%|HC|  |TAMS 0x0000000094d00000, 0x0000000094e00000| Complete 
|  22|0x0000000094e00000, 0x0000000094f00000, 0x0000000094f00000|100%|HS|  |TAMS 0x0000000094e00000, 0x0000000094f00000| Complete 
|  23|0x0000000094f00000, 0x0000000095000000, 0x0000000095000000|100%|HS|  |TAMS 0x0000000094f00000, 0x0000000095000000| Complete 
|  24|0x0000000095000000, 0x0000000095100000, 0x0000000095100000|100%|HS|  |TAMS 0x0000000095000000, 0x0000000095100000| Complete 
|  25|0x0000000095100000, 0x0000000095200000, 0x0000000095200000|100%|HC|  |TAMS 0x0000000095100000, 0x0000000095200000| Complete 
|  26|0x0000000095200000, 0x0000000095300000, 0x0000000095300000|100%|HS|  |TAMS 0x0000000095200000, 0x0000000095300000| Complete 
|  27|0x0000000095300000, 0x0000000095400000, 0x0000000095400000|100%|HS|  |TAMS 0x0000000095300000, 0x0000000095400000| Complete 
|  28|0x0000000095400000, 0x0000000095500000, 0x0000000095500000|100%|HS|  |TAMS 0x0000000095400000, 0x0000000095500000| Complete 
|  29|0x0000000095500000, 0x0000000095600000, 0x0000000095600000|100%|HC|  |TAMS 0x0000000095500000, 0x0000000095600000| Complete 
|  30|0x0000000095600000, 0x0000000095700000, 0x0000000095700000|100%|HS|  |TAMS 0x0000000095600000, 0x0000000095700000| Complete 
|  31|0x0000000095700000, 0x0000000095800000, 0x0000000095800000|100%|HS|  |TAMS 0x0000000095700000, 0x0000000095800000| Complete 
|  32|0x0000000095800000, 0x0000000095900000, 0x0000000095900000|100%|HS|  |TAMS 0x0000000095800000, 0x0000000095900000| Complete 
|  33|0x0000000095900000, 0x0000000095a00000, 0x0000000095a00000|100%|HC|  |TAMS 0x0000000095900000, 0x0000000095a00000| Complete 
|  34|0x0000000095a00000, 0x0000000095b00000, 0x0000000095b00000|100%|HS|  |TAMS 0x0000000095a00000, 0x0000000095b00000| Complete 
|  35|0x0000000095b00000, 0x0000000095c00000, 0x0000000095c00000|100%|HC|  |TAMS 0x0000000095b00000, 0x0000000095c00000| Complete 
|  36|0x0000000095c00000, 0x0000000095d00000, 0x0000000095d00000|100%|HC|  |TAMS 0x0000000095c00000, 0x0000000095d00000| Complete 
|  37|0x0000000095d00000, 0x0000000095e00000, 0x0000000095e00000|100%| O|  |TAMS 0x0000000095e00000, 0x0000000095e00000| Untracked 
|  38|0x0000000095e00000, 0x0000000095f00000, 0x0000000095f00000|100%|HS|  |TAMS 0x0000000095e00000, 0x0000000095f00000| Complete 
|  39|0x0000000095f00000, 0x0000000096000000, 0x0000000096000000|100%|HC|  |TAMS 0x0000000095f00000, 0x0000000096000000| Complete 
|  40|0x0000000096000000, 0x0000000096100000, 0x0000000096100000|100%|HC|  |TAMS 0x0000000096000000, 0x0000000096100000| Complete 
|  41|0x0000000096100000, 0x0000000096200000, 0x0000000096200000|100%|HC|  |TAMS 0x0000000096100000, 0x0000000096200000| Complete 
|  42|0x0000000096200000, 0x0000000096300000, 0x0000000096300000|100%|HS|  |TAMS 0x0000000096200000, 0x0000000096300000| Complete 
|  43|0x0000000096300000, 0x0000000096400000, 0x0000000096400000|100%|HS|  |TAMS 0x0000000096300000, 0x0000000096400000| Complete 
|  44|0x0000000096400000, 0x0000000096500000, 0x0000000096500000|100%|HS|  |TAMS 0x0000000096400000, 0x0000000096500000| Complete 
|  45|0x0000000096500000, 0x0000000096600000, 0x0000000096600000|100%|HC|  |TAMS 0x0000000096500000, 0x0000000096600000| Complete 
|  46|0x0000000096600000, 0x0000000096700000, 0x0000000096700000|100%|HS|  |TAMS 0x0000000096600000, 0x0000000096700000| Complete 
|  47|0x0000000096700000, 0x0000000096800000, 0x0000000096800000|100%|HC|  |TAMS 0x0000000096700000, 0x0000000096800000| Complete 
|  48|0x0000000096800000, 0x0000000096900000, 0x0000000096900000|100%|HC|  |TAMS 0x0000000096800000, 0x0000000096900000| Complete 
|  49|0x0000000096900000, 0x0000000096a00000, 0x0000000096a00000|100%|HS|  |TAMS 0x0000000096900000, 0x0000000096a00000| Complete 
|  50|0x0000000096a00000, 0x0000000096b00000, 0x0000000096b00000|100%|HC|  |TAMS 0x0000000096a00000, 0x0000000096b00000| Complete 
|  51|0x0000000096b00000, 0x0000000096c00000, 0x0000000096c00000|100%|HC|  |TAMS 0x0000000096b00000, 0x0000000096c00000| Complete 
|  52|0x0000000096c00000, 0x0000000096d00000, 0x0000000096d00000|100%|HC|  |TAMS 0x0000000096c00000, 0x0000000096d00000| Complete 
|  53|0x0000000096d00000, 0x0000000096e00000, 0x0000000096e00000|100%|HS|  |TAMS 0x0000000096d00000, 0x0000000096e00000| Complete 
|  54|0x0000000096e00000, 0x0000000096f00000, 0x0000000096f00000|100%|HS|  |TAMS 0x0000000096e00000, 0x0000000096f00000| Complete 
|  55|0x0000000096f00000, 0x0000000097000000, 0x0000000097000000|100%|HS|  |TAMS 0x0000000096f00000, 0x0000000097000000| Complete 
|  56|0x0000000097000000, 0x0000000097100000, 0x0000000097100000|100%|HC|  |TAMS 0x0000000097000000, 0x0000000097100000| Complete 
|  57|0x0000000097100000, 0x0000000097200000, 0x0000000097200000|100%|HS|  |TAMS 0x0000000097100000, 0x0000000097200000| Complete 
|  58|0x0000000097200000, 0x0000000097300000, 0x0000000097300000|100%|HC|  |TAMS 0x0000000097200000, 0x0000000097300000| Complete 
|  59|0x0000000097300000, 0x0000000097400000, 0x0000000097400000|100%|HC|  |TAMS 0x0000000097300000, 0x0000000097400000| Complete 
|  60|0x0000000097400000, 0x0000000097400000, 0x0000000097500000|  0%| F|  |TAMS 0x0000000097400000, 0x0000000097400000| Untracked 
|  61|0x0000000097500000, 0x0000000097500000, 0x0000000097600000|  0%| F|  |TAMS 0x0000000097500000, 0x0000000097500000| Untracked 
|  62|0x0000000097600000, 0x0000000097700000, 0x0000000097700000|100%|HS|  |TAMS 0x0000000097600000, 0x0000000097700000| Complete 
|  63|0x0000000097700000, 0x0000000097800000, 0x0000000097800000|100%|HC|  |TAMS 0x0000000097700000, 0x0000000097800000| Complete 
|  64|0x0000000097800000, 0x0000000097900000, 0x0000000097900000|100%|HC|  |TAMS 0x0000000097800000, 0x0000000097900000| Complete 
|  65|0x0000000097900000, 0x0000000097a00000, 0x0000000097a00000|100%|HC|  |TAMS 0x0000000097900000, 0x0000000097a00000| Complete 
|  66|0x0000000097a00000, 0x0000000097b00000, 0x0000000097b00000|100%|HS|  |TAMS 0x0000000097a00000, 0x0000000097b00000| Complete 
|  67|0x0000000097b00000, 0x0000000097c00000, 0x0000000097c00000|100%|HC|  |TAMS 0x0000000097b00000, 0x0000000097c00000| Complete 
|  68|0x0000000097c00000, 0x0000000097d00000, 0x0000000097d00000|100%|HC|  |TAMS 0x0000000097c00000, 0x0000000097d00000| Complete 
|  69|0x0000000097d00000, 0x0000000097e00000, 0x0000000097e00000|100%|HC|  |TAMS 0x0000000097d00000, 0x0000000097e00000| Complete 
|  70|0x0000000097e00000, 0x0000000097f00000, 0x0000000097f00000|100%|HC|  |TAMS 0x0000000097e00000, 0x0000000097f00000| Complete 
|  71|0x0000000097f00000, 0x0000000097f00000, 0x0000000098000000|  0%| F|  |TAMS 0x0000000097f00000, 0x0000000097f00000| Untracked 
|  72|0x0000000098000000, 0x0000000098000000, 0x0000000098100000|  0%| F|  |TAMS 0x0000000098000000, 0x0000000098000000| Untracked 
|  73|0x0000000098100000, 0x0000000098200000, 0x0000000098200000|100%| O|  |TAMS 0x0000000098200000, 0x0000000098200000| Untracked 
|  74|0x0000000098200000, 0x0000000098300000, 0x0000000098300000|100%| O|  |TAMS 0x0000000098300000, 0x0000000098300000| Untracked 
|  75|0x0000000098300000, 0x0000000098400000, 0x0000000098400000|100%| O|  |TAMS 0x0000000098400000, 0x0000000098400000| Untracked 
|  76|0x0000000098400000, 0x0000000098500000, 0x0000000098500000|100%| O|  |TAMS 0x0000000098500000, 0x0000000098500000| Untracked 
|  77|0x0000000098500000, 0x0000000098600000, 0x0000000098600000|100%| O|  |TAMS 0x0000000098600000, 0x0000000098600000| Untracked 
|  78|0x0000000098600000, 0x0000000098700000, 0x0000000098700000|100%|HS|  |TAMS 0x0000000098600000, 0x0000000098700000| Complete 
|  79|0x0000000098700000, 0x0000000098800000, 0x0000000098800000|100%|HC|  |TAMS 0x0000000098700000, 0x0000000098800000| Complete 
|  80|0x0000000098800000, 0x0000000098900000, 0x0000000098900000|100%|HC|  |TAMS 0x0000000098800000, 0x0000000098900000| Complete 
|  81|0x0000000098900000, 0x0000000098a00000, 0x0000000098a00000|100%|HC|  |TAMS 0x0000000098900000, 0x0000000098a00000| Complete 
|  82|0x0000000098a00000, 0x0000000098b00000, 0x0000000098b00000|100%|HC|  |TAMS 0x0000000098a00000, 0x0000000098b00000| Complete 
|  83|0x0000000098b00000, 0x0000000098c00000, 0x0000000098c00000|100%|HC|  |TAMS 0x0000000098b00000, 0x0000000098c00000| Complete 
|  84|0x0000000098c00000, 0x0000000098d00000, 0x0000000098d00000|100%|HC|  |TAMS 0x0000000098c00000, 0x0000000098d00000| Complete 
|  85|0x0000000098d00000, 0x0000000098d07000, 0x0000000098e00000|  2%| O|  |TAMS 0x0000000098d07000, 0x0000000098d07000| Untracked 
|  86|0x0000000098e00000, 0x0000000098f00000, 0x0000000098f00000|100%| O|  |TAMS 0x0000000098f00000, 0x0000000098f00000| Untracked 
|  87|0x0000000098f00000, 0x0000000098f03400, 0x0000000099000000|  1%| O|  |TAMS 0x0000000098f00000, 0x0000000098f03400| Untracked 
|  88|0x0000000099000000, 0x0000000099000000, 0x0000000099100000|  0%| F|  |TAMS 0x0000000099000000, 0x0000000099000000| Untracked 
|  89|0x0000000099100000, 0x0000000099100000, 0x0000000099200000|  0%| F|  |TAMS 0x0000000099100000, 0x0000000099100000| Untracked 
|  90|0x0000000099200000, 0x0000000099200000, 0x0000000099300000|  0%| F|  |TAMS 0x0000000099200000, 0x0000000099200000| Untracked 
|  91|0x0000000099300000, 0x0000000099300000, 0x0000000099400000|  0%| F|  |TAMS 0x0000000099300000, 0x0000000099300000| Untracked 
|  92|0x0000000099400000, 0x0000000099400000, 0x0000000099500000|  0%| F|  |TAMS 0x0000000099400000, 0x0000000099400000| Untracked 
|  93|0x0000000099500000, 0x0000000099557600, 0x0000000099600000| 34%| O|  |TAMS 0x0000000099557600, 0x0000000099557600| Untracked 
|  94|0x0000000099600000, 0x0000000099700000, 0x0000000099700000|100%|HS|  |TAMS 0x0000000099600000, 0x0000000099600000| Complete 
|  95|0x0000000099700000, 0x0000000099800000, 0x0000000099800000|100%|HC|  |TAMS 0x0000000099700000, 0x0000000099700000| Complete 
|  96|0x0000000099800000, 0x0000000099900000, 0x0000000099900000|100%|HC|  |TAMS 0x0000000099800000, 0x0000000099800000| Complete 
|  97|0x0000000099900000, 0x0000000099a00000, 0x0000000099a00000|100%|HC|  |TAMS 0x0000000099900000, 0x0000000099900000| Complete 
|  98|0x0000000099a00000, 0x0000000099b00000, 0x0000000099b00000|100%|HC|  |TAMS 0x0000000099a00000, 0x0000000099a00000| Complete 
|  99|0x0000000099b00000, 0x0000000099c00000, 0x0000000099c00000|100%|HC|  |TAMS 0x0000000099b00000, 0x0000000099b00000| Complete 
| 100|0x0000000099c00000, 0x0000000099d00000, 0x0000000099d00000|100%|HC|  |TAMS 0x0000000099c00000, 0x0000000099c00000| Complete 
| 101|0x0000000099d00000, 0x0000000099e00000, 0x0000000099e00000|100%|HC|  |TAMS 0x0000000099d00000, 0x0000000099d00000| Complete 
| 102|0x0000000099e00000, 0x0000000099f00000, 0x0000000099f00000|100%|HC|  |TAMS 0x0000000099e00000, 0x0000000099e00000| Complete 
| 103|0x0000000099f00000, 0x0000000099f00000, 0x000000009a000000|  0%| F|  |TAMS 0x0000000099f00000, 0x0000000099f00000| Untracked 
| 104|0x000000009a000000, 0x000000009a100000, 0x000000009a100000|100%| O|  |TAMS 0x000000009a100000, 0x000000009a100000| Untracked 
| 105|0x000000009a100000, 0x000000009a100000, 0x000000009a200000|  0%| F|  |TAMS 0x000000009a100000, 0x000000009a100000| Untracked 
| 106|0x000000009a200000, 0x000000009a300000, 0x000000009a300000|100%| O|  |TAMS 0x000000009a300000, 0x000000009a300000| Untracked 
| 107|0x000000009a300000, 0x000000009a400000, 0x000000009a400000|100%| O|  |TAMS 0x000000009a400000, 0x000000009a400000| Untracked 
| 108|0x000000009a400000, 0x000000009a500000, 0x000000009a500000|100%|HS|  |TAMS 0x000000009a400000, 0x000000009a500000| Complete 
| 109|0x000000009a500000, 0x000000009a600000, 0x000000009a600000|100%|HC|  |TAMS 0x000000009a500000, 0x000000009a600000| Complete 
| 110|0x000000009a600000, 0x000000009a700000, 0x000000009a700000|100%|HC|  |TAMS 0x000000009a600000, 0x000000009a700000| Complete 
| 111|0x000000009a700000, 0x000000009a800000, 0x000000009a800000|100%|HC|  |TAMS 0x000000009a700000, 0x000000009a800000| Complete 
| 112|0x000000009a800000, 0x000000009a900000, 0x000000009a900000|100%|HC|  |TAMS 0x000000009a800000, 0x000000009a900000| Complete 
| 113|0x000000009a900000, 0x000000009aa00000, 0x000000009aa00000|100%|HC|  |TAMS 0x000000009a900000, 0x000000009aa00000| Complete 
| 114|0x000000009aa00000, 0x000000009ab00000, 0x000000009ab00000|100%|HC|  |TAMS 0x000000009aa00000, 0x000000009ab00000| Complete 
| 115|0x000000009ab00000, 0x000000009ac00000, 0x000000009ac00000|100%|HC|  |TAMS 0x000000009ab00000, 0x000000009ac00000| Complete 
| 116|0x000000009ac00000, 0x000000009ad00000, 0x000000009ad00000|100%|HC|  |TAMS 0x000000009ac00000, 0x000000009ad00000| Complete 
| 117|0x000000009ad00000, 0x000000009ae00000, 0x000000009ae00000|100%|HC|  |TAMS 0x000000009ad00000, 0x000000009ae00000| Complete 
| 118|0x000000009ae00000, 0x000000009ae00000, 0x000000009af00000|  0%| F|  |TAMS 0x000000009ae00000, 0x000000009ae00000| Untracked 
| 119|0x000000009af00000, 0x000000009af00000, 0x000000009b000000|  0%| F|  |TAMS 0x000000009af00000, 0x000000009af00000| Untracked 
| 120|0x000000009b000000, 0x000000009b000000, 0x000000009b100000|  0%| F|  |TAMS 0x000000009b000000, 0x000000009b000000| Untracked 
| 121|0x000000009b100000, 0x000000009b100000, 0x000000009b200000|  0%| F|  |TAMS 0x000000009b100000, 0x000000009b100000| Untracked 
| 122|0x000000009b200000, 0x000000009b200000, 0x000000009b300000|  0%| F|  |TAMS 0x000000009b200000, 0x000000009b200000| Untracked 
| 123|0x000000009b300000, 0x000000009b300000, 0x000000009b400000|  0%| F|  |TAMS 0x000000009b300000, 0x000000009b300000| Untracked 
| 124|0x000000009b400000, 0x000000009b400000, 0x000000009b500000|  0%| F|  |TAMS 0x000000009b400000, 0x000000009b400000| Untracked 
| 125|0x000000009b500000, 0x000000009b500000, 0x000000009b600000|  0%| F|  |TAMS 0x000000009b500000, 0x000000009b500000| Untracked 
| 126|0x000000009b600000, 0x000000009b600000, 0x000000009b700000|  0%| F|  |TAMS 0x000000009b600000, 0x000000009b600000| Untracked 
| 127|0x000000009b700000, 0x000000009b700000, 0x000000009b800000|  0%| F|  |TAMS 0x000000009b700000, 0x000000009b700000| Untracked 
| 128|0x000000009b800000, 0x000000009b900000, 0x000000009b900000|100%| O|  |TAMS 0x000000009b900000, 0x000000009b900000| Untracked 
| 129|0x000000009b900000, 0x000000009ba00000, 0x000000009ba00000|100%| O|  |TAMS 0x000000009ba00000, 0x000000009ba00000| Untracked 
| 130|0x000000009ba00000, 0x000000009bb00000, 0x000000009bb00000|100%| O|  |TAMS 0x000000009bb00000, 0x000000009bb00000| Untracked 
| 131|0x000000009bb00000, 0x000000009bc00000, 0x000000009bc00000|100%| O|  |TAMS 0x000000009bc00000, 0x000000009bc00000| Untracked 
| 132|0x000000009bc00000, 0x000000009bd00000, 0x000000009bd00000|100%| O|  |TAMS 0x000000009bd00000, 0x000000009bd00000| Untracked 
| 133|0x000000009bd00000, 0x000000009be00000, 0x000000009be00000|100%| O|  |TAMS 0x000000009be00000, 0x000000009be00000| Untracked 
| 134|0x000000009be00000, 0x000000009bf00000, 0x000000009bf00000|100%| O|  |TAMS 0x000000009bf00000, 0x000000009bf00000| Untracked 
| 135|0x000000009bf00000, 0x000000009bf00000, 0x000000009c000000|  0%| F|  |TAMS 0x000000009bf00000, 0x000000009bf00000| Untracked 
| 136|0x000000009c000000, 0x000000009c100000, 0x000000009c100000|100%| O|  |TAMS 0x000000009c100000, 0x000000009c100000| Untracked 
| 137|0x000000009c100000, 0x000000009c200000, 0x000000009c200000|100%| O|  |TAMS 0x000000009c200000, 0x000000009c200000| Untracked 
| 138|0x000000009c200000, 0x000000009c300000, 0x000000009c300000|100%| O|  |TAMS 0x000000009c300000, 0x000000009c300000| Untracked 
| 139|0x000000009c300000, 0x000000009c3c4000, 0x000000009c400000| 76%| O|  |TAMS 0x000000009c3c4000, 0x000000009c3c4000| Untracked 
| 140|0x000000009c400000, 0x000000009c400000, 0x000000009c500000|  0%| F|  |TAMS 0x000000009c400000, 0x000000009c400000| Untracked 
| 141|0x000000009c500000, 0x000000009c500000, 0x000000009c600000|  0%| F|  |TAMS 0x000000009c500000, 0x000000009c500000| Untracked 
| 142|0x000000009c600000, 0x000000009c600000, 0x000000009c700000|  0%| F|  |TAMS 0x000000009c600000, 0x000000009c600000| Untracked 
| 143|0x000000009c700000, 0x000000009c700000, 0x000000009c800000|  0%| F|  |TAMS 0x000000009c700000, 0x000000009c700000| Untracked 
| 144|0x000000009c800000, 0x000000009c800000, 0x000000009c900000|  0%| F|  |TAMS 0x000000009c800000, 0x000000009c800000| Untracked 
| 145|0x000000009c900000, 0x000000009c900000, 0x000000009ca00000|  0%| F|  |TAMS 0x000000009c900000, 0x000000009c900000| Untracked 
| 146|0x000000009ca00000, 0x000000009ca00000, 0x000000009cb00000|  0%| F|  |TAMS 0x000000009ca00000, 0x000000009ca00000| Untracked 
| 147|0x000000009cb00000, 0x000000009cb00000, 0x000000009cc00000|  0%| F|  |TAMS 0x000000009cb00000, 0x000000009cb00000| Untracked 
| 148|0x000000009cc00000, 0x000000009cc00000, 0x000000009cd00000|  0%| F|  |TAMS 0x000000009cc00000, 0x000000009cc00000| Untracked 
| 149|0x000000009cd00000, 0x000000009cd00000, 0x000000009ce00000|  0%| F|  |TAMS 0x000000009cd00000, 0x000000009cd00000| Untracked 
| 150|0x000000009ce00000, 0x000000009ce00000, 0x000000009cf00000|  0%| F|  |TAMS 0x000000009ce00000, 0x000000009ce00000| Untracked 
| 151|0x000000009cf00000, 0x000000009cf00000, 0x000000009d000000|  0%| F|  |TAMS 0x000000009cf00000, 0x000000009cf00000| Untracked 
| 152|0x000000009d000000, 0x000000009d000000, 0x000000009d100000|  0%| F|  |TAMS 0x000000009d000000, 0x000000009d000000| Untracked 
| 153|0x000000009d100000, 0x000000009d200000, 0x000000009d200000|100%|HS|  |TAMS 0x000000009d200000, 0x000000009d200000| Complete 
| 154|0x000000009d200000, 0x000000009d300000, 0x000000009d300000|100%|HC|  |TAMS 0x000000009d300000, 0x000000009d300000| Complete 
| 155|0x000000009d300000, 0x000000009d400000, 0x000000009d400000|100%|HC|  |TAMS 0x000000009d400000, 0x000000009d400000| Complete 
| 156|0x000000009d400000, 0x000000009d500000, 0x000000009d500000|100%|HC|  |TAMS 0x000000009d500000, 0x000000009d500000| Complete 
| 157|0x000000009d500000, 0x000000009d600000, 0x000000009d600000|100%|HC|  |TAMS 0x000000009d600000, 0x000000009d600000| Complete 
| 158|0x000000009d600000, 0x000000009d600000, 0x000000009d700000|  0%| F|  |TAMS 0x000000009d600000, 0x000000009d600000| Untracked 
| 159|0x000000009d700000, 0x000000009d700000, 0x000000009d800000|  0%| F|  |TAMS 0x000000009d700000, 0x000000009d700000| Untracked 
| 160|0x000000009d800000, 0x000000009d800000, 0x000000009d900000|  0%| F|  |TAMS 0x000000009d800000, 0x000000009d800000| Untracked 
| 161|0x000000009d900000, 0x000000009d900000, 0x000000009da00000|  0%| F|  |TAMS 0x000000009d900000, 0x000000009d900000| Untracked 
| 162|0x000000009da00000, 0x000000009da00000, 0x000000009db00000|  0%| F|  |TAMS 0x000000009da00000, 0x000000009da00000| Untracked 
| 163|0x000000009db00000, 0x000000009db00000, 0x000000009dc00000|  0%| F|  |TAMS 0x000000009db00000, 0x000000009db00000| Untracked 
| 164|0x000000009dc00000, 0x000000009dc00000, 0x000000009dd00000|  0%| F|  |TAMS 0x000000009dc00000, 0x000000009dc00000| Untracked 
| 165|0x000000009dd00000, 0x000000009dd00000, 0x000000009de00000|  0%| F|  |TAMS 0x000000009dd00000, 0x000000009dd00000| Untracked 
| 166|0x000000009de00000, 0x000000009de00000, 0x000000009df00000|  0%| F|  |TAMS 0x000000009de00000, 0x000000009de00000| Untracked 
| 167|0x000000009df00000, 0x000000009df00000, 0x000000009e000000|  0%| F|  |TAMS 0x000000009df00000, 0x000000009df00000| Untracked 
| 168|0x000000009e000000, 0x000000009e000000, 0x000000009e100000|  0%| F|  |TAMS 0x000000009e000000, 0x000000009e000000| Untracked 
| 169|0x000000009e100000, 0x000000009e100000, 0x000000009e200000|  0%| F|  |TAMS 0x000000009e100000, 0x000000009e100000| Untracked 
| 170|0x000000009e200000, 0x000000009e200000, 0x000000009e300000|  0%| F|  |TAMS 0x000000009e200000, 0x000000009e200000| Untracked 
| 171|0x000000009e300000, 0x000000009e300000, 0x000000009e400000|  0%| F|  |TAMS 0x000000009e300000, 0x000000009e300000| Untracked 
| 172|0x000000009e400000, 0x000000009e400000, 0x000000009e500000|  0%| F|  |TAMS 0x000000009e400000, 0x000000009e400000| Untracked 
| 175|0x000000009e700000, 0x000000009e700000, 0x000000009e800000|  0%| F|  |TAMS 0x000000009e700000, 0x000000009e700000| Untracked 
| 274|0x00000000a4a00000, 0x00000000a4a00000, 0x00000000a4b00000|  0%| F|  |TAMS 0x00000000a4a00000, 0x00000000a4a00000| Untracked 
| 291|0x00000000a5b00000, 0x00000000a5b00000, 0x00000000a5c00000|  0%| F|  |TAMS 0x00000000a5b00000, 0x00000000a5b00000| Untracked 
| 292|0x00000000a5c00000, 0x00000000a5c01830, 0x00000000a5d00000|  0%| S|CS|TAMS 0x00000000a5c00000, 0x00000000a5c00000| Complete 
| 293|0x00000000a5d00000, 0x00000000a5d00000, 0x00000000a5e00000|  0%| F|  |TAMS 0x00000000a5d00000, 0x00000000a5d00000| Untracked 
| 294|0x00000000a5e00000, 0x00000000a5e00000, 0x00000000a5f00000|  0%| F|  |TAMS 0x00000000a5e00000, 0x00000000a5e00000| Untracked 
| 295|0x00000000a5f00000, 0x00000000a5f00000, 0x00000000a6000000|  0%| F|  |TAMS 0x00000000a5f00000, 0x00000000a5f00000| Untracked 
| 296|0x00000000a6000000, 0x00000000a6000000, 0x00000000a6100000|  0%| F|  |TAMS 0x00000000a6000000, 0x00000000a6000000| Untracked 
| 297|0x00000000a6100000, 0x00000000a6100000, 0x00000000a6200000|  0%| F|  |TAMS 0x00000000a6100000, 0x00000000a6100000| Untracked 
| 298|0x00000000a6200000, 0x00000000a6200000, 0x00000000a6300000|  0%| F|  |TAMS 0x00000000a6200000, 0x00000000a6200000| Untracked 
| 349|0x00000000a9500000, 0x00000000a9500000, 0x00000000a9600000|  0%| F|  |TAMS 0x00000000a9500000, 0x00000000a9500000| Untracked 
| 350|0x00000000a9600000, 0x00000000a9600000, 0x00000000a9700000|  0%| F|  |TAMS 0x00000000a9600000, 0x00000000a9600000| Untracked 
| 514|0x00000000b3a00000, 0x00000000b3a00000, 0x00000000b3b00000|  0%| F|  |TAMS 0x00000000b3a00000, 0x00000000b3a00000| Untracked 
| 617|0x00000000ba100000, 0x00000000ba100000, 0x00000000ba200000|  0%| F|  |TAMS 0x00000000ba100000, 0x00000000ba100000| Untracked 
| 618|0x00000000ba200000, 0x00000000ba280000, 0x00000000ba300000| 50%| E|  |TAMS 0x00000000ba200000, 0x00000000ba200000| Complete 
|1734|0x00000000ffe00000, 0x00000000ffe76000, 0x00000000fff00000| 46%|OA|  |TAMS 0x00000000ffe76000, 0x00000000ffe76000| Untracked 
|1735|0x00000000fff00000, 0x00000000fff82000, 0x0000000100000000| 50%|CA|  |TAMS 0x00000000fff82000, 0x00000000fff82000| Untracked 

Card table byte_map: [0x00007fabb5b32000,0x00007fabb5e96000] _byte_map_base: 0x00007fabb5696000

Marking Bits (Prev, Next): (CMBitMap*) 0x00007fabb007a950, (CMBitMap*) 0x00007fabb007a990
 Prev Bits: [0x00007fab97970000, 0x00007fab99490000)
 Next Bits: [0x00007fab95e50000, 0x00007fab97970000)

Polling page: 0x00007fabb91d2000

Metaspace:

Usage:
  Non-class:      2.21 MB used.
      Class:    194.30 KB used.
       Both:      2.40 MB used.

Virtual space:
  Non-class space:        8.00 MB reserved,       2.25 MB ( 28%) committed,  1 nodes.
      Class space:        1.00 GB reserved,     320.00 KB ( <1%) committed,  1 nodes.
             Both:        1.01 GB reserved,       2.56 MB ( <1%) committed. 

Chunk freelists:
   Non-Class:  2.88 MB
       Class:  3.62 MB
        Both:  6.51 MB

MaxMetaspaceSize: unlimited
CompressedClassSpaceSize: 1.00 GB
Initial GC threshold: 21.00 MB
Current GC threshold: 21.00 MB
CDS: on
MetaspaceReclaimPolicy: balanced
 - commit_granule_bytes: 65536.
 - commit_granule_words: 8192.
 - virtual_space_node_default_size: 1048576.
 - enlarge_chunks_in_place: 1.
 - new_chunks_are_fully_committed: 0.
 - uncommit_free_chunks: 1.
 - use_allocation_guard: 0.
 - handle_deallocations: 1.


Internal statistics:

num_allocs_failed_limit: 0.
num_arena_births: 12.
num_arena_deaths: 0.
num_vsnodes_births: 2.
num_vsnodes_deaths: 0.
num_space_committed: 41.
num_space_uncommitted: 0.
num_chunks_returned_to_freelist: 0.
num_chunks_taken_from_freelist: 64.
num_chunk_merges: 0.
num_chunk_splits: 45.
num_chunks_enlarged: 42.
num_purges: 0.
num_inconsistent_stats: 0.

CodeHeap 'non-profiled nmethods': size=120028Kb used=596Kb max_used=596Kb free=119432Kb
 bounds [0x00007faba0f59000, 0x00007faba11c9000, 0x00007faba8490000]
CodeHeap 'profiled nmethods': size=120028Kb used=1774Kb max_used=1774Kb free=118254Kb
 bounds [0x00007fab99a22000, 0x00007fab99c92000, 0x00007faba0f59000]
CodeHeap 'non-nmethods': size=5704Kb used=1126Kb max_used=1193Kb free=4577Kb
 bounds [0x00007fab99490000, 0x00007fab99700000, 0x00007fab99a22000]
 total_blobs=1385 nmethods=973 adapters=326
 compilation: enabled
              stopped_count=0, restarted_count=0
 full_count=0

Compilation events (20 events):
Event: 11.817 Thread 0x00007fabb0130810  979   !   4       java.io.BufferedWriter::flushBuffer (53 bytes)
Event: 11.819 Thread 0x00007fabb0130810 nmethod 979 0x00007faba0fe8090 code [0x00007faba0fe8220, 0x00007faba0fe85a8]
Event: 14.430 Thread 0x00007fabb0130810  980       4       kotlinx.coroutines.AbstractCoroutine::afterResume (6 bytes)
Event: 14.431 Thread 0x00007fabb0130810 nmethod 980 0x00007faba0fe8710 code [0x00007faba0fe88a0, 0x00007faba0fe8958]
Event: 15.226 Thread 0x00007fabb0130810  981       4       java.util.ArrayList::<init> (61 bytes)
Event: 15.230 Thread 0x00007fabb0130810 nmethod 981 0x00007faba0fe8a10 code [0x00007faba0fe8ba0, 0x00007faba0fe8df8]
Event: 15.260 Thread 0x00007fabb0130810  982   !   4       kotlinx.coroutines.JobSupport::finalizeFinishingState (343 bytes)
Event: 15.294 Thread 0x00007fabb0130810 nmethod 982 0x00007faba0fe8f10 code [0x00007faba0fe9160, 0x00007faba0fe9e70]
Event: 15.616 Thread 0x00007fabb0130810  983   !   4       kotlinx.coroutines.internal.DispatchedContinuationKt::resumeCancellableWith (462 bytes)
Event: 15.622 Thread 0x00007fabb0130810 nmethod 983 0x00007faba0feaa90 code [0x00007faba0feac40, 0x00007faba0feaf08]
Event: 16.127 Thread 0x00007fabb0130810  984       4       kotlinx.coroutines.JobSupportKt::unboxState (34 bytes)
Event: 16.128 Thread 0x00007fabb0130810 nmethod 984 0x00007faba0feb390 code [0x00007faba0feb520, 0x00007faba0feb5b8]
Event: 17.593 Thread 0x00007fabb0130810  985       4       MergeSortWithCoroutines::addCoroutine (19 bytes)
Event: 17.609 Thread 0x00007fabb0130810 nmethod 985 0x00007faba0feb690 code [0x00007faba0feb860, 0x00007faba0febde8]
Event: 19.515 Thread 0x00007fabb0131d40  986       3       kotlinx.coroutines.internal.LockFreeTaskQueueCore::allocateNextCopy (160 bytes)
Event: 19.519 Thread 0x00007fabb0131d40 nmethod 986 0x00007fab99bda690 code [0x00007fab99bdaae0, 0x00007fab99bdcb80]
Event: 29.264 Thread 0x00007fabb0130810  987       4       MergeSortWithCoroutines$addCoroutine$2$firstResult$1::invokeSuspend (85 bytes)
Event: 29.276 Thread 0x00007fabb0130810 nmethod 987 0x00007faba0fec310 code [0x00007faba0fec500, 0x00007faba0fecb88]
Event: 30.168 Thread 0x00007fabb0130810  988       4       MergeSortWithCoroutines$addCoroutine$2$secondResult$1::invokeSuspend (85 bytes)
Event: 30.186 Thread 0x00007fabb0130810 nmethod 988 0x00007faba0fed190 code [0x00007faba0fed380, 0x00007faba0feda08]

GC Heap History (20 events):
Event: 53.766 GC heap before
{Heap before GC invocations=207 (full 0):
 garbage-first heap   total 296960K, used 255608K [0x0000000093800000, 0x0000000100000000)
  region size 1024K, 116 young (118784K), 5 survivors (5120K)
 Metaspace       used 2453K, committed 2624K, reserved 1056768K
  class space    used 194K, committed 320K, reserved 1048576K
}
Event: 53.770 GC heap after
{Heap after GC invocations=208 (full 0):
 garbage-first heap   total 296960K, used 143830K [0x0000000093800000, 0x0000000100000000)
  region size 1024K, 7 young (7168K), 7 survivors (7168K)
 Metaspace       used 2453K, committed 2624K, reserved 1056768K
  class space    used 194K, committed 320K, reserved 1048576K
}
Event: 54.732 GC heap before
{Heap before GC invocations=209 (full 0):
 garbage-first heap   total 296960K, used 271830K [0x0000000093800000, 0x0000000100000000)
  region size 1024K, 112 young (114688K), 7 survivors (7168K)
 Metaspace       used 2453K, committed 2624K, reserved 1056768K
  class space    used 194K, committed 320K, reserved 1048576K
}
Event: 54.757 GC heap after
{Heap after GC invocations=210 (full 0):
 garbage-first heap   total 296960K, used 147362K [0x0000000093800000, 0x0000000100000000)
  region size 1024K, 1 young (1024K), 1 survivors (1024K)
 Metaspace       used 2453K, committed 2624K, reserved 1056768K
  class space    used 194K, committed 320K, reserved 1048576K
}
Event: 54.815 GC heap before
{Heap before GC invocations=210 (full 0):
 garbage-first heap   total 296960K, used 160674K [0x0000000093800000, 0x0000000100000000)
  region size 1024K, 14 young (14336K), 1 survivors (1024K)
 Metaspace       used 2453K, committed 2624K, reserved 1056768K
  class space    used 194K, committed 320K, reserved 1048576K
}
Event: 54.816 GC heap after
{Heap after GC invocations=211 (full 0):
 garbage-first heap   total 296960K, used 146541K [0x0000000093800000, 0x0000000100000000)
  region size 1024K, 1 young (1024K), 1 survivors (1024K)
 Metaspace       used 2453K, committed 2624K, reserved 1056768K
  class space    used 194K, committed 320K, reserved 1048576K
}
Event: 55.320 GC heap before
{Heap before GC invocations=211 (full 0):
 garbage-first heap   total 296960K, used 263277K [0x0000000093800000, 0x0000000100000000)
  region size 1024K, 106 young (108544K), 1 survivors (1024K)
 Metaspace       used 2453K, committed 2624K, reserved 1056768K
  class space    used 194K, committed 320K, reserved 1048576K
}
Event: 55.324 GC heap after
{Heap after GC invocations=212 (full 0):
 garbage-first heap   total 296960K, used 138488K [0x0000000093800000, 0x0000000100000000)
  region size 1024K, 3 young (3072K), 3 survivors (3072K)
 Metaspace       used 2453K, committed 2624K, reserved 1056768K
  class space    used 194K, committed 320K, reserved 1048576K
}
Event: 55.647 GC heap before
{Heap before GC invocations=212 (full 0):
 garbage-first heap   total 296960K, used 254200K [0x0000000093800000, 0x0000000100000000)
  region size 1024K, 116 young (118784K), 3 survivors (3072K)
 Metaspace       used 2453K, committed 2624K, reserved 1056768K
  class space    used 194K, committed 320K, reserved 1048576K
}
Event: 55.652 GC heap after
{Heap after GC invocations=213 (full 0):
 garbage-first heap   total 296960K, used 140534K [0x0000000093800000, 0x0000000100000000)
  region size 1024K, 5 young (5120K), 5 survivors (5120K)
 Metaspace       used 2453K, committed 2624K, reserved 1056768K
  class space    used 194K, committed 320K, reserved 1048576K
}
Event: 55.960 GC heap before
{Heap before GC invocations=213 (full 0):
 garbage-first heap   total 296960K, used 255222K [0x0000000093800000, 0x0000000100000000)
  region size 1024K, 117 young (119808K), 5 survivors (5120K)
 Metaspace       used 2453K, committed 2624K, reserved 1056768K
  class space    used 194K, committed 320K, reserved 1048576K
}
Event: 55.964 GC heap after
{Heap after GC invocations=214 (full 0):
 garbage-first heap   total 296960K, used 142853K [0x0000000093800000, 0x0000000100000000)
  region size 1024K, 7 young (7168K), 7 survivors (7168K)
 Metaspace       used 2453K, committed 2624K, reserved 1056768K
  class space    used 194K, committed 320K, reserved 1048576K
}
Event: 56.560 GC heap before
{Heap before GC invocations=215 (full 0):
 garbage-first heap   total 194560K, used 179717K [0x0000000093800000, 0x0000000100000000)
  region size 1024K, 99 young (101376K), 7 survivors (7168K)
 Metaspace       used 2453K, committed 2624K, reserved 1056768K
  class space    used 194K, committed 320K, reserved 1048576K
}
Event: 56.586 GC heap after
{Heap after GC invocations=216 (full 0):
 garbage-first heap   total 194560K, used 81082K [0x0000000093800000, 0x0000000100000000)
  region size 1024K, 1 young (1024K), 1 survivors (1024K)
 Metaspace       used 2453K, committed 2624K, reserved 1056768K
  class space    used 194K, committed 320K, reserved 1048576K
}
Event: 56.742 GC heap before
{Heap before GC invocations=216 (full 0):
 garbage-first heap   total 194560K, used 114874K [0x0000000093800000, 0x0000000100000000)
  region size 1024K, 9 young (9216K), 1 survivors (1024K)
 Metaspace       used 2453K, committed 2624K, reserved 1056768K
  class space    used 194K, committed 320K, reserved 1048576K
}
Event: 56.762 GC heap after
{Heap after GC invocations=217 (full 0):
 garbage-first heap   total 194560K, used 105590K [0x0000000093800000, 0x0000000100000000)
  region size 1024K, 1 young (1024K), 1 survivors (1024K)
 Metaspace       used 2453K, committed 2624K, reserved 1056768K
  class space    used 194K, committed 320K, reserved 1048576K
}
Event: 56.905 GC heap before
{Heap before GC invocations=217 (full 0):
 garbage-first heap   total 194560K, used 166006K [0x0000000093800000, 0x0000000100000000)
  region size 1024K, 42 young (43008K), 1 survivors (1024K)
 Metaspace       used 2453K, committed 2624K, reserved 1056768K
  class space    used 194K, committed 320K, reserved 1048576K
}
Event: 56.907 GC heap after
{Heap after GC invocations=218 (full 0):
 garbage-first heap   total 194560K, used 113790K [0x0000000093800000, 0x0000000100000000)
  region size 1024K, 1 young (1024K), 1 survivors (1024K)
 Metaspace       used 2453K, committed 2624K, reserved 1056768K
  class space    used 194K, committed 320K, reserved 1048576K
}
Event: 56.941 GC heap before
{Heap before GC invocations=218 (full 0):
 garbage-first heap   total 194560K, used 124030K [0x0000000093800000, 0x0000000100000000)
  region size 1024K, 12 young (12288K), 1 survivors (1024K)
 Metaspace       used 2453K, committed 2624K, reserved 1056768K
  class space    used 194K, committed 320K, reserved 1048576K
}
Event: 56.943 GC heap after
{Heap after GC invocations=219 (full 0):
 garbage-first heap   total 194560K, used 113788K [0x0000000093800000, 0x0000000100000000)
  region size 1024K, 1 young (1024K), 1 survivors (1024K)
 Metaspace       used 2453K, committed 2624K, reserved 1056768K
  class space    used 194K, committed 320K, reserved 1048576K
}

Deoptimization events (20 events):
Event: 1.238 Thread 0x00007fabb0026930 DEOPT PACKING pc=0x00007fab99b8f23c sp=0x00007fabb8bf4250
Event: 1.238 Thread 0x00007fabb0026930 DEOPT UNPACKING pc=0x00007fab994e282f sp=0x00007fabb8bf3710 mode 0
Event: 1.239 Thread 0x00007fabb0026930 DEOPT PACKING pc=0x00007fab99b8f23c sp=0x00007fabb8bf4250
Event: 1.239 Thread 0x00007fabb0026930 DEOPT UNPACKING pc=0x00007fab994e282f sp=0x00007fabb8bf3710 mode 0
Event: 1.239 Thread 0x00007fabb0026930 DEOPT PACKING pc=0x00007fab99b8f23c sp=0x00007fabb8bf4250
Event: 1.239 Thread 0x00007fabb0026930 DEOPT UNPACKING pc=0x00007fab994e282f sp=0x00007fabb8bf3710 mode 0
Event: 1.490 Thread 0x00007fab68000ff0 Uncommon trap: trap_request=0xffffff45 fr.pc=0x00007faba0f732bc relative=0x000000000000039c
Event: 1.490 Thread 0x00007fab68000ff0 Uncommon trap: reason=unstable_if action=reinterpret pc=0x00007faba0f732bc method=java.lang.StringLatin1.indexOf([BI[BII)I @ 91 c2
Event: 1.490 Thread 0x00007fab68000ff0 DEOPT PACKING pc=0x00007faba0f732bc sp=0x00007fab85bfda10
Event: 1.490 Thread 0x00007fab68000ff0 DEOPT UNPACKING pc=0x00007fab994e2099 sp=0x00007fab85bfd990 mode 2
Event: 2.262 Thread 0x00007fabb0026930 DEOPT PACKING pc=0x00007fab99b8e8f7 sp=0x00007fabb8bf4490
Event: 2.262 Thread 0x00007fabb0026930 DEOPT UNPACKING pc=0x00007fab994e282f sp=0x00007fabb8bf3978 mode 0
Event: 4.390 Thread 0x00007fabb0026930 DEOPT PACKING pc=0x00007fab99b82abf sp=0x00007fabb8bf45f0
Event: 4.390 Thread 0x00007fabb0026930 DEOPT UNPACKING pc=0x00007fab994e282f sp=0x00007fabb8bf3c78 mode 0
Event: 5.238 Thread 0x00007fabb0026930 Uncommon trap: trap_request=0xffffff9d fr.pc=0x00007faba0f8a938 relative=0x0000000000000ab8
Event: 5.238 Thread 0x00007fabb0026930 Uncommon trap: reason=unreached action=reinterpret pc=0x00007faba0f8a938 method=Tester.test()V @ 221 c2
Event: 5.238 Thread 0x00007fabb0026930 DEOPT PACKING pc=0x00007faba0f8a938 sp=0x00007fabb8bf4820
Event: 5.238 Thread 0x00007fabb0026930 DEOPT UNPACKING pc=0x00007fab994e2099 sp=0x00007fabb8bf4778 mode 2
Event: 20.547 Thread 0x00007fabb0026930 DEOPT PACKING pc=0x00007fab99bd7bff sp=0x00007fabb8bf45f0
Event: 20.547 Thread 0x00007fabb0026930 DEOPT UNPACKING pc=0x00007fab994e282f sp=0x00007fabb8bf3c78 mode 0

Classes unloaded (0 events):
No events

Classes redefined (0 events):
No events

Internal exceptions (3 events):
Event: 0.134 Thread 0x00007fabb0026930 Implicit null exception at 0x00007faba0f62e55 to 0x00007faba0f62fb4
Event: 0.172 Thread 0x00007fabb01b28a0 Exception <a 'java/lang/NoSuchMethodError'{0x000000009a203120}: 'java.lang.Object java.lang.invoke.DirectMethodHandle$Holder.invokeStaticInit(java.lang.Object)'> (0x000000009a203120) 
thrown [src/hotspot/share/interpreter/linkResolver.cpp, line 766]
Event: 0.181 Thread 0x00007fabb01b28a0 Exception <a 'java/lang/NoSuchMethodError'{0x000000009a2117e8}: 'void java.lang.invoke.DirectMethodHandle$Holder.invokeStatic(java.lang.Object, java.lang.Object)'> (0x000000009a2117e8) 
thrown [src/hotspot/share/interpreter/linkResolver.cpp, line 766]

VM Operations (20 events):
Event: 54.815 Executing VM operation: G1CollectForAllocation
Event: 54.816 Executing VM operation: G1CollectForAllocation done
Event: 55.320 Executing VM operation: G1CollectForAllocation
Event: 55.324 Executing VM operation: G1CollectForAllocation done
Event: 55.647 Executing VM operation: G1CollectForAllocation
Event: 55.652 Executing VM operation: G1CollectForAllocation done
Event: 55.960 Executing VM operation: G1CollectForAllocation
Event: 55.964 Executing VM operation: G1CollectForAllocation done
Event: 56.011 Executing VM operation: G1Concurrent
Event: 56.012 Executing VM operation: G1Concurrent done
Event: 56.029 Executing VM operation: G1Concurrent
Event: 56.029 Executing VM operation: G1Concurrent done
Event: 56.560 Executing VM operation: G1CollectForAllocation
Event: 56.586 Executing VM operation: G1CollectForAllocation done
Event: 56.742 Executing VM operation: G1CollectForAllocation
Event: 56.762 Executing VM operation: G1CollectForAllocation done
Event: 56.905 Executing VM operation: G1CollectForAllocation
Event: 56.907 Executing VM operation: G1CollectForAllocation done
Event: 56.941 Executing VM operation: G1TryInitiateConcMark
Event: 56.943 Executing VM operation: G1TryInitiateConcMark done

Events (20 events):
Event: 1.480 loading class sun/util/cldr/CLDRTimeZoneNameProviderImpl
Event: 1.480 loading class sun/util/locale/provider/TimeZoneNameProviderImpl
Event: 1.480 loading class sun/util/locale/provider/TimeZoneNameProviderImpl done
Event: 1.480 loading class sun/util/cldr/CLDRTimeZoneNameProviderImpl done
Event: 1.486 loading class sun/util/locale/provider/BaseLocaleDataMetaInfo
Event: 1.486 loading class sun/util/locale/provider/BaseLocaleDataMetaInfo done
Event: 1.490 loading class sun/util/resources/cldr/TimeZoneNames
Event: 1.491 loading class sun/util/resources/TimeZoneNamesBundle
Event: 1.491 loading class sun/util/resources/OpenListResourceBundle
Event: 1.491 loading class sun/util/resources/OpenListResourceBundle done
Event: 1.491 loading class sun/util/resources/TimeZoneNamesBundle done
Event: 1.491 loading class sun/util/resources/cldr/TimeZoneNames done
Event: 1.492 loading class sun/util/resources/cldr/TimeZoneNames_en
Event: 1.492 loading class sun/util/resources/cldr/TimeZoneNames_en done
Event: 1.493 loading class sun/util/resources/cldr/TimeZoneNames_en_US
Event: 1.493 loading class sun/util/resources/cldr/TimeZoneNames_en_US done
Event: 1.494 loading class java/util/LinkedHashMap$LinkedKeySet
Event: 1.494 loading class java/util/LinkedHashMap$LinkedKeySet done
Event: 9.563 loading class jdk/internal/access/foreign/MemorySegmentProxy
Event: 9.563 loading class jdk/internal/access/foreign/MemorySegmentProxy done


Dynamic libraries:
93800000-9e500000 rw-p 00000000 00:00 0 
9e500000-9e700000 ---p 00000000 00:00 0 
9e700000-9e800000 rw-p 00000000 00:00 0 
9e800000-a4a00000 ---p 00000000 00:00 0 
a4a00000-a4b00000 rw-p 00000000 00:00 0 
a4b00000-a5b00000 ---p 00000000 00:00 0 
a5b00000-a6300000 rw-p 00000000 00:00 0 
a6300000-a9500000 ---p 00000000 00:00 0 
a9500000-a9700000 rw-p 00000000 00:00 0 
a9700000-b3a00000 ---p 00000000 00:00 0 
b3a00000-b3b00000 rw-p 00000000 00:00 0 
b3b00000-ba100000 ---p 00000000 00:00 0 
ba100000-ba300000 rw-p 00000000 00:00 0 
ba300000-ffe00000 ---p 00000000 00:00 0 
ffe00000-ffe76000 rw-p 00c99000 103:03 4205032                           /home/zzigor/.jdks/corretto-17.0.3/lib/server/classes.jsa
ffe76000-fff00000 rw-p 00000000 00:00 0 
fff00000-fff82000 rw-p 00c17000 103:03 4205032                           /home/zzigor/.jdks/corretto-17.0.3/lib/server/classes.jsa
fff82000-100000000 rw-p 00000000 00:00 0 
800000000-800457000 rw-p 00001000 103:03 4205032                         /home/zzigor/.jdks/corretto-17.0.3/lib/server/classes.jsa
800457000-800bde000 r--p 00458000 103:03 4205032                         /home/zzigor/.jdks/corretto-17.0.3/lib/server/classes.jsa
800bde000-800c00000 ---p 00000000 00:00 0 
800c00000-800c30000 rw-p 00000000 00:00 0 
800c30000-800c40000 ---p 00000000 00:00 0 
800c40000-800c60000 rw-p 00000000 00:00 0 
800c60000-840c00000 ---p 00000000 00:00 0 
55d743000000-55d743001000 r-xp 00000000 103:03 4859709                   /home/zzigor/.jdks/corretto-17.0.3/bin/java
55d743201000-55d743202000 r--p 00001000 103:03 4859709                   /home/zzigor/.jdks/corretto-17.0.3/bin/java
55d743202000-55d743203000 rw-p 00002000 103:03 4859709                   /home/zzigor/.jdks/corretto-17.0.3/bin/java
55d745004000-55d745025000 rw-p 00000000 00:00 0                          [heap]
7fab18000000-7fab18021000 rw-p 00000000 00:00 0 
7fab18021000-7fab1c000000 ---p 00000000 00:00 0 
7fab20000000-7fab20021000 rw-p 00000000 00:00 0 
7fab20021000-7fab24000000 ---p 00000000 00:00 0 
7fab24000000-7fab24021000 rw-p 00000000 00:00 0 
7fab24021000-7fab28000000 ---p 00000000 00:00 0 
7fab28000000-7fab28021000 rw-p 00000000 00:00 0 
7fab28021000-7fab2c000000 ---p 00000000 00:00 0 
7fab2c000000-7fab2c021000 rw-p 00000000 00:00 0 
7fab2c021000-7fab30000000 ---p 00000000 00:00 0 
7fab30000000-7fab30070000 rw-p 00000000 00:00 0 
7fab30070000-7fab34000000 ---p 00000000 00:00 0 
7fab34000000-7fab34021000 rw-p 00000000 00:00 0 
7fab34021000-7fab38000000 ---p 00000000 00:00 0 
7fab38000000-7fab38021000 rw-p 00000000 00:00 0 
7fab38021000-7fab3c000000 ---p 00000000 00:00 0 
7fab3c000000-7fab3c021000 rw-p 00000000 00:00 0 
7fab3c021000-7fab40000000 ---p 00000000 00:00 0 
7fab40000000-7fab40021000 rw-p 00000000 00:00 0 
7fab40021000-7fab44000000 ---p 00000000 00:00 0 
7fab44000000-7fab44021000 rw-p 00000000 00:00 0 
7fab44021000-7fab48000000 ---p 00000000 00:00 0 
7fab48000000-7fab48021000 rw-p 00000000 00:00 0 
7fab48021000-7fab4c000000 ---p 00000000 00:00 0 
7fab4c000000-7fab4c021000 rw-p 00000000 00:00 0 
7fab4c021000-7fab50000000 ---p 00000000 00:00 0 
7fab50000000-7fab50021000 rw-p 00000000 00:00 0 
7fab50021000-7fab54000000 ---p 00000000 00:00 0 
7fab54000000-7fab54adc000 rw-p 00000000 00:00 0 
7fab54adc000-7fab58000000 ---p 00000000 00:00 0 
7fab58000000-7fab586f8000 rw-p 00000000 00:00 0 
7fab586f8000-7fab5c000000 ---p 00000000 00:00 0 
7fab5c000000-7fab5c021000 rw-p 00000000 00:00 0 
7fab5c021000-7fab60000000 ---p 00000000 00:00 0 
7fab60000000-7fab60021000 rw-p 00000000 00:00 0 
7fab60021000-7fab64000000 ---p 00000000 00:00 0 
7fab64000000-7fab66299000 rw-p 00000000 00:00 0 
7fab66299000-7fab68000000 ---p 00000000 00:00 0 
7fab68000000-7fab68021000 rw-p 00000000 00:00 0 
7fab68021000-7fab6c000000 ---p 00000000 00:00 0 
7fab6c000000-7fab6c021000 rw-p 00000000 00:00 0 
7fab6c021000-7fab70000000 ---p 00000000 00:00 0 
7fab70000000-7fab70021000 rw-p 00000000 00:00 0 
7fab70021000-7fab74000000 ---p 00000000 00:00 0 
7fab74000000-7fab74021000 rw-p 00000000 00:00 0 
7fab74021000-7fab78000000 ---p 00000000 00:00 0 
7fab78000000-7fab78021000 rw-p 00000000 00:00 0 
7fab78021000-7fab7c000000 ---p 00000000 00:00 0 
7fab7c000000-7fab7c1a7000 rw-p 00000000 00:00 0 
7fab7c1a7000-7fab80000000 ---p 00000000 00:00 0 
7fab80000000-7fab80021000 rw-p 00000000 00:00 0 
7fab80021000-7fab84000000 ---p 00000000 00:00 0 
7fab853f2000-7fab853f3000 ---p 00000000 00:00 0 
7fab853f3000-7fab854f4000 rw-p 00000000 00:00 0 
7fab854f4000-7fab854f5000 ---p 00000000 00:00 0 
7fab854f5000-7fab855f6000 rw-p 00000000 00:00 0 
7fab855f6000-7fab855f7000 ---p 00000000 00:00 0 
7fab855f7000-7fab856f8000 rw-p 00000000 00:00 0 
7fab856f8000-7fab856f9000 ---p 00000000 00:00 0 
7fab856f9000-7fab857fa000 rw-p 00000000 00:00 0 
7fab857fa000-7fab857fb000 ---p 00000000 00:00 0 
7fab857fb000-7fab858fc000 rw-p 00000000 00:00 0 
7fab858fc000-7fab858fd000 ---p 00000000 00:00 0 
7fab858fd000-7fab859fe000 rw-p 00000000 00:00 0 
7fab859fe000-7fab859ff000 ---p 00000000 00:00 0 
7fab859ff000-7fab85b00000 rw-p 00000000 00:00 0 
7fab85b00000-7fab85b04000 ---p 00000000 00:00 0 
7fab85b04000-7fab85c00000 rw-p 00000000 00:00 0 
7fab85c00000-7fab85c02000 r-xp 00000000 103:03 4205063                   /home/zzigor/.jdks/corretto-17.0.3/lib/libextnet.so
7fab85c02000-7fab85e01000 ---p 00002000 103:03 4205063                   /home/zzigor/.jdks/corretto-17.0.3/lib/libextnet.so
7fab85e01000-7fab85e02000 r--p 00001000 103:03 4205063                   /home/zzigor/.jdks/corretto-17.0.3/lib/libextnet.so
7fab85e02000-7fab85e03000 rw-p 00000000 00:00 0 
7fab85efe000-7fab85eff000 ---p 00000000 00:00 0 
7fab85eff000-7fab88000000 rw-p 00000000 00:00 0 
7fab88000000-7fab88021000 rw-p 00000000 00:00 0 
7fab88021000-7fab8c000000 ---p 00000000 00:00 0 
7fab8c000000-7fab8c420000 rw-p 00000000 00:00 0 
7fab8c420000-7fab90000000 ---p 00000000 00:00 0 
7fab90000000-7fab90021000 rw-p 00000000 00:00 0 
7fab90021000-7fab94000000 ---p 00000000 00:00 0 
7fab940fa000-7fab940fb000 ---p 00000000 00:00 0 
7fab940fb000-7fab941fc000 rw-p 00000000 00:00 0 
7fab941fc000-7fab941fd000 ---p 00000000 00:00 0 
7fab941fd000-7fab942fe000 rw-p 00000000 00:00 0 
7fab942fe000-7fab942ff000 ---p 00000000 00:00 0 
7fab942ff000-7fab94400000 rw-p 00000000 00:00 0 
7fab94400000-7fab94414000 r-xp 00000000 103:03 4205019                   /home/zzigor/.jdks/corretto-17.0.3/lib/libnet.so
7fab94414000-7fab94614000 ---p 00014000 103:03 4205019                   /home/zzigor/.jdks/corretto-17.0.3/lib/libnet.so
7fab94614000-7fab94615000 r--p 00014000 103:03 4205019                   /home/zzigor/.jdks/corretto-17.0.3/lib/libnet.so
7fab94615000-7fab94616000 rw-p 00015000 103:03 4205019                   /home/zzigor/.jdks/corretto-17.0.3/lib/libnet.so
7fab94700000-7fab94704000 ---p 00000000 00:00 0 
7fab94704000-7fab94800000 rw-p 00000000 00:00 0 
7fab94800000-7fab94812000 r-xp 00000000 103:03 4205020                   /home/zzigor/.jdks/corretto-17.0.3/lib/libnio.so
7fab94812000-7fab94a11000 ---p 00012000 103:03 4205020                   /home/zzigor/.jdks/corretto-17.0.3/lib/libnio.so
7fab94a11000-7fab94a12000 r--p 00011000 103:03 4205020                   /home/zzigor/.jdks/corretto-17.0.3/lib/libnio.so
7fab94a12000-7fab94a13000 rw-p 00012000 103:03 4205020                   /home/zzigor/.jdks/corretto-17.0.3/lib/libnio.so
7fab94b00000-7fab94b04000 ---p 00000000 00:00 0 
7fab94b04000-7fab94c00000 rw-p 00000000 00:00 0 
7fab94c00000-7fab94c1a000 r-xp 00000000 103:03 4205022                   /home/zzigor/.jdks/corretto-17.0.3/lib/libzip.so
7fab94c1a000-7fab94e1a000 ---p 0001a000 103:03 4205022                   /home/zzigor/.jdks/corretto-17.0.3/lib/libzip.so
7fab94e1a000-7fab94e1b000 r--p 0001a000 103:03 4205022                   /home/zzigor/.jdks/corretto-17.0.3/lib/libzip.so
7fab94e1b000-7fab94e1c000 rw-p 00000000 00:00 0 
7fab94f00000-7fab94f04000 ---p 00000000 00:00 0 
7fab94f04000-7fab95000000 rw-p 00000000 00:00 0 
7fab95000000-7fab95004000 ---p 00000000 00:00 0 
7fab95004000-7fab95100000 rw-p 00000000 00:00 0 
7fab95100000-7fab95104000 ---p 00000000 00:00 0 
7fab95104000-7fab95200000 rw-p 00000000 00:00 0 
7fab95200000-7fab95204000 ---p 00000000 00:00 0 
7fab95204000-7fab95300000 rw-p 00000000 00:00 0 
7fab95300000-7fab95304000 ---p 00000000 00:00 0 
7fab95304000-7fab95520000 rw-p 00000000 00:00 0 
7fab95520000-7fab95800000 ---p 00000000 00:00 0 
7fab95800000-7fab95920000 rw-p 00000000 00:00 0 
7fab95920000-7fab95c00000 ---p 00000000 00:00 0 
7fab95c50000-7fab95c54000 ---p 00000000 00:00 0 
7fab95c54000-7fab95d50000 rw-p 00000000 00:00 0 
7fab95d50000-7fab95d54000 ---p 00000000 00:00 0 
7fab95d54000-7fab96104000 rw-p 00000000 00:00 0 
7fab96104000-7fab9610c000 ---p 00000000 00:00 0 
7fab9610c000-7fab96110000 rw-p 00000000 00:00 0 
7fab96110000-7fab96298000 ---p 00000000 00:00 0 
7fab96298000-7fab9629c000 rw-p 00000000 00:00 0 
7fab9629c000-7fab962dc000 ---p 00000000 00:00 0 
7fab962dc000-7fab962fc000 rw-p 00000000 00:00 0 
7fab962fc000-7fab963c4000 ---p 00000000 00:00 0 
7fab963c4000-7fab963cc000 rw-p 00000000 00:00 0 
7fab963cc000-7fab96658000 ---p 00000000 00:00 0 
7fab96658000-7fab9665c000 rw-p 00000000 00:00 0 
7fab9665c000-7fab967f4000 ---p 00000000 00:00 0 
7fab967f4000-7fab967fc000 rw-p 00000000 00:00 0 
7fab967fc000-7fab97968000 ---p 00000000 00:00 0 
7fab97968000-7fab97c24000 rw-p 00000000 00:00 0 
7fab97c24000-7fab97c2c000 ---p 00000000 00:00 0 
7fab97c2c000-7fab97c30000 rw-p 00000000 00:00 0 
7fab97c30000-7fab97db8000 ---p 00000000 00:00 0 
7fab97db8000-7fab97dbc000 rw-p 00000000 00:00 0 
7fab97dbc000-7fab97dfc000 ---p 00000000 00:00 0 
7fab97dfc000-7fab97e1c000 rw-p 00000000 00:00 0 
7fab97e1c000-7fab97ee4000 ---p 00000000 00:00 0 
7fab97ee4000-7fab97eec000 rw-p 00000000 00:00 0 
7fab97eec000-7fab98178000 ---p 00000000 00:00 0 
7fab98178000-7fab9817c000 rw-p 00000000 00:00 0 
7fab9817c000-7fab98314000 ---p 00000000 00:00 0 
7fab98314000-7fab9831c000 rw-p 00000000 00:00 0 
7fab9831c000-7fab99488000 ---p 00000000 00:00 0 
7fab99488000-7fab99490000 rw-p 00000000 00:00 0 
7fab99490000-7fab99700000 rwxp 00000000 00:00 0 
7fab99700000-7fab99a22000 ---p 00000000 00:00 0 
7fab99a22000-7fab99c92000 rwxp 00000000 00:00 0 
7fab99c92000-7faba0f59000 ---p 00000000 00:00 0 
7faba0f59000-7faba11c9000 rwxp 00000000 00:00 0 
7faba11c9000-7faba8490000 ---p 00000000 00:00 0 
7faba8490000-7fabb0000000 r--s 00000000 103:03 4205009                   /home/zzigor/.jdks/corretto-17.0.3/lib/modules
7fabb0000000-7fabb03f0000 rw-p 00000000 00:00 0 
7fabb03f0000-7fabb4000000 ---p 00000000 00:00 0 
7fabb4017000-7fabb401b000 ---p 00000000 00:00 0 
7fabb401b000-7fabb4117000 rw-p 00000000 00:00 0 
7fabb4117000-7fabb4400000 r--p 00000000 103:03 3549241                   /usr/lib/locale/locale-archive
7fabb4400000-7fabb4404000 ---p 00000000 00:00 0 
7fabb4404000-7fabb4500000 rw-p 00000000 00:00 0 
7fabb4500000-7fabb4504000 ---p 00000000 00:00 0 
7fabb4504000-7fabb4600000 rw-p 00000000 00:00 0 
7fabb4600000-7fabb46ce000 r-xp 00000000 103:03 4205058                   /home/zzigor/.jdks/corretto-17.0.3/lib/libjsvml.so
7fabb46ce000-7fabb48cd000 ---p 000ce000 103:03 4205058                   /home/zzigor/.jdks/corretto-17.0.3/lib/libjsvml.so
7fabb48cd000-7fabb48ce000 r--p 000cd000 103:03 4205058                   /home/zzigor/.jdks/corretto-17.0.3/lib/libjsvml.so
7fabb48ce000-7fabb48cf000 rw-p 000ce000 103:03 4205058                   /home/zzigor/.jdks/corretto-17.0.3/lib/libjsvml.so
7fabb49ba000-7fabb49bb000 ---p 00000000 00:00 0 
7fabb49bb000-7fabb4abc000 rw-p 00000000 00:00 0 
7fabb4abc000-7fabb4abd000 ---p 00000000 00:00 0 
7fabb4abd000-7fabb4bbe000 rw-p 00000000 00:00 0 
7fabb4bbe000-7fabb4bbf000 ---p 00000000 00:00 0 
7fabb4bbf000-7fabb54c8000 rw-p 00000000 00:00 0 
7fabb54c8000-7fabb54c9000 ---p 00000000 00:00 0 
7fabb54c9000-7fabb55ca000 rw-p 00000000 00:00 0 
7fabb55ca000-7fabb55cb000 ---p 00000000 00:00 0 
7fabb55cb000-7fabb56cc000 rw-p 00000000 00:00 0 
7fabb56cc000-7fabb56cd000 ---p 00000000 00:00 0 
7fabb56cd000-7fabb5826000 rw-p 00000000 00:00 0 
7fabb5826000-7fabb5857000 ---p 00000000 00:00 0 
7fabb5857000-7fabb5858000 rw-p 00000000 00:00 0 
7fabb5858000-7fabb585f000 ---p 00000000 00:00 0 
7fabb585f000-7fabb5864000 rw-p 00000000 00:00 0 
7fabb5864000-7fabb587c000 ---p 00000000 00:00 0 
7fabb587c000-7fabb587e000 rw-p 00000000 00:00 0 
7fabb587e000-7fabb58cf000 ---p 00000000 00:00 0 
7fabb58cf000-7fabb58d0000 rw-p 00000000 00:00 0 
7fabb58d0000-7fabb5902000 ---p 00000000 00:00 0 
7fabb5902000-7fabb5904000 rw-p 00000000 00:00 0 
7fabb5904000-7fabb5b31000 ---p 00000000 00:00 0 
7fabb5b31000-7fabb5b8a000 rw-p 00000000 00:00 0 
7fabb5b8a000-7fabb5bbb000 ---p 00000000 00:00 0 
7fabb5bbb000-7fabb5bbc000 rw-p 00000000 00:00 0 
7fabb5bbc000-7fabb5bc3000 ---p 00000000 00:00 0 
7fabb5bc3000-7fabb5bc8000 rw-p 00000000 00:00 0 
7fabb5bc8000-7fabb5be0000 ---p 00000000 00:00 0 
7fabb5be0000-7fabb5be2000 rw-p 00000000 00:00 0 
7fabb5be2000-7fabb5c33000 ---p 00000000 00:00 0 
7fabb5c33000-7fabb5c34000 rw-p 00000000 00:00 0 
7fabb5c34000-7fabb5c66000 ---p 00000000 00:00 0 
7fabb5c66000-7fabb5c68000 rw-p 00000000 00:00 0 
7fabb5c68000-7fabb5e95000 ---p 00000000 00:00 0 
7fabb5e95000-7fabb5eee000 rw-p 00000000 00:00 0 
7fabb5eee000-7fabb5f1f000 ---p 00000000 00:00 0 
7fabb5f1f000-7fabb5f20000 rw-p 00000000 00:00 0 
7fabb5f20000-7fabb5f27000 ---p 00000000 00:00 0 
7fabb5f27000-7fabb5f2c000 rw-p 00000000 00:00 0 
7fabb5f2c000-7fabb5f44000 ---p 00000000 00:00 0 
7fabb5f44000-7fabb5f46000 rw-p 00000000 00:00 0 
7fabb5f46000-7fabb5f97000 ---p 00000000 00:00 0 
7fabb5f97000-7fabb5f98000 rw-p 00000000 00:00 0 
7fabb5f98000-7fabb5fca000 ---p 00000000 00:00 0 
7fabb5fca000-7fabb5fcc000 rw-p 00000000 00:00 0 
7fabb5fcc000-7fabb61f9000 ---p 00000000 00:00 0 
7fabb61f9000-7fabb6800000 rw-p 00000000 00:00 0 
7fabb6800000-7fabb6824000 r-xp 00000000 103:03 4205015                   /home/zzigor/.jdks/corretto-17.0.3/lib/libjava.so
7fabb6824000-7fabb6a23000 ---p 00024000 103:03 4205015                   /home/zzigor/.jdks/corretto-17.0.3/lib/libjava.so
7fabb6a23000-7fabb6a24000 r--p 00023000 103:03 4205015                   /home/zzigor/.jdks/corretto-17.0.3/lib/libjava.so
7fabb6a24000-7fabb6a25000 rw-p 00024000 103:03 4205015                   /home/zzigor/.jdks/corretto-17.0.3/lib/libjava.so
7fabb6a25000-7fabb6a26000 rw-p 00000000 00:00 0 
7fabb6aff000-7fabb6c00000 rw-p 00000000 00:00 0 
7fabb6c00000-7fabb6c0a000 r-xp 00000000 103:03 4205047                   /home/zzigor/.jdks/corretto-17.0.3/lib/libinstrument.so
7fabb6c0a000-7fabb6e09000 ---p 0000a000 103:03 4205047                   /home/zzigor/.jdks/corretto-17.0.3/lib/libinstrument.so
7fabb6e09000-7fabb6e0a000 r--p 00009000 103:03 4205047                   /home/zzigor/.jdks/corretto-17.0.3/lib/libinstrument.so
7fabb6e0a000-7fabb6e0b000 rw-p 0000a000 103:03 4205047                   /home/zzigor/.jdks/corretto-17.0.3/lib/libinstrument.so
7fabb6e7e000-7fabb7000000 rw-p 00000000 00:00 0 
7fabb7000000-7fabb701b000 r-xp 00000000 103:03 4205016                   /home/zzigor/.jdks/corretto-17.0.3/lib/libjimage.so
7fabb701b000-7fabb721a000 ---p 0001b000 103:03 4205016                   /home/zzigor/.jdks/corretto-17.0.3/lib/libjimage.so
7fabb721a000-7fabb721c000 r--p 0001a000 103:03 4205016                   /home/zzigor/.jdks/corretto-17.0.3/lib/libjimage.so
7fabb721c000-7fabb721d000 rw-p 0001c000 103:03 4205016                   /home/zzigor/.jdks/corretto-17.0.3/lib/libjimage.so
7fabb722a000-7fabb722f000 rw-p 00000000 00:00 0 
7fabb722f000-7fabb7315000 ---p 00000000 00:00 0 
7fabb7315000-7fabb731a000 rw-p 00000000 00:00 0 
7fabb731a000-7fabb7400000 ---p 00000000 00:00 0 
7fabb7400000-7fabb86e6000 r-xp 00000000 103:03 4205030                   /home/zzigor/.jdks/corretto-17.0.3/lib/server/libjvm.so
7fabb86e6000-7fabb88e6000 ---p 012e6000 103:03 4205030                   /home/zzigor/.jdks/corretto-17.0.3/lib/server/libjvm.so
7fabb88e6000-7fabb899f000 r--p 012e6000 103:03 4205030                   /home/zzigor/.jdks/corretto-17.0.3/lib/server/libjvm.so
7fabb899f000-7fabb89d4000 rw-p 0139f000 103:03 4205030                   /home/zzigor/.jdks/corretto-17.0.3/lib/server/libjvm.so
7fabb89d4000-7fabb8a2d000 rw-p 00000000 00:00 0 
7fabb8a5a000-7fabb8af6000 rw-p 00000000 00:00 0 
7fabb8af6000-7fabb8afa000 ---p 00000000 00:00 0 
7fabb8afa000-7fabb8bf6000 rw-p 00000000 00:00 0 
7fabb8bf6000-7fabb8c22000 r--p 00000000 103:03 3549025                   /usr/lib/libc.so.6
7fabb8c22000-7fabb8d98000 r-xp 0002c000 103:03 3549025                   /usr/lib/libc.so.6
7fabb8d98000-7fabb8dec000 r--p 001a2000 103:03 3549025                   /usr/lib/libc.so.6
7fabb8dec000-7fabb8ded000 ---p 001f6000 103:03 3549025                   /usr/lib/libc.so.6
7fabb8ded000-7fabb8df0000 r--p 001f6000 103:03 3549025                   /usr/lib/libc.so.6
7fabb8df0000-7fabb8df3000 rw-p 001f9000 103:03 3549025                   /usr/lib/libc.so.6
7fabb8df3000-7fabb8e00000 rw-p 00000000 00:00 0 
7fabb8e00000-7fabb8e19000 r-xp 00000000 103:03 4205017                   /home/zzigor/.jdks/corretto-17.0.3/lib/libjli.so
7fabb8e19000-7fabb9018000 ---p 00019000 103:03 4205017                   /home/zzigor/.jdks/corretto-17.0.3/lib/libjli.so
7fabb9018000-7fabb9019000 r--p 00018000 103:03 4205017                   /home/zzigor/.jdks/corretto-17.0.3/lib/libjli.so
7fabb9019000-7fabb901a000 rw-p 00019000 103:03 4205017                   /home/zzigor/.jdks/corretto-17.0.3/lib/libjli.so
7fabb904e000-7fabb90be000 rw-p 00000000 00:00 0 
7fabb90be000-7fabb90ce000 r--p 00000000 103:03 3549035                   /usr/lib/libm.so.6
7fabb90ce000-7fabb9148000 r-xp 00010000 103:03 3549035                   /usr/lib/libm.so.6
7fabb9148000-7fabb91a4000 r--p 0008a000 103:03 3549035                   /usr/lib/libm.so.6
7fabb91a4000-7fabb91a5000 r--p 000e5000 103:03 3549035                   /usr/lib/libm.so.6
7fabb91a5000-7fabb91a6000 rw-p 000e6000 103:03 3549035                   /usr/lib/libm.so.6
7fabb91a6000-7fabb91a7000 r--p 00000000 103:03 3549058                   /usr/lib/librt.so.1
7fabb91a7000-7fabb91a8000 r-xp 00001000 103:03 3549058                   /usr/lib/librt.so.1
7fabb91a8000-7fabb91a9000 r--p 00002000 103:03 3549058                   /usr/lib/librt.so.1
7fabb91a9000-7fabb91aa000 r--p 00002000 103:03 3549058                   /usr/lib/librt.so.1
7fabb91aa000-7fabb91ab000 rw-p 00003000 103:03 3549058                   /usr/lib/librt.so.1
7fabb91ab000-7fabb91ad000 rw-p 00000000 00:00 0 
7fabb91ad000-7fabb91ae000 r--p 00000000 103:03 3549030                   /usr/lib/libdl.so.2
7fabb91ae000-7fabb91af000 r-xp 00001000 103:03 3549030                   /usr/lib/libdl.so.2
7fabb91af000-7fabb91b0000 r--p 00002000 103:03 3549030                   /usr/lib/libdl.so.2
7fabb91b0000-7fabb91b1000 r--p 00002000 103:03 3549030                   /usr/lib/libdl.so.2
7fabb91b1000-7fabb91b2000 rw-p 00003000 103:03 3549030                   /usr/lib/libdl.so.2
7fabb91b2000-7fabb91b3000 r--p 00000000 103:03 3549053                   /usr/lib/libpthread.so.0
7fabb91b3000-7fabb91b4000 r-xp 00001000 103:03 3549053                   /usr/lib/libpthread.so.0
7fabb91b4000-7fabb91b5000 r--p 00002000 103:03 3549053                   /usr/lib/libpthread.so.0
7fabb91b5000-7fabb91b6000 r--p 00002000 103:03 3549053                   /usr/lib/libpthread.so.0
7fabb91b6000-7fabb91b7000 rw-p 00003000 103:03 3549053                   /usr/lib/libpthread.so.0
7fabb91be000-7fabb91c3000 rw-p 00000000 00:00 0 
7fabb91c3000-7fabb91ca000 ---p 00000000 00:00 0 
7fabb91ca000-7fabb91d2000 rw-s 00000000 00:20 110                        /tmp/hsperfdata_zzigor/2498
7fabb91d2000-7fabb91d3000 ---p 00000000 00:00 0 
7fabb91d3000-7fabb91d4000 r--p 00000000 00:00 0 
7fabb91d4000-7fabb91d6000 rw-p 00000000 00:00 0 
7fabb91d6000-7fabb91d8000 r--p 00000000 103:03 3549016                   /usr/lib/ld-linux-x86-64.so.2
7fabb91d8000-7fabb91ff000 r-xp 00002000 103:03 3549016                   /usr/lib/ld-linux-x86-64.so.2
7fabb91ff000-7fabb920a000 r--p 00029000 103:03 3549016                   /usr/lib/ld-linux-x86-64.so.2
7fabb920a000-7fabb920b000 ---p 00000000 00:00 0 
7fabb920b000-7fabb920d000 r--p 00034000 103:03 3549016                   /usr/lib/ld-linux-x86-64.so.2
7fabb920d000-7fabb920f000 rw-p 00036000 103:03 3549016                   /usr/lib/ld-linux-x86-64.so.2
7ffee0fd5000-7ffee0ff7000 rw-p 00000000 00:00 0                          [stack]
7ffee0ff9000-7ffee0ffd000 r--p 00000000 00:00 0                          [vvar]
7ffee0ffd000-7ffee0fff000 r-xp 00000000 00:00 0                          [vdso]
ffffffffff600000-ffffffffff601000 --xp 00000000 00:00 0                  [vsyscall]


VM Arguments:
jvm_args: -javaagent:/home/zzigor/.local/share/JetBrains/Toolbox/apps/IDEA-U/ch-0/221.5591.52/lib/idea_rt.jar=36257:/home/zzigor/.local/share/JetBrains/Toolbox/apps/IDEA-U/ch-0/221.5591.52/bin -Dfile.encoding=UTF-8 
java_command: CoroutinesMainKt
java_class_path (initial): /home/zzigor/Projects/Kotlin_HW/build/classes/kotlin/main:/home/zzigor/.gradle/caches/modules-2/files-2.1/org.jetbrains.lets-plot/lets-plot-kotlin-jvm/3.2.0/89031f91c7f82807b5b1384d5f5914155c1320a2/plot-api-jvm-3.2.0.jar:/home/zzigor/.gradle/caches/modules-2/files-2.1/org.jetbrains.lets-plot/lets-plot-jfx/2.3.0/8f8326dd9a4678160adcd5d0d3424e7a39b19c0f/lets-plot-jfx-2.3.0.jar:/home/zzigor/.gradle/caches/modules-2/files-2.1/org.jetbrains.kotlin/kotlin-stdlib-jdk8/1.6.0/baf82c475e9372c25407f3d132439e4aa803b8b8/kotlin-stdlib-jdk8-1.6.0.jar:/home/zzigor/.gradle/caches/modules-2/files-2.1/org.slf4j/slf4j-simple/1.7.36/a41f9cfe6faafb2eb83a1c7dd2d0dfd844e2a936/slf4j-simple-1.7.36.jar:/home/zzigor/.gradle/caches/modules-2/files-2.1/org.openjfx/javafx-swing/18.0.1/5022f369b31895b28f299d201d9bf966a6ac467e/javafx-swing-18.0.1-linux.jar:/home/zzigor/.gradle/caches/modules-2/files-2.1/org.openjfx/javafx-graphics/18.0.1/4180a4bfda9692cbb444fb70b2506546e03f961b/javafx-graphics-18.0.1.jar:/home/zzigor/.gradle/caches/modules-2/files-2.1/org.openjfx/javafx-graphics/18.0.1/93f6adacabe2b0f02b80a7f29cccd5c3225a393c/javafx-graphics-18.0.1-linux.jar:/home/zzigor/.gradle/caches/modules-2/files-2.1/org.openjfx/javafx-base/18.0.1/be9bf95be2716c11b88594eeaf4b832874265cc9/javafx-base-18.0.1.jar:/home/zzigor/.gradle/caches/modules-2/files-2.1/org.openjfx/javafx-base/18.0.1/5f83cebdb6dd89aef138e418ec4e6f87fae5e8ab/javafx-base-18.0.1-linux.jar:/home/zzigor/.gradle/caches/modules-2/files-2.1/org.jetbrains.lets-plot/lets-plot-common/2.3.0/62501fe2e15a57e1825a45e982a1dc07e68e39e2/lets-plot-common-2.3.0.jar:/home/zzigor/.gradle/caches/modules-2/files-2.1/org.jetbrains.kotlin/kotlin-stdlib-common/1.6.0/7857e365f925cfa060f941c1357cda1f8790502c/kotlin-stdlib-common-1.6.0.jar:/home/zzigor/.gradle/caches/modules-2/files-2.1/org.jetbrains.kotlinx/kotlinx-coroutines-core-jvm/1.6.1/97fd74ccf54a863d221956ffcd21835e168e2aaa/kotlinx-coroutines-core-jvm-1.6.1.jar:/home/zzigor/.gradle/
Launcher Type: SUN_STANDARD

[Global flags]
     intx CICompilerCount                          = 4                                         {product} {ergonomic}
     uint ConcGCThreads                            = 2                                         {product} {ergonomic}
     uint G1ConcRefinementThreads                  = 8                                         {product} {ergonomic}
   size_t G1HeapRegionSize                         = 1048576                                   {product} {ergonomic}
    uintx GCDrainStackTargetSize                   = 64                                        {product} {ergonomic}
   size_t InitialHeapSize                          = 115343360                                 {product} {ergonomic}
   size_t MarkStackSize                            = 4194304                                   {product} {ergonomic}
   size_t MaxHeapSize                              = 1820327936                                {product} {ergonomic}
   size_t MaxNewSize                               = 1091567616                                {product} {ergonomic}
   size_t MinHeapDeltaBytes                        = 1048576                                   {product} {ergonomic}
   size_t MinHeapSize                              = 8388608                                   {product} {ergonomic}
    uintx NonNMethodCodeHeapSize                   = 5839372                                {pd product} {ergonomic}
    uintx NonProfiledCodeHeapSize                  = 122909434                              {pd product} {ergonomic}
    uintx ProfiledCodeHeapSize                     = 122909434                              {pd product} {ergonomic}
    uintx ReservedCodeCacheSize                    = 251658240                              {pd product} {ergonomic}
     bool SegmentedCodeCache                       = true                                      {product} {ergonomic}
   size_t SoftMaxHeapSize                          = 1820327936                             {manageable} {ergonomic}
     bool UseCompressedClassPointers               = true                           {product lp64_product} {ergonomic}
     bool UseCompressedOops                        = true                           {product lp64_product} {ergonomic}
     bool UseG1GC                                  = true                                      {product} {ergonomic}

Logging:
Log output configuration:
 #0: stdout all=warning uptime,level,tags
 #1: stderr all=off uptime,level,tags

Environment Variables:
PATH=/home/zzigor/.local/bin:/usr/local/bin:/usr/bin:/usr/local/sbin:/usr/lib/jvm/default/bin:/usr/bin/site_perl:/usr/bin/vendor_perl:/usr/bin/core_perl
USERNAME=zzigor
SHELL=/bin/zsh
DISPLAY=:0
LANG=en_US.UTF-8

Signal Handlers:
   SIGSEGV: crash_handler in libjvm.so, mask=11100100010111111101111111111110, flags=SA_RESTART|SA_SIGINFO
    SIGBUS: crash_handler in libjvm.so, mask=11100100010111111101111111111110, flags=SA_RESTART|SA_SIGINFO
    SIGFPE: crash_handler in libjvm.so, mask=11100100010111111101111111111110, flags=SA_RESTART|SA_SIGINFO
   SIGPIPE: javaSignalHandler in libjvm.so, mask=11100100010111111101111111111110, flags=SA_RESTART|SA_SIGINFO
   SIGXFSZ: javaSignalHandler in libjvm.so, mask=11100100010111111101111111111110, flags=SA_RESTART|SA_SIGINFO
    SIGILL: crash_handler in libjvm.so, mask=11100100010111111101111111111110, flags=SA_RESTART|SA_SIGINFO
   SIGUSR2: SR_handler in libjvm.so, mask=00100000000000000000000000000000, flags=SA_RESTART|SA_SIGINFO
    SIGHUP: UserHandler in libjvm.so, mask=11100100010111111101111111111110, flags=SA_RESTART|SA_SIGINFO
    SIGINT: UserHandler in libjvm.so, mask=11100100010111111101111111111110, flags=SA_RESTART|SA_SIGINFO
   SIGTERM: UserHandler in libjvm.so, mask=11100100010111111101111111111110, flags=SA_RESTART|SA_SIGINFO
   SIGQUIT: UserHandler in libjvm.so, mask=11100100010111111101111111111110, flags=SA_RESTART|SA_SIGINFO
  *** Handler was modified!
  *** Expected: javaSignalHandler in libjvm.so, mask=11100100110111111111111111111110, flags=SA_RESTART|SA_SIGINFO
   SIGTRAP: crash_handler in libjvm.so, mask=11100100010111111101111111111110, flags=SA_RESTART|SA_SIGINFO


---------------  S Y S T E M  ---------------

OS:
DISTRIB_ID=ManjaroLinux
DISTRIB_RELEASE=21.2.2
DISTRIB_CODENAME=Qonos
DISTRIB_DESCRIPTION="Manjaro Linux"
uname: Linux 5.15.16-1-MANJARO #1 SMP PREEMPT Thu Jan 20 13:58:19 UTC 2022 x86_64
OS uptime: 0 days 0:04 hours
libc: glibc 2.35 NPTL 2.35 
rlimit (soft/hard): STACK 8192k/infinity , CORE infinity/infinity , NPROC 27437/27437 , NOFILE 524288/524288 , AS infinity/infinity , CPU infinity/infinity , DATA infinity/infinity , FSIZE infinity/infinity , MEMLOCK 1024k/1024k
load average: 4.42 2.73 1.17

/proc/meminfo:
MemTotal:        7106668 kB
MemFree:          425928 kB
MemAvailable:    2458632 kB
Buffers:          111576 kB
Cached:          2146288 kB
SwapCached:            0 kB
Active:           862584 kB
Inactive:        5418640 kB
Active(anon):      10928 kB
Inactive(anon):  4078600 kB
Active(file):     851656 kB
Inactive(file):  1340040 kB
Unevictable:          32 kB
Mlocked:              32 kB
SwapTotal:             0 kB
SwapFree:              0 kB
Dirty:             14984 kB
Writeback:             0 kB
AnonPages:       4023588 kB
Mapped:           988680 kB
Shmem:             66156 kB
KReclaimable:     117256 kB
Slab:             204408 kB
SReclaimable:     117256 kB
SUnreclaim:        87152 kB
KernelStack:       11888 kB
PageTables:        23456 kB
NFS_Unstable:          0 kB
Bounce:                0 kB
WritebackTmp:          0 kB
CommitLimit:     3553332 kB
Committed_AS:    6333272 kB
VmallocTotal:   34359738367 kB
VmallocUsed:       50728 kB
VmallocChunk:          0 kB
Percpu:            11520 kB
HardwareCorrupted:     0 kB
AnonHugePages:         0 kB
ShmemHugePages:        0 kB
ShmemPmdMapped:        0 kB
FileHugePages:         0 kB
FilePmdMapped:         0 kB
CmaTotal:              0 kB
CmaFree:               0 kB
HugePages_Total:       0
HugePages_Free:        0
HugePages_Rsvd:        0
HugePages_Surp:        0
Hugepagesize:       2048 kB
Hugetlb:               0 kB
DirectMap4k:      366612 kB
DirectMap2M:     4810752 kB
DirectMap1G:     3145728 kB

/sys/kernel/mm/transparent_hugepage/enabled: always [madvise] never
/sys/kernel/mm/transparent_hugepage/defrag (defrag/compaction efforts parameter): always defer defer+madvise [madvise] never

Process Memory:
Virtual Size: 5384856K (peak: 5450392K)
Resident Set Size: 294352K (peak: 755912K) (anon: 265796K, file: 28524K, shmem: 32K)
Swapped out: 0K
C-Heap outstanding allocations: 11240K

/proc/sys/kernel/threads-max (system-wide limit on the number of threads): 54875
/proc/sys/vm/max_map_count (maximum number of memory map areas a process may have): 65530
/proc/sys/kernel/pid_max (system-wide limit on number of process identifiers): 4194304

container (cgroup) information:
container_type: cgroupv2
cpu_cpuset_cpus: not supported
cpu_memory_nodes: not supported
active_processor_count: 8
cpu_quota: not supported
cpu_period: not supported
cpu_shares: not supported
memory_limit_in_bytes: unlimited
memory_and_swap_limit_in_bytes: unlimited
memory_soft_limit_in_bytes: unlimited
memory_usage_in_bytes: 5150539776
memory_max_usage_in_bytes: not supported
maximum number of tasks: 8231
current number of tasks: 229

Steal ticks since vm start: 0
Steal ticks percentage since vm start:  0.000

CPU: total 8 (initial active 8) (8 cores per cpu, 2 threads per core) family 23 model 24 stepping 1 microcode 0x8108109, cx8, cmov, fxsr, ht, mmx, 3dnowpref, sse, sse2, sse3, ssse3, sse4a, sse4.1, sse4.2, popcnt, lzcnt, tsc, tscinvbit, avx, avx2, aes, clmul, bmi1, bmi2, adx, sha, fma, vzeroupper, clflush, clflushopt
CPU Model and flags from /proc/cpuinfo:
model name	: AMD Ryzen 5 3500U with Radeon Vega Mobile Gfx
flags		: fpu vme de pse tsc msr pae mce cx8 apic sep mtrr pge mca cmov pat pse36 clflush mmx fxsr sse sse2 ht syscall nx mmxext fxsr_opt pdpe1gb rdtscp lm constant_tsc rep_good nopl nonstop_tsc cpuid extd_apicid aperfmperf rapl pni pclmulqdq monitor ssse3 fma cx16 sse4_1 sse4_2 movbe popcnt aes xsave avx f16c rdrand lahf_lm cmp_legacy svm extapic cr8_legacy abm sse4a misalignsse 3dnowprefetch osvw skinit wdt tce topoext perfctr_core perfctr_nb bpext perfctr_llc mwaitx cpb hw_pstate ssbd ibpb vmmcall fsgsbase bmi1 avx2 smep bmi2 rdseed adx smap clflushopt sha_ni xsaveopt xsavec xgetbv1 xsaves clzero irperf xsaveerptr arat npt lbrv svm_lock nrip_save tsc_scale vmcb_clean flushbyasid decodeassists pausefilter pfthreshold avic v_vmsave_vmload vgif overflow_recov succor smca sme sev sev_es

Online cpus: 0-7
Offline cpus: 8-15
BIOS frequency limitation: 2100000
Frequency switch latency (ns): 0
Available cpu frequencies: 2100000 1700000 1400000 
Current governor: schedutil
Core performance/turbo boost: 1

Memory: 4k page, physical 7106668k(425424k free), swap 0k(0k free)
Page Sizes: 4k

vm_info: OpenJDK 64-Bit Server VM (17.0.3+6-LTS) for linux-amd64 JRE (17.0.3+6-LTS), built on Apr 15 2022 21:54:51 by "jenkins" with gcc 7.3.1 20180303 (Red Hat 7.3.1-5)

END.
