#
# A fatal error has been detected by the Java Runtime Environment:
#
#  SIGSEGV (0xb) at pc=0x00007f54b393c674, pid=26990, tid=27004
#
# JRE version: OpenJDK Runtime Environment Corretto-17.0.3.6.1 (17.0.3+6) (build 17.0.3+6-LTS)
# Java VM: OpenJDK 64-Bit Server VM Corretto-17.0.3.6.1 (17.0.3+6-LTS, mixed mode, sharing, tiered, compressed oops, compressed class ptrs, g1 gc, linux-amd64)
# Problematic frame:
# V  [libjvm.so+0x53c674]  PhaseChaitin::gather_lrg_masks(bool)+0xe4
#
# Core dump will be written. Default location: Core dumps may be processed with "/usr/lib/systemd/systemd-coredump %P %u %g %s %t %c %h" (or dumping to /home/zzigor/Projects/Kotlin_HW/core.26990)
#
# If you would like to submit a bug report, please visit:
#   https://github.com/corretto/corretto-17/issues/
#

---------------  S U M M A R Y ------------

Command Line: org.jetbrains.kotlin.cli.jvm.K2JVMCompiler @/home/zzigor/Projects/Kotlin_HW/build/20220521_16106658020857339738.compiler.options

Host: AMD Ryzen 5 3500U with Radeon Vega Mobile Gfx, 8 cores, 6G, Manjaro Linux
Time: Sat May 21 18:59:36 2022 MSK elapsed time: 3.191787 seconds (0d 0h 0m 3s)

---------------  T H R E A D  ---------------

Current thread (0x00007f54ac130060):  JavaThread "C2 CompilerThread0" daemon [_thread_in_native, id=27004, stack(0x00007f5491617000,0x00007f5491717000)]


Current CompileTask:
C2:   3191 3285   !   4       org.jetbrains.kotlin.metadata.ProtoBuf$Type::<init> (875 bytes)

Stack: [0x00007f5491617000,0x00007f5491717000],  sp=0x00007f5491712530,  free space=1005k
Native frames: (J=compiled Java code, j=interpreted, Vv=VM code, C=native code)
V  [libjvm.so+0x53c674]  PhaseChaitin::gather_lrg_masks(bool)+0xe4
V  [libjvm.so+0x540d75]  PhaseChaitin::Register_Allocate()+0x515
V  [libjvm.so+0x5db59f]  Compile::Code_Gen()+0x28f
V  [libjvm.so+0x5e28c1]  Compile::Compile(ciEnv*, ciMethod*, int, bool, bool, bool, bool, bool, DirectiveSet*)+0xea1
V  [libjvm.so+0x513aea]  C2Compiler::compile_method(ciEnv*, ciMethod*, int, bool, DirectiveSet*)+0xba
V  [libjvm.so+0x5ec6ac]  CompileBroker::invoke_compiler_on_method(CompileTask*)+0xcec
V  [libjvm.so+0x5ed398]  CompileBroker::compiler_thread_loop()+0x4c8
V  [libjvm.so+0xf04ece]  JavaThread::run()+0x13e
V  [libjvm.so+0xf07f72]  Thread::call_run()+0xe2
V  [libjvm.so+0xc41601]  thread_native_entry(Thread*)+0xe1


siginfo: si_signo: 11 (SIGSEGV), si_code: 1 (SEGV_MAPERR), si_addr: 0x00007f55b029cca0

Register to memory mapping:

RAX=0x00007f5460213840 points into unknown readable memory: 0x0000000000000000 | 00 00 00 00 00 00 00 00
RBX=0x0000000000000001 is an unknown value
RCX=0x00007f5454022987 points into unknown readable memory: 00
RDX=0x0000000054022518 is an unknown value
RSP=0x00007f5491712530 is pointing into the stack for thread: 0x00007f54ac130060
RBP=0x00007f54917125a0 is pointing into the stack for thread: 0x00007f54ac130060
RSI=0x0000000000000003 is an unknown value
RDI=0x00007f5460e30198 points into unknown readable memory: 0x0000000000400000 | 00 00 40 00 00 00 00 00
R8 =0x000000000000000a is an unknown value
R9 =0x2aaaaaaaaaaaaaaa is an unknown value
R10=0x0 is NULL
R11=0x0 is NULL
R12=0x00007f5460e30160 points into unknown readable memory: 0x0000000000000000 | 00 00 00 00 00 00 00 00
R13=0x00007f5460051358 points into unknown readable memory: 0x00007f5460f93c80 | 80 3c f9 60 54 7f 00 00
R14=0x00007f5491712990 is pointing into the stack for thread: 0x00007f54ac130060
R15=0x00007f5460051588 points into unknown readable memory: 0x00007f54b4944610 | 10 46 94 b4 54 7f 00 00


Registers:
RAX=0x00007f5460213840, RBX=0x0000000000000001, RCX=0x00007f5454022987, RDX=0x0000000054022518
RSP=0x00007f5491712530, RBP=0x00007f54917125a0, RSI=0x0000000000000003, RDI=0x00007f5460e30198
R8 =0x000000000000000a, R9 =0x2aaaaaaaaaaaaaaa, R10=0x0000000000000000, R11=0x0000000000000000
R12=0x00007f5460e30160, R13=0x00007f5460051358, R14=0x00007f5491712990, R15=0x00007f5460051588
RIP=0x00007f54b393c674, EFLAGS=0x0000000000010293, CSGSFS=0x002b000000000033, ERR=0x0000000000000004
  TRAPNO=0x000000000000000e

Top of Stack: (sp=0x00007f5491712530)
0x00007f5491712530:   00000000000cf750 00000009000004d0
0x00007f5491712540:   01000000ffffffff 00000000000000e8
0x00007f5491712550:   00007f5454615ff0 00007f5400000003
0x00007f5491712560:   00007f5460e30100 00007f54acd13580 

Instructions: (pc=0x00007f54b393c674)
0x00007f54b393c574:   48 63 52 28 48 8b 87 08 01 00 00 4c 8d 24 90 eb
0x00007f54b393c584:   83 90 66 2e 0f 1f 84 00 00 00 00 00 55 48 89 e5
0x00007f54b393c594:   41 57 41 56 41 55 41 54 49 89 ff 53 49 89 fe 48
0x00007f54b393c5a4:   83 ec 48 48 8b 47 48 48 8b 4f 70 f2 0f 10 05 51
0x00007f54b393c5b4:   fc af 00 40 88 75 a7 c7 45 98 00 00 00 00 48 8b
0x00007f54b393c5c4:   40 10 48 8b 40 08 48 8b 40 08 48 8b 40 08 48 8b
0x00007f54b393c5d4:   40 18 48 63 50 28 48 8b 87 08 01 00 00 8b 04 90
0x00007f54b393c5e4:   48 8d 14 80 48 8d 14 90 48 8b 41 20 48 8d 04 d0
0x00007f54b393c5f4:   f2 0f 58 00 f2 0f 11 00 48 8b 57 48 8b 4a 40 85
0x00007f54b393c604:   c9 0f 84 a5 03 00 00 0f 1f 44 00 00 8b 45 98 48
0x00007f54b393c614:   8b 72 30 48 8b 04 c6 83 78 28 01 48 89 45 c8 0f
0x00007f54b393c624:   86 75 03 00 00 c7 45 9c 01 00 00 00 48 89 c3 8b
0x00007f54b393c634:   45 9c 66 2e 0f 1f 84 00 00 00 00 00 45 31 ed 39
0x00007f54b393c644:   43 18 76 08 48 8b 53 20 4c 8b 2c c2 41 8b 45 2c
0x00007f54b393c654:   c6 45 a6 00 bb 01 00 00 00 83 e0 03 83 f8 02 0f
0x00007f54b393c664:   84 ff 06 00 00 49 63 55 28 49 8b 86 08 01 00 00
0x00007f54b393c674:   8b 04 90 85 c0 0f 85 91 04 00 00 80 7d a7 00 45
0x00007f54b393c684:   8b 65 18 0f 85 f3 03 00 00 c7 45 a0 ff ff ff ff
0x00007f54b393c694:   44 39 e3 0f 83 e6 02 00 00 41 83 ec 01 89 d8 41
0x00007f54b393c6a4:   29 dc 4c 8d 3c c5 00 00 00 00 4a 8d 44 20 01 48
0x00007f54b393c6b4:   c1 e0 03 48 89 45 a8 4c 89 f0 4d 89 fe 4d 89 ef
0x00007f54b393c6c4:   49 89 c5 e9 4e 01 00 00 0f 1f 40 00 49 8b 07 4c
0x00007f54b393c6d4:   89 ff ff 90 e0 00 00 00 80 7d a6 00 0f 84 72 01
0x00007f54b393c6e4:   00 00 41 80 bd 18 01 00 00 00 74 0a 41 39 5f 38
0x00007f54b393c6f4:   0f 86 0f 01 00 00 49 8b 45 70 4b 8d 14 a4 89 de
0x00007f54b393c704:   4c 89 ff 49 8d 14 94 48 8b 40 20 4c 8d 24 d0 49
0x00007f54b393c714:   8b 07 ff 90 80 00 00 00 80 7d a7 00 48 89 c1 0f
0x00007f54b393c724:   85 54 01 00 00 49 8b 47 08 48 8b 55 c8 4a 8b 3c
0x00007f54b393c734:   30 49 8b 45 48 f2 0f 10 42 08 8b 77 28 48 8b 40
0x00007f54b393c744:   78 f2 0f 59 05 5b e2 ae 00 48 8b 04 f0 f2 0f 10
0x00007f54b393c754:   48 08 66 0f 2e c8 0f 86 1d 01 00 00 49 8d 44 24
0x00007f54b393c764:   38 48 89 4d b0 48 89 45 c0 48 8b 07 ff 50 68 89 


Stack slot to memory mapping:
stack at sp + 0 slots: 0x00000000000cf750 is an unknown value
stack at sp + 1 slots: 0x00000009000004d0 is an unknown value
stack at sp + 2 slots: 0x01000000ffffffff is an unknown value
stack at sp + 3 slots: 0x00000000000000e8 is an unknown value
stack at sp + 4 slots: 0x00007f5454615ff0 points into unknown readable memory: 0x0000000000400000 | 00 00 40 00 00 00 00 00
stack at sp + 5 slots: 0x00007f5400000003 is an unknown value
stack at sp + 6 slots: 0x00007f5460e30100 points into unknown readable memory: 0x0000000000000000 | 00 00 00 00 00 00 00 00
stack at sp + 7 slots: 0x00007f54acd13580 points into unknown readable memory: 0x00007f54b48e8d28 | 28 8d 8e b4 54 7f 00 00


---------------  P R O C E S S  ---------------

Threads class SMR info:
_java_thread_list=0x00007f54ac146d00, length=11, elements={
0x00007f54ac0244e0, 0x00007f54ac125970, 0x00007f54ac126d50, 0x00007f54ac12bef0,
0x00007f54ac12d2a0, 0x00007f54ac12e6b0, 0x00007f54ac130060, 0x00007f54ac131590,
0x00007f54ac13a9f0, 0x00007f54ac1424c0, 0x00007f54ac145d70
}

Java Threads: ( => current thread )
  0x00007f54ac0244e0 JavaThread "main" [_thread_in_vm, id=26992, stack(0x00007f54b4af6000,0x00007f54b4bf6000)]
  0x00007f54ac125970 JavaThread "Reference Handler" daemon [_thread_blocked, id=26999, stack(0x00007f54b0300000,0x00007f54b0400000)]
  0x00007f54ac126d50 JavaThread "Finalizer" daemon [_thread_blocked, id=27000, stack(0x00007f54b0200000,0x00007f54b0300000)]
  0x00007f54ac12bef0 JavaThread "Signal Dispatcher" daemon [_thread_blocked, id=27001, stack(0x00007f54b0100000,0x00007f54b0200000)]
  0x00007f54ac12d2a0 JavaThread "Service Thread" daemon [_thread_blocked, id=27002, stack(0x00007f54b0000000,0x00007f54b0100000)]
  0x00007f54ac12e6b0 JavaThread "Monitor Deflation Thread" daemon [_thread_blocked, id=27003, stack(0x00007f5491d50000,0x00007f5491e50000)]
=>0x00007f54ac130060 JavaThread "C2 CompilerThread0" daemon [_thread_in_native, id=27004, stack(0x00007f5491617000,0x00007f5491717000)]
  0x00007f54ac131590 JavaThread "C1 CompilerThread0" daemon [_thread_in_native, id=27005, stack(0x00007f5491517000,0x00007f5491617000)]
  0x00007f54ac13a9f0 JavaThread "Sweeper thread" daemon [_thread_blocked, id=27006, stack(0x00007f5491417000,0x00007f5491517000)]
  0x00007f54ac1424c0 JavaThread "Notification Thread" daemon [_thread_blocked, id=27007, stack(0x00007f5491317000,0x00007f5491417000)]
  0x00007f54ac145d70 JavaThread "Common-Cleaner" daemon [_thread_blocked, id=27009, stack(0x00007f5491115000,0x00007f5491215000)]

Other Threads:
  0x00007f54ac121a50 VMThread "VM Thread" [stack: 0x00007f54b0c3a000,0x00007f54b0d3a000] [id=26998]
  0x00007f54ac143e00 WatcherThread [stack: 0x00007f5491217000,0x00007f5491317000] [id=27008]
  0x00007f54ac078130 GCTaskThread "GC Thread#0" [stack: 0x00007f54b19cd000,0x00007f54b1acd000] [id=26993]
  0x00007f5478005bd0 GCTaskThread "GC Thread#1" [stack: 0x00007f5491015000,0x00007f5491115000] [id=27010]
  0x00007f547800bcb0 GCTaskThread "GC Thread#2" [stack: 0x00007f5490d00000,0x00007f5490e00000] [id=27011]
  0x00007f547800c6e0 GCTaskThread "GC Thread#3" [stack: 0x00007f5490900000,0x00007f5490a00000] [id=27012]
  0x00007f547800a490 GCTaskThread "GC Thread#4" [stack: 0x00007f5490100000,0x00007f5490200000] [id=27013]
  0x00007f547800aea0 GCTaskThread "GC Thread#5" [stack: 0x00007f5481f00000,0x00007f5482000000] [id=27014]
  0x00007f547800f1b0 GCTaskThread "GC Thread#6" [stack: 0x00007f5480d74000,0x00007f5480e74000] [id=27015]
  0x00007f547800fc00 GCTaskThread "GC Thread#7" [stack: 0x00007f5480c72000,0x00007f5480d72000] [id=27016]
  0x00007f54ac086fc0 ConcurrentGCThread "G1 Main Marker" [stack: 0x00007f54b18cb000,0x00007f54b19cb000] [id=26994]
  0x00007f54ac087eb0 ConcurrentGCThread "G1 Conc#0" [stack: 0x00007f54b17c9000,0x00007f54b18c9000] [id=26995]
  0x00007f5484000eb0 ConcurrentGCThread "G1 Conc#1" [stack: 0x00007f5480a6e000,0x00007f5480b6e000] [id=27018]
  0x00007f54ac0f4310 ConcurrentGCThread "G1 Refine#0" [stack: 0x00007f54b0ebf000,0x00007f54b0fbf000] [id=26996]
  0x00007f547c000eb0 ConcurrentGCThread "G1 Refine#1" [stack: 0x00007f5480b70000,0x00007f5480c70000] [id=27017]
  0x00007f54ac0f5200 ConcurrentGCThread "G1 Service" [stack: 0x00007f54b0dbd000,0x00007f54b0ebd000] [id=26997]

Threads with active compile tasks:
C2 CompilerThread0     3197 3285   !   4       org.jetbrains.kotlin.metadata.ProtoBuf$Type::<init> (875 bytes)

VM state: not at safepoint (normal execution)

VM Mutex/Monitor currently owned by a thread: None

Heap address: 0x0000000093800000, size: 1736 MB, Compressed Oops mode: 32-bit

CDS archive(s) mapped at: [0x0000000800000000-0x0000000800bde000-0x0000000800bde000), size 12443648, SharedBaseAddress: 0x0000000800000000, ArchiveRelocationMode: 0.
Compressed class space mapped at: 0x0000000800c00000-0x0000000840c00000, reserved size: 1073741824
Narrow klass base: 0x0000000800000000, Narrow klass shift: 0, Narrow klass range: 0x100000000

GC Precious Log:
 CPUs: 8 total, 8 available
 Memory: 6940M
 Large Page Support: Disabled
 NUMA Support: Disabled
 Compressed Oops: Enabled (32-bit)
 Heap Region Size: 1M
 Heap Min Capacity: 8M
 Heap Initial Capacity: 110M
 Heap Max Capacity: 1736M
 Pre-touch: Disabled
 Parallel Workers: 8
 Concurrent Workers: 2
 Concurrent Refinement Workers: 8
 Periodic GC: Disabled

Heap:
 garbage-first heap   total 108544K, used 32817K [0x0000000093800000, 0x0000000100000000)
  region size 1024K, 2 young (2048K), 1 survivors (1024K)
 Metaspace       used 37855K, committed 38080K, reserved 1089536K
  class space    used 4740K, committed 4864K, reserved 1048576K

Heap Regions: E=young(eden), S=young(survivor), O=old, HS=humongous(starts), HC=humongous(continues), CS=collection set, F=free, OA=open archive, CA=closed archive, TAMS=top-at-mark-start (previous, next)
|   0|0x0000000093800000, 0x0000000093900000, 0x0000000093900000|100%|HS|  |TAMS 0x0000000093900000, 0x0000000093800000| Complete 
|   1|0x0000000093900000, 0x0000000093a00000, 0x0000000093a00000|100%|HC|  |TAMS 0x0000000093a00000, 0x0000000093900000| Complete 
|   2|0x0000000093a00000, 0x0000000093b00000, 0x0000000093b00000|100%|HC|  |TAMS 0x0000000093b00000, 0x0000000093a00000| Complete 
|   3|0x0000000093b00000, 0x0000000093c00000, 0x0000000093c00000|100%|HS|  |TAMS 0x0000000093c00000, 0x0000000093b00000| Complete 
|   4|0x0000000093c00000, 0x0000000093d00000, 0x0000000093d00000|100%|HC|  |TAMS 0x0000000093d00000, 0x0000000093c00000| Complete 
|   5|0x0000000093d00000, 0x0000000093e00000, 0x0000000093e00000|100%|HC|  |TAMS 0x0000000093e00000, 0x0000000093d00000| Complete 
|   6|0x0000000093e00000, 0x0000000093f00000, 0x0000000093f00000|100%| O|  |TAMS 0x0000000093f00000, 0x0000000093e00000| Untracked 
|   7|0x0000000093f00000, 0x0000000094000000, 0x0000000094000000|100%| O|  |TAMS 0x0000000094000000, 0x0000000093f00000| Untracked 
|   8|0x0000000094000000, 0x0000000094100000, 0x0000000094100000|100%|HS|  |TAMS 0x0000000094100000, 0x0000000094000000| Complete 
|   9|0x0000000094100000, 0x0000000094200000, 0x0000000094200000|100%|HC|  |TAMS 0x0000000094200000, 0x0000000094100000| Complete 
|  10|0x0000000094200000, 0x0000000094300000, 0x0000000094300000|100%|HC|  |TAMS 0x0000000094300000, 0x0000000094200000| Complete 
|  11|0x0000000094300000, 0x0000000094400000, 0x0000000094400000|100%| O|  |TAMS 0x0000000094400000, 0x0000000094300000| Untracked 
|  12|0x0000000094400000, 0x0000000094500000, 0x0000000094500000|100%| O|  |TAMS 0x0000000094500000, 0x0000000094400000| Untracked 
|  13|0x0000000094500000, 0x0000000094600000, 0x0000000094600000|100%| O|  |TAMS 0x0000000094600000, 0x0000000094500000| Untracked 
|  14|0x0000000094600000, 0x0000000094700000, 0x0000000094700000|100%| O|  |TAMS 0x0000000094700000, 0x0000000094600000| Untracked 
|  15|0x0000000094700000, 0x0000000094800000, 0x0000000094800000|100%| O|  |TAMS 0x0000000094800000, 0x0000000094700000| Untracked 
|  16|0x0000000094800000, 0x0000000094800000, 0x0000000094900000|  0%| F|  |TAMS 0x0000000094800000, 0x0000000094800000| Untracked 
|  17|0x0000000094900000, 0x0000000094a00000, 0x0000000094a00000|100%| O|  |TAMS 0x0000000094a00000, 0x0000000094900000| Untracked 
|  18|0x0000000094a00000, 0x0000000094b00000, 0x0000000094b00000|100%| O|  |TAMS 0x0000000094b00000, 0x0000000094a00000| Untracked 
|  19|0x0000000094b00000, 0x0000000094c00000, 0x0000000094c00000|100%| O|  |TAMS 0x0000000094c00000, 0x0000000094b00000| Untracked 
|  20|0x0000000094c00000, 0x0000000094d00000, 0x0000000094d00000|100%| O|  |TAMS 0x0000000094d00000, 0x0000000094c00000| Untracked 
|  21|0x0000000094d00000, 0x0000000094e00000, 0x0000000094e00000|100%| O|  |TAMS 0x0000000094e00000, 0x0000000094d00000| Untracked 
|  22|0x0000000094e00000, 0x0000000094f00000, 0x0000000094f00000|100%| O|  |TAMS 0x0000000094f00000, 0x0000000094e00000| Untracked 
|  23|0x0000000094f00000, 0x0000000095000000, 0x0000000095000000|100%| O|  |TAMS 0x0000000095000000, 0x0000000094f00000| Untracked 
|  24|0x0000000095000000, 0x0000000095100000, 0x0000000095100000|100%| O|  |TAMS 0x0000000095100000, 0x0000000095000000| Untracked 
|  25|0x0000000095100000, 0x0000000095200000, 0x0000000095200000|100%| O|  |TAMS 0x0000000095100000, 0x0000000095100000| Untracked 
|  26|0x0000000095200000, 0x0000000095300000, 0x0000000095300000|100%| O|  |TAMS 0x0000000095200000, 0x0000000095200000| Untracked 
|  27|0x0000000095300000, 0x0000000095400000, 0x0000000095400000|100%| O|  |TAMS 0x0000000095300000, 0x0000000095300000| Untracked 
|  28|0x0000000095400000, 0x0000000095500000, 0x0000000095500000|100%| O|  |TAMS 0x0000000095400000, 0x0000000095400000| Untracked 
|  29|0x0000000095500000, 0x0000000095600000, 0x0000000095600000|100%| O|  |TAMS 0x0000000095500000, 0x0000000095500000| Untracked 
|  30|0x0000000095600000, 0x0000000095700000, 0x0000000095700000|100%| O|  |TAMS 0x0000000095600000, 0x0000000095600000| Untracked 
|  31|0x0000000095700000, 0x000000009579b200, 0x0000000095800000| 60%| O|  |TAMS 0x0000000095700000, 0x0000000095700000| Untracked 
|  32|0x0000000095800000, 0x0000000095800000, 0x0000000095900000|  0%| F|  |TAMS 0x0000000095800000, 0x0000000095800000| Untracked 
|  33|0x0000000095900000, 0x0000000095900000, 0x0000000095a00000|  0%| F|  |TAMS 0x0000000095900000, 0x0000000095900000| Untracked 
|  34|0x0000000095a00000, 0x0000000095a00000, 0x0000000095b00000|  0%| F|  |TAMS 0x0000000095a00000, 0x0000000095a00000| Untracked 
|  35|0x0000000095b00000, 0x0000000095b00000, 0x0000000095c00000|  0%| F|  |TAMS 0x0000000095b00000, 0x0000000095b00000| Untracked 
|  36|0x0000000095c00000, 0x0000000095c00000, 0x0000000095d00000|  0%| F|  |TAMS 0x0000000095c00000, 0x0000000095c00000| Untracked 
|  37|0x0000000095d00000, 0x0000000095d00000, 0x0000000095e00000|  0%| F|  |TAMS 0x0000000095d00000, 0x0000000095d00000| Untracked 
|  38|0x0000000095e00000, 0x0000000095e00000, 0x0000000095f00000|  0%| F|  |TAMS 0x0000000095e00000, 0x0000000095e00000| Untracked 
|  39|0x0000000095f00000, 0x0000000095f00000, 0x0000000096000000|  0%| F|  |TAMS 0x0000000095f00000, 0x0000000095f00000| Untracked 
|  40|0x0000000096000000, 0x0000000096000000, 0x0000000096100000|  0%| F|  |TAMS 0x0000000096000000, 0x0000000096000000| Untracked 
|  41|0x0000000096100000, 0x0000000096100000, 0x0000000096200000|  0%| F|  |TAMS 0x0000000096100000, 0x0000000096100000| Untracked 
|  42|0x0000000096200000, 0x0000000096200000, 0x0000000096300000|  0%| F|  |TAMS 0x0000000096200000, 0x0000000096200000| Untracked 
|  43|0x0000000096300000, 0x0000000096300000, 0x0000000096400000|  0%| F|  |TAMS 0x0000000096300000, 0x0000000096300000| Untracked 
|  44|0x0000000096400000, 0x0000000096400000, 0x0000000096500000|  0%| F|  |TAMS 0x0000000096400000, 0x0000000096400000| Untracked 
|  45|0x0000000096500000, 0x0000000096500000, 0x0000000096600000|  0%| F|  |TAMS 0x0000000096500000, 0x0000000096500000| Untracked 
|  46|0x0000000096600000, 0x0000000096600000, 0x0000000096700000|  0%| F|  |TAMS 0x0000000096600000, 0x0000000096600000| Untracked 
|  47|0x0000000096700000, 0x0000000096700000, 0x0000000096800000|  0%| F|  |TAMS 0x0000000096700000, 0x0000000096700000| Untracked 
|  48|0x0000000096800000, 0x0000000096800000, 0x0000000096900000|  0%| F|  |TAMS 0x0000000096800000, 0x0000000096800000| Untracked 
|  49|0x0000000096900000, 0x0000000096900000, 0x0000000096a00000|  0%| F|  |TAMS 0x0000000096900000, 0x0000000096900000| Untracked 
|  50|0x0000000096a00000, 0x0000000096a00000, 0x0000000096b00000|  0%| F|  |TAMS 0x0000000096a00000, 0x0000000096a00000| Untracked 
|  51|0x0000000096b00000, 0x0000000096b00000, 0x0000000096c00000|  0%| F|  |TAMS 0x0000000096b00000, 0x0000000096b00000| Untracked 
|  52|0x0000000096c00000, 0x0000000096c00000, 0x0000000096d00000|  0%| F|  |TAMS 0x0000000096c00000, 0x0000000096c00000| Untracked 
|  53|0x0000000096d00000, 0x0000000096d00000, 0x0000000096e00000|  0%| F|  |TAMS 0x0000000096d00000, 0x0000000096d00000| Untracked 
|  54|0x0000000096e00000, 0x0000000096e00000, 0x0000000096f00000|  0%| F|  |TAMS 0x0000000096e00000, 0x0000000096e00000| Untracked 
|  55|0x0000000096f00000, 0x0000000096f00000, 0x0000000097000000|  0%| F|  |TAMS 0x0000000096f00000, 0x0000000096f00000| Untracked 
|  56|0x0000000097000000, 0x0000000097000000, 0x0000000097100000|  0%| F|  |TAMS 0x0000000097000000, 0x0000000097000000| Untracked 
|  57|0x0000000097100000, 0x0000000097100000, 0x0000000097200000|  0%| F|  |TAMS 0x0000000097100000, 0x0000000097100000| Untracked 
|  58|0x0000000097200000, 0x0000000097200000, 0x0000000097300000|  0%| F|  |TAMS 0x0000000097200000, 0x0000000097200000| Untracked 
|  59|0x0000000097300000, 0x0000000097300000, 0x0000000097400000|  0%| F|  |TAMS 0x0000000097300000, 0x0000000097300000| Untracked 
|  60|0x0000000097400000, 0x0000000097400000, 0x0000000097500000|  0%| F|  |TAMS 0x0000000097400000, 0x0000000097400000| Untracked 
|  61|0x0000000097500000, 0x0000000097500000, 0x0000000097600000|  0%| F|  |TAMS 0x0000000097500000, 0x0000000097500000| Untracked 
|  62|0x0000000097600000, 0x0000000097600000, 0x0000000097700000|  0%| F|  |TAMS 0x0000000097600000, 0x0000000097600000| Untracked 
|  63|0x0000000097700000, 0x0000000097700000, 0x0000000097800000|  0%| F|  |TAMS 0x0000000097700000, 0x0000000097700000| Untracked 
|  64|0x0000000097800000, 0x0000000097800000, 0x0000000097900000|  0%| F|  |TAMS 0x0000000097800000, 0x0000000097800000| Untracked 
|  65|0x0000000097900000, 0x0000000097900000, 0x0000000097a00000|  0%| F|  |TAMS 0x0000000097900000, 0x0000000097900000| Untracked 
|  66|0x0000000097a00000, 0x0000000097a00000, 0x0000000097b00000|  0%| F|  |TAMS 0x0000000097a00000, 0x0000000097a00000| Untracked 
|  67|0x0000000097b00000, 0x0000000097b00000, 0x0000000097c00000|  0%| F|  |TAMS 0x0000000097b00000, 0x0000000097b00000| Untracked 
|  68|0x0000000097c00000, 0x0000000097c00000, 0x0000000097d00000|  0%| F|  |TAMS 0x0000000097c00000, 0x0000000097c00000| Untracked 
|  69|0x0000000097d00000, 0x0000000097d00000, 0x0000000097e00000|  0%| F|  |TAMS 0x0000000097d00000, 0x0000000097d00000| Untracked 
|  70|0x0000000097e00000, 0x0000000097e00000, 0x0000000097f00000|  0%| F|  |TAMS 0x0000000097e00000, 0x0000000097e00000| Untracked 
|  71|0x0000000097f00000, 0x0000000097f00000, 0x0000000098000000|  0%| F|  |TAMS 0x0000000097f00000, 0x0000000097f00000| Untracked 
|  72|0x0000000098000000, 0x0000000098000000, 0x0000000098100000|  0%| F|  |TAMS 0x0000000098000000, 0x0000000098000000| Untracked 
|  73|0x0000000098100000, 0x0000000098100000, 0x0000000098200000|  0%| F|  |TAMS 0x0000000098100000, 0x0000000098100000| Untracked 
|  74|0x0000000098200000, 0x0000000098200000, 0x0000000098300000|  0%| F|  |TAMS 0x0000000098200000, 0x0000000098200000| Untracked 
|  75|0x0000000098300000, 0x0000000098300000, 0x0000000098400000|  0%| F|  |TAMS 0x0000000098300000, 0x0000000098300000| Untracked 
|  76|0x0000000098400000, 0x0000000098400000, 0x0000000098500000|  0%| F|  |TAMS 0x0000000098400000, 0x0000000098400000| Untracked 
|  77|0x0000000098500000, 0x0000000098500000, 0x0000000098600000|  0%| F|  |TAMS 0x0000000098500000, 0x0000000098500000| Untracked 
|  78|0x0000000098600000, 0x0000000098600000, 0x0000000098700000|  0%| F|  |TAMS 0x0000000098600000, 0x0000000098600000| Untracked 
|  79|0x0000000098700000, 0x0000000098779370, 0x0000000098800000| 47%| S|CS|TAMS 0x0000000098700000, 0x0000000098700000| Complete 
|  80|0x0000000098800000, 0x0000000098800000, 0x0000000098900000|  0%| F|  |TAMS 0x0000000098800000, 0x0000000098800000| Untracked 
|  81|0x0000000098900000, 0x0000000098900000, 0x0000000098a00000|  0%| F|  |TAMS 0x0000000098900000, 0x0000000098900000| Untracked 
|  82|0x0000000098a00000, 0x0000000098a00000, 0x0000000098b00000|  0%| F|  |TAMS 0x0000000098a00000, 0x0000000098a00000| Untracked 
|  83|0x0000000098b00000, 0x0000000098b00000, 0x0000000098c00000|  0%| F|  |TAMS 0x0000000098b00000, 0x0000000098b00000| Untracked 
|  84|0x0000000098c00000, 0x0000000098c00000, 0x0000000098d00000|  0%| F|  |TAMS 0x0000000098c00000, 0x0000000098c00000| Untracked 
|  85|0x0000000098d00000, 0x0000000098d00000, 0x0000000098e00000|  0%| F|  |TAMS 0x0000000098d00000, 0x0000000098d00000| Untracked 
|  86|0x0000000098e00000, 0x0000000098e00000, 0x0000000098f00000|  0%| F|  |TAMS 0x0000000098e00000, 0x0000000098e00000| Untracked 
|  87|0x0000000098f00000, 0x0000000098f00000, 0x0000000099000000|  0%| F|  |TAMS 0x0000000098f00000, 0x0000000098f00000| Untracked 
|  88|0x0000000099000000, 0x0000000099000000, 0x0000000099100000|  0%| F|  |TAMS 0x0000000099000000, 0x0000000099000000| Untracked 
|  89|0x0000000099100000, 0x0000000099100000, 0x0000000099200000|  0%| F|  |TAMS 0x0000000099100000, 0x0000000099100000| Untracked 
|  90|0x0000000099200000, 0x0000000099200000, 0x0000000099300000|  0%| F|  |TAMS 0x0000000099200000, 0x0000000099200000| Untracked 
|  91|0x0000000099300000, 0x0000000099300000, 0x0000000099400000|  0%| F|  |TAMS 0x0000000099300000, 0x0000000099300000| Untracked 
|  92|0x0000000099400000, 0x0000000099400000, 0x0000000099500000|  0%| F|  |TAMS 0x0000000099400000, 0x0000000099400000| Untracked 
|  93|0x0000000099500000, 0x0000000099500000, 0x0000000099600000|  0%| F|  |TAMS 0x0000000099500000, 0x0000000099500000| Untracked 
|  94|0x0000000099600000, 0x0000000099600000, 0x0000000099700000|  0%| F|  |TAMS 0x0000000099600000, 0x0000000099600000| Untracked 
|  95|0x0000000099700000, 0x0000000099700000, 0x0000000099800000|  0%| F|  |TAMS 0x0000000099700000, 0x0000000099700000| Untracked 
|  96|0x0000000099800000, 0x0000000099800000, 0x0000000099900000|  0%| F|  |TAMS 0x0000000099800000, 0x0000000099800000| Untracked 
|  97|0x0000000099900000, 0x0000000099900000, 0x0000000099a00000|  0%| F|  |TAMS 0x0000000099900000, 0x0000000099900000| Untracked 
|  98|0x0000000099a00000, 0x0000000099a00000, 0x0000000099b00000|  0%| F|  |TAMS 0x0000000099a00000, 0x0000000099a00000| Untracked 
|  99|0x0000000099b00000, 0x0000000099b00000, 0x0000000099c00000|  0%| F|  |TAMS 0x0000000099b00000, 0x0000000099b00000| Untracked 
| 100|0x0000000099c00000, 0x0000000099c00000, 0x0000000099d00000|  0%| F|  |TAMS 0x0000000099c00000, 0x0000000099c00000| Untracked 
| 101|0x0000000099d00000, 0x0000000099d00000, 0x0000000099e00000|  0%| F|  |TAMS 0x0000000099d00000, 0x0000000099d00000| Untracked 
| 102|0x0000000099e00000, 0x0000000099e00000, 0x0000000099f00000|  0%| F|  |TAMS 0x0000000099e00000, 0x0000000099e00000| Untracked 
| 109|0x000000009a500000, 0x000000009a580800, 0x000000009a600000| 50%| E|  |TAMS 0x000000009a500000, 0x000000009a500000| Complete 
|1734|0x00000000ffe00000, 0x00000000ffe76000, 0x00000000fff00000| 46%|OA|  |TAMS 0x00000000ffe76000, 0x00000000ffe00000| Untracked 
|1735|0x00000000fff00000, 0x00000000fff82000, 0x0000000100000000| 50%|CA|  |TAMS 0x00000000fff82000, 0x00000000fff00000| Untracked 

Card table byte_map: [0x00007f54b1e31000,0x00007f54b2195000] _byte_map_base: 0x00007f54b1995000

Marking Bits (Prev, Next): (CMBitMap*) 0x00007f54ac078b40, (CMBitMap*) 0x00007f54ac078b80
 Prev Bits: [0x00007f5493970000, 0x00007f5495490000)
 Next Bits: [0x00007f5491e50000, 0x00007f5493970000)

Polling page: 0x00007f54b5133000

Metaspace:

Usage:
  Non-class:     32.34 MB used.
      Class:      4.63 MB used.
       Both:     36.97 MB used.

Virtual space:
  Non-class space:       40.00 MB reserved,      32.44 MB ( 81%) committed,  5 nodes.
      Class space:        1.00 GB reserved,       4.75 MB ( <1%) committed,  1 nodes.
             Both:        1.04 GB reserved,      37.19 MB (  3%) committed. 

Chunk freelists:
   Non-Class:  3.53 MB
       Class:  3.27 MB
        Both:  6.80 MB

MaxMetaspaceSize: unlimited
CompressedClassSpaceSize: 1.00 GB
Initial GC threshold: 21.00 MB
Current GC threshold: 59.62 MB
CDS: on
MetaspaceReclaimPolicy: balanced
 - commit_granule_bytes: 65536.
 - commit_granule_words: 8192.
 - virtual_space_node_default_size: 1048576.
 - enlarge_chunks_in_place: 1.
 - new_chunks_are_fully_committed: 0.
 - uncommit_free_chunks: 1.
 - use_allocation_guard: 0.
 - handle_deallocations: 1.


Internal statistics:

num_allocs_failed_limit: 6.
num_arena_births: 126.
num_arena_deaths: 0.
num_vsnodes_births: 6.
num_vsnodes_deaths: 0.
num_space_committed: 594.
num_space_uncommitted: 0.
num_chunks_returned_to_freelist: 6.
num_chunks_taken_from_freelist: 1378.
num_chunk_merges: 6.
num_chunk_splits: 1138.
num_chunks_enlarged: 1018.
num_purges: 0.
num_inconsistent_stats: 0.

CodeHeap 'non-profiled nmethods': size=120028Kb used=1184Kb max_used=1184Kb free=118843Kb
 bounds [0x00007f549cf59000, 0x00007f549d1c9000, 0x00007f54a4490000]
CodeHeap 'profiled nmethods': size=120028Kb used=6567Kb max_used=6567Kb free=113460Kb
 bounds [0x00007f5495a22000, 0x00007f5496092000, 0x00007f549cf59000]
CodeHeap 'non-nmethods': size=5704Kb used=1261Kb max_used=1290Kb free=4442Kb
 bounds [0x00007f5495490000, 0x00007f5495700000, 0x00007f5495a22000]
 total_blobs=4010 nmethods=3436 adapters=487
 compilation: enabled
              stopped_count=0, restarted_count=0
 full_count=0

Compilation events (20 events):
Event: 3.142 Thread 0x00007f54ac131590 3463       2       org.jetbrains.kotlin.cli.jvm.index.JvmDependenciesIndexImpl$FindClassRequest::getPackageFqName (16 bytes)
Event: 3.142 Thread 0x00007f54ac131590 nmethod 3463 0x00007f5496080690 code [0x00007f5496080840, 0x00007f54960809b0]
Event: 3.142 Thread 0x00007f54ac131590 3464       2       org.jetbrains.kotlin.cli.jvm.index.JvmDependenciesIndexImpl::findChildPackage (182 bytes)
Event: 3.143 Thread 0x00007f54ac131590 nmethod 3464 0x00007f5496080a90 code [0x00007f5496080d20, 0x00007f5496081370]
Event: 3.143 Thread 0x00007f54ac131590 3467       2       java.util.stream.ReferencePipeline$2$1::begin (13 bytes)
Event: 3.143 Thread 0x00007f54ac131590 nmethod 3467 0x00007f5496081790 code [0x00007f5496081940, 0x00007f5496081a60]
Event: 3.143 Thread 0x00007f54ac131590 3468  s    2       jdk.internal.jrtfs.JrtDirectoryStream::close (6 bytes)
Event: 3.144 Thread 0x00007f54ac131590 nmethod 3468 0x00007f5496081b10 code [0x00007f5496081ca0, 0x00007f5496081e50]
Event: 3.144 Thread 0x00007f54ac131590 3465       2       jdk.internal.jimage.ImageReader$Directory::addChild (12 bytes)
Event: 3.144 Thread 0x00007f54ac131590 nmethod 3465 0x00007f5496081f10 code [0x00007f54960820c0, 0x00007f54960821e0]
Event: 3.144 Thread 0x00007f54ac131590 3462       1       org.jetbrains.kotlin.com.intellij.util.containers.IntArrayList::size (5 bytes)
Event: 3.144 Thread 0x00007f54ac131590 nmethod 3462 0x00007f549d080e90 code [0x00007f549d081020, 0x00007f549d0810f0]
Event: 3.144 Thread 0x00007f54ac131590 3469   !   2       org.jetbrains.kotlin.storage.LockBasedStorageManager$MapBasedMemoizedFunction::invoke (356 bytes)
Event: 3.146 Thread 0x00007f54ac131590 nmethod 3469 0x00007f5496082290 code [0x00007f5496082660, 0x00007f54960831c0]
Event: 3.146 Thread 0x00007f54ac131590 3470       3       org.jetbrains.org.objectweb.asm.ClassReader::<init> (339 bytes)
Event: 3.146 Thread 0x00007f54ac131590 nmethod 3470 0x00007f5496083d90 code [0x00007f5496083fe0, 0x00007f5496084d60]
Event: 3.158 Thread 0x00007f54ac131590 3471       2       kotlin.LazyKt__LazyJVMKt::lazy (21 bytes)
Event: 3.159 Thread 0x00007f54ac131590 nmethod 3471 0x00007f5496085110 code [0x00007f5496085300, 0x00007f5496085620]
Event: 3.159 Thread 0x00007f54ac131590 3472       2       java.text.StringCharacterIterator::current (37 bytes)
Event: 3.159 Thread 0x00007f54ac131590 nmethod 3472 0x00007f5496085810 code [0x00007f54960859e0, 0x00007f5496085c90]

GC Heap History (12 events):
Event: 0.517 GC heap before
{Heap before GC invocations=0 (full 0):
 garbage-first heap   total 114688K, used 27616K [0x0000000093800000, 0x0000000100000000)
  region size 1024K, 23 young (23552K), 0 survivors (0K)
 Metaspace       used 7084K, committed 7168K, reserved 1064960K
  class space    used 731K, committed 768K, reserved 1048576K
}
Event: 0.522 GC heap after
{Heap after GC invocations=1 (full 0):
 garbage-first heap   total 114688K, used 6624K [0x0000000093800000, 0x0000000100000000)
  region size 1024K, 3 young (3072K), 3 survivors (3072K)
 Metaspace       used 7084K, committed 7168K, reserved 1064960K
  class space    used 731K, committed 768K, reserved 1048576K
}
Event: 1.291 GC heap before
{Heap before GC invocations=1 (full 0):
 garbage-first heap   total 114688K, used 44512K [0x0000000093800000, 0x0000000100000000)
  region size 1024K, 37 young (37888K), 3 survivors (3072K)
 Metaspace       used 15499K, committed 15680K, reserved 1064960K
  class space    used 1774K, committed 1920K, reserved 1048576K
}
Event: 1.305 GC heap after
{Heap after GC invocations=2 (full 0):
 garbage-first heap   total 114688K, used 13954K [0x0000000093800000, 0x0000000100000000)
  region size 1024K, 5 young (5120K), 5 survivors (5120K)
 Metaspace       used 15499K, committed 15680K, reserved 1064960K
  class space    used 1774K, committed 1920K, reserved 1048576K
}
Event: 1.704 GC heap before
{Heap before GC invocations=2 (full 0):
 garbage-first heap   total 114688K, used 45698K [0x0000000093800000, 0x0000000100000000)
  region size 1024K, 35 young (35840K), 5 survivors (5120K)
 Metaspace       used 21319K, committed 21504K, reserved 1073152K
  class space    used 2782K, committed 2880K, reserved 1048576K
}
Event: 1.716 GC heap after
{Heap after GC invocations=3 (full 0):
 garbage-first heap   total 114688K, used 22496K [0x0000000093800000, 0x0000000100000000)
  region size 1024K, 8 young (8192K), 8 survivors (8192K)
 Metaspace       used 21319K, committed 21504K, reserved 1073152K
  class space    used 2782K, committed 2880K, reserved 1048576K
}
Event: 2.195 GC heap before
{Heap before GC invocations=4 (full 0):
 garbage-first heap   total 81920K, used 59360K [0x0000000093800000, 0x0000000100000000)
  region size 1024K, 45 young (46080K), 8 survivors (8192K)
 Metaspace       used 26034K, committed 26304K, reserved 1073152K
  class space    used 3318K, committed 3456K, reserved 1048576K
}
Event: 2.215 GC heap after
{Heap after GC invocations=5 (full 0):
 garbage-first heap   total 81920K, used 26582K [0x0000000093800000, 0x0000000100000000)
  region size 1024K, 4 young (4096K), 4 survivors (4096K)
 Metaspace       used 26034K, committed 26304K, reserved 1073152K
  class space    used 3318K, committed 3456K, reserved 1048576K
}
Event: 2.583 GC heap before
{Heap before GC invocations=5 (full 0):
 garbage-first heap   total 81920K, used 57302K [0x0000000093800000, 0x0000000100000000)
  region size 1024K, 34 young (34816K), 4 survivors (4096K)
 Metaspace       used 31607K, committed 31936K, reserved 1081344K
  class space    used 4010K, committed 4160K, reserved 1048576K
}
Event: 2.598 GC heap after
{Heap after GC invocations=6 (full 0):
 garbage-first heap   total 81920K, used 30688K [0x0000000093800000, 0x0000000100000000)
  region size 1024K, 4 young (4096K), 4 survivors (4096K)
 Metaspace       used 31607K, committed 31936K, reserved 1081344K
  class space    used 4010K, committed 4160K, reserved 1048576K
}
Event: 2.940 GC heap before
{Heap before GC invocations=6 (full 0):
 garbage-first heap   total 81920K, used 49120K [0x0000000093800000, 0x0000000100000000)
  region size 1024K, 23 young (23552K), 4 survivors (4096K)
 Metaspace       used 36055K, committed 36288K, reserved 1081344K
  class space    used 4543K, committed 4672K, reserved 1048576K
}
Event: 2.950 GC heap after
{Heap after GC invocations=7 (full 0):
 garbage-first heap   total 81920K, used 32371K [0x0000000093800000, 0x0000000100000000)
  region size 1024K, 2 young (2048K), 2 survivors (2048K)
 Metaspace       used 36055K, committed 36288K, reserved 1081344K
  class space    used 4543K, committed 4672K, reserved 1048576K
}

Deoptimization events (20 events):
Event: 3.100 Thread 0x00007f54ac0244e0 Uncommon trap: trap_request=0xffffffc6 fr.pc=0x00007f549d03fd3c relative=0x000000000000009c
Event: 3.100 Thread 0x00007f54ac0244e0 Uncommon trap: reason=bimorphic_or_optimized_type_check action=maybe_recompile pc=0x00007f549d03fd3c method=java.util.AbstractList$Itr.hasNext()Z @ 8 c2
Event: 3.100 Thread 0x00007f54ac0244e0 DEOPT PACKING pc=0x00007f549d03fd3c sp=0x00007f54b4bf1e40
Event: 3.100 Thread 0x00007f54ac0244e0 DEOPT UNPACKING pc=0x00007f54954e2099 sp=0x00007f54b4bf1df8 mode 2
Event: 3.100 Thread 0x00007f54ac0244e0 Uncommon trap: trap_request=0xffffffc6 fr.pc=0x00007f549d041e64 relative=0x00000000000006a4
Event: 3.100 Thread 0x00007f54ac0244e0 Uncommon trap: reason=bimorphic_or_optimized_type_check action=maybe_recompile pc=0x00007f549d041e64 method=java.util.AbstractList$Itr.next()Ljava/lang/Object; @ 14 c2
Event: 3.100 Thread 0x00007f54ac0244e0 DEOPT PACKING pc=0x00007f549d041e64 sp=0x00007f54b4bf1e00
Event: 3.100 Thread 0x00007f54ac0244e0 DEOPT UNPACKING pc=0x00007f54954e2099 sp=0x00007f54b4bf1de8 mode 2
Event: 3.124 Thread 0x00007f54ac0244e0 Uncommon trap: trap_request=0xffffffc6 fr.pc=0x00007f549d041e64 relative=0x00000000000006a4
Event: 3.124 Thread 0x00007f54ac0244e0 Uncommon trap: reason=bimorphic_or_optimized_type_check action=maybe_recompile pc=0x00007f549d041e64 method=java.util.AbstractList$Itr.next()Ljava/lang/Object; @ 14 c2
Event: 3.124 Thread 0x00007f54ac0244e0 DEOPT PACKING pc=0x00007f549d041e64 sp=0x00007f54b4bf2510
Event: 3.124 Thread 0x00007f54ac0244e0 DEOPT UNPACKING pc=0x00007f54954e2099 sp=0x00007f54b4bf24f8 mode 2
Event: 3.141 Thread 0x00007f54ac0244e0 Uncommon trap: trap_request=0xffffffc6 fr.pc=0x00007f549d041e64 relative=0x00000000000006a4
Event: 3.141 Thread 0x00007f54ac0244e0 Uncommon trap: reason=bimorphic_or_optimized_type_check action=maybe_recompile pc=0x00007f549d041e64 method=java.util.AbstractList$Itr.next()Ljava/lang/Object; @ 14 c2
Event: 3.141 Thread 0x00007f54ac0244e0 DEOPT PACKING pc=0x00007f549d041e64 sp=0x00007f54b4bf20d0
Event: 3.141 Thread 0x00007f54ac0244e0 DEOPT UNPACKING pc=0x00007f54954e2099 sp=0x00007f54b4bf20b8 mode 2
Event: 3.145 Thread 0x00007f54ac0244e0 DEOPT PACKING pc=0x00007f5495dd7f44 sp=0x00007f54b4bf1d90
Event: 3.145 Thread 0x00007f54ac0244e0 DEOPT UNPACKING pc=0x00007f54954e282f sp=0x00007f54b4bf1260 mode 0
Event: 3.147 Thread 0x00007f54ac0244e0 DEOPT PACKING pc=0x00007f5495f2fa28 sp=0x00007f54b4bf1610
Event: 3.147 Thread 0x00007f54ac0244e0 DEOPT UNPACKING pc=0x00007f54954e282f sp=0x00007f54b4bf0b48 mode 0

Classes unloaded (0 events):
No events

Classes redefined (0 events):
No events

Internal exceptions (20 events):
Event: 1.080 Thread 0x00007f54ac0244e0 Exception <a 'java/lang/NoSuchMethodError'{0x00000000989b6f28}: 'void java.lang.invoke.DirectMethodHandle$Holder.invokeStatic(java.lang.Object, java.lang.Object)'> (0x00000000989b6f28) 
thrown [src/hotspot/share/interpreter/linkResolver.cpp, line 766]
Event: 1.097 Thread 0x00007f54ac0244e0 Exception <a 'java/lang/NoSuchMethodError'{0x00000000988bbf40}: 'long java.lang.invoke.DirectMethodHandle$Holder.invokeStatic(java.lang.Object)'> (0x00000000988bbf40) 
thrown [src/hotspot/share/interpreter/linkResolver.cpp, line 766]
Event: 1.098 Thread 0x00007f54ac0244e0 Exception <a 'java/lang/NoSuchMethodError'{0x00000000988bf698}: 'long java.lang.invoke.DirectMethodHandle$Holder.invokeStaticInit(java.lang.Object)'> (0x00000000988bf698) 
thrown [src/hotspot/share/interpreter/linkResolver.cpp, line 766]
Event: 1.149 Thread 0x00007f54ac0244e0 Exception <a 'java/lang/NoSuchMethodError'{0x00000000985fa850}: 'int java.lang.invoke.DirectMethodHandle$Holder.invokeStaticInit(java.lang.Object, java.lang.Object, java.lang.Object)'> (0x00000000985fa850) 
thrown [src/hotspot/share/interpreter/linkResolver.cpp, line 766]
Event: 1.153 Thread 0x00007f54ac0244e0 Exception <a 'java/lang/NoSuchMethodError'{0x0000000098422900}: 'int java.lang.invoke.DirectMethodHandle$Holder.invokeStaticInit(java.lang.Object, java.lang.Object)'> (0x0000000098422900) 
thrown [src/hotspot/share/interpreter/linkResolver.cpp, line 766]
Event: 1.167 Thread 0x00007f54ac0244e0 Exception <a 'java/lang/NoSuchMethodError'{0x00000000984f2dd0}: 'void java.lang.invoke.DirectMethodHandle$Holder.invokeSpecial(java.lang.Object, java.lang.Object, java.lang.Object)'> (0x00000000984f2dd0) 
thrown [src/hotspot/share/interpreter/linkResolver.cpp, line 766]
Event: 1.415 Thread 0x00007f54ac0244e0 Implicit null exception at 0x00007f549cfd4aac to 0x00007f549cfd4c71
Event: 1.441 Thread 0x00007f54ac0244e0 Exception <a 'java/lang/NoSuchMethodError'{0x0000000099a966d8}: 'java.lang.Object java.lang.invoke.DirectMethodHandle$Holder.invokeStatic(java.lang.Object, int, java.lang.Object)'> (0x0000000099a966d8) 
thrown [src/hotspot/share/interpreter/linkResolver.cpp, line 766]
Event: 1.444 Thread 0x00007f54ac0244e0 Exception <a 'java/lang/NoSuchMethodError'{0x0000000099aaed58}: 'void java.lang.invoke.DirectMethodHandle$Holder.invokeStatic(java.lang.Object, java.lang.Object, java.lang.Object, java.lang.Object)'> (0x0000000099aaed58) 
thrown [src/hotspot/share/interpreter/linkResolver.cpp, line 766]
Event: 1.491 Thread 0x00007f54ac0244e0 Exception <a 'java/lang/NoSuchMethodError'{0x0000000099665858}: 'void java.lang.invoke.DirectMethodHandle$Holder.invokeStaticInit(java.lang.Object, java.lang.Object)'> (0x0000000099665858) 
thrown [src/hotspot/share/interpreter/linkResolver.cpp, line 766]
Event: 1.498 Thread 0x00007f54ac0244e0 Exception <a 'java/lang/NoSuchMethodError'{0x00000000996a51f8}: 'void java.lang.invoke.DirectMethodHandle$Holder.invokeInterface(java.lang.Object, java.lang.Object)'> (0x00000000996a51f8) 
thrown [src/hotspot/share/interpreter/linkResolver.cpp, line 766]
Event: 1.570 Thread 0x00007f54ac0244e0 Exception <a 'java/lang/NoSuchMethodError'{0x00000000991d12b0}: 'void java.lang.invoke.DirectMethodHandle$Holder.invokeVirtual(java.lang.Object, java.lang.Object)'> (0x00000000991d12b0) 
thrown [src/hotspot/share/interpreter/linkResolver.cpp, line 766]
Event: 1.619 Thread 0x00007f54ac0244e0 Exception <a 'java/lang/NoSuchMethodError'{0x0000000098cad308}: 'int java.lang.invoke.DirectMethodHandle$Holder.invokeVirtual(java.lang.Object, java.lang.Object)'> (0x0000000098cad308) 
thrown [src/hotspot/share/interpreter/linkResolver.cpp, line 766]
Event: 1.635 Thread 0x00007f54ac0244e0 Exception <a 'java/lang/NoSuchMethodError'{0x0000000098b60bf8}: 'java.lang.Object java.lang.invoke.Invokers$Holder.invokeExact_MT(java.lang.Object, java.lang.Object, java.lang.Object, java.lang.Object, java.lang.Object, java.lang.Object)'> (0x0000000098b60bf8) 
thrown [src/hotspot/share/interpreter/linkResolver.cpp, line 766]
Event: 1.740 Thread 0x00007f54ac0244e0 Exception <a 'java/lang/NoSuchMethodError'{0x000000009a5c5e18}: 'java.lang.Object java.lang.invoke.Invokers$Holder.invoke_MT(java.lang.Object, java.lang.Object, java.lang.Object)'> (0x000000009a5c5e18) 
thrown [src/hotspot/share/interpreter/linkResolver.cpp, line 766]
Event: 2.177 Thread 0x00007f54ac0244e0 Exception <a 'java/lang/NoSuchMethodError'{0x0000000095abcef0}: 'java.lang.Object java.lang.invoke.DirectMethodHandle$Holder.invokeVirtual(java.lang.Object, java.lang.Object, java.lang.Object)'> (0x0000000095abcef0) 
thrown [src/hotspot/share/interpreter/linkResolver.cpp, line 766]
Event: 2.727 Thread 0x00007f54ac0244e0 Exception <a 'java/lang/NoSuchMethodError'{0x000000009814cc10}: 'java.lang.Object java.lang.invoke.DirectMethodHandle$Holder.newInvokeSpecial(java.lang.Object, java.lang.Object, int)'> (0x000000009814cc10) 
thrown [src/hotspot/share/interpreter/linkResolver.cpp, line 766]
Event: 2.808 Thread 0x00007f54ac0244e0 Exception <a 'java/lang/NoSuchMethodError'{0x0000000097b427a8}: 'java.lang.Object java.lang.invoke.DirectMethodHandle$Holder.newInvokeSpecial(java.lang.Object, java.lang.Object, java.lang.Object, int)'> (0x0000000097b427a8) 
thrown [src/hotspot/share/interpreter/linkResolver.cpp, line 766]
Event: 2.808 Thread 0x00007f54ac0244e0 Exception <a 'java/lang/NoSuchMethodError'{0x0000000097b46e30}: 'java.lang.Object java.lang.invoke.DirectMethodHandle$Holder.invokeSpecial(java.lang.Object, java.lang.Object, java.lang.Object, java.lang.Object, int)'> (0x0000000097b46e30) 
thrown [src/hotspot/share/interpreter/linkResolver.cpp, line 766]
Event: 2.809 Thread 0x00007f54ac0244e0 Exception <a 'java/lang/NoSuchMethodError'{0x0000000097b4aca0}: 'java.lang.Object java.lang.invoke.Invokers$Holder.linkToTargetMethod(java.lang.Object, java.lang.Object, int, java.lang.Object)'> (0x0000000097b4aca0) 
thrown [src/hotspot/share/interpreter/linkResolver.cpp, line 766]

VM Operations (20 events):
Event: 2.710 Executing VM operation: HandshakeAllThreads
Event: 2.710 Executing VM operation: HandshakeAllThreads done
Event: 2.748 Executing VM operation: HandshakeAllThreads
Event: 2.748 Executing VM operation: HandshakeAllThreads done
Event: 2.792 Executing VM operation: HandshakeAllThreads
Event: 2.793 Executing VM operation: HandshakeAllThreads done
Event: 2.871 Executing VM operation: HandshakeAllThreads
Event: 2.871 Executing VM operation: HandshakeAllThreads done
Event: 2.885 Executing VM operation: HandshakeAllThreads
Event: 2.885 Executing VM operation: HandshakeAllThreads done
Event: 2.939 Executing VM operation: CollectForMetadataAllocation
Event: 2.950 Executing VM operation: CollectForMetadataAllocation done
Event: 2.967 Executing VM operation: G1Concurrent
Event: 2.973 Executing VM operation: G1Concurrent done
Event: 2.982 Executing VM operation: G1Concurrent
Event: 2.983 Executing VM operation: G1Concurrent done
Event: 3.107 Executing VM operation: HandshakeAllThreads
Event: 3.107 Executing VM operation: HandshakeAllThreads done
Event: 3.149 Executing VM operation: HandshakeAllThreads
Event: 3.149 Executing VM operation: HandshakeAllThreads done

Events (20 events):
Event: 2.709 loading class java/util/BitSet
Event: 2.709 loading class java/util/BitSet done
Event: 2.792 loading class java/util/ArrayList$ListItr
Event: 2.792 loading class java/util/ArrayList$ListItr done
Event: 2.961 loading class java/io/InvalidObjectException
Event: 2.961 loading class java/io/ObjectStreamException
Event: 2.961 loading class java/io/ObjectStreamException done
Event: 2.961 loading class java/io/InvalidObjectException done
Event: 3.106 loading class java/util/AbstractList$RandomAccessSubList
Event: 3.106 loading class java/util/AbstractList$SubList
Event: 3.106 loading class java/util/AbstractList$SubList done
Event: 3.106 loading class java/util/AbstractList$RandomAccessSubList done
Event: 3.106 loading class java/util/AbstractList$SubList$1
Event: 3.106 loading class java/util/AbstractList$SubList$1 done
Event: 3.106 loading class java/util/AbstractList$ListItr
Event: 3.106 loading class java/util/AbstractList$ListItr done
Event: 3.156 loading class java/text/StringCharacterIterator
Event: 3.156 loading class java/text/CharacterIterator
Event: 3.156 loading class java/text/CharacterIterator done
Event: 3.156 loading class java/text/StringCharacterIterator done


Dynamic libraries:
93800000-99f00000 rw-p 00000000 00:00 0 
99f00000-9a500000 ---p 00000000 00:00 0 
9a500000-9a600000 rw-p 00000000 00:00 0 
9a600000-ffe00000 ---p 00000000 00:00 0 
ffe00000-ffe76000 rw-p 00c99000 103:03 4205032                           /home/zzigor/.jdks/corretto-17.0.3/lib/server/classes.jsa
ffe76000-fff00000 rw-p 00000000 00:00 0 
fff00000-fff82000 rw-p 00c17000 103:03 4205032                           /home/zzigor/.jdks/corretto-17.0.3/lib/server/classes.jsa
fff82000-100000000 rw-p 00000000 00:00 0 
800000000-800457000 rw-p 00001000 103:03 4205032                         /home/zzigor/.jdks/corretto-17.0.3/lib/server/classes.jsa
800457000-800bde000 r--p 00458000 103:03 4205032                         /home/zzigor/.jdks/corretto-17.0.3/lib/server/classes.jsa
800bde000-800c00000 ---p 00000000 00:00 0 
800c00000-800c40000 rw-p 00000000 00:00 0 
800c40000-800c80000 rw-p 00000000 00:00 0 
800c80000-800de0000 rw-p 00000000 00:00 0 
800de0000-8010c0000 rw-p 00000000 00:00 0 
8010c0000-840c00000 ---p 00000000 00:00 0 
55bae9a00000-55bae9a01000 r-xp 00000000 103:03 4859709                   /home/zzigor/.jdks/corretto-17.0.3/bin/java
55bae9c01000-55bae9c02000 r--p 00001000 103:03 4859709                   /home/zzigor/.jdks/corretto-17.0.3/bin/java
55bae9c02000-55bae9c03000 rw-p 00002000 103:03 4859709                   /home/zzigor/.jdks/corretto-17.0.3/bin/java
55baeb5f9000-55baeb61a000 rw-p 00000000 00:00 0                          [heap]
7f5418490000-7f5420000000 r--s 00000000 103:03 4205009                   /home/zzigor/.jdks/corretto-17.0.3/lib/modules
7f5420000000-7f5420021000 rw-p 00000000 00:00 0 
7f5420021000-7f5424000000 ---p 00000000 00:00 0 
7f5424000000-7f5424021000 rw-p 00000000 00:00 0 
7f5424021000-7f5428000000 ---p 00000000 00:00 0 
7f5429c00000-7f5429c80000 rw-p 00000000 00:00 0 
7f5429c80000-7f542a400000 ---p 00000000 00:00 0 
7f542a800000-7f542ad60000 rw-p 00000000 00:00 0 
7f542ad60000-7f542b000000 rw-p 00000000 00:00 0 
7f542b400000-7f542bc00000 rw-p 00000000 00:00 0 
7f542c000000-7f542c021000 rw-p 00000000 00:00 0 
7f542c021000-7f5430000000 ---p 00000000 00:00 0 
7f5430000000-7f5430021000 rw-p 00000000 00:00 0 
7f5430021000-7f5434000000 ---p 00000000 00:00 0 
7f5434000000-7f543402c000 rw-p 00000000 00:00 0 
7f543402c000-7f5438000000 ---p 00000000 00:00 0 
7f5438000000-7f5438021000 rw-p 00000000 00:00 0 
7f5438021000-7f543c000000 ---p 00000000 00:00 0 
7f543c000000-7f543c021000 rw-p 00000000 00:00 0 
7f543c021000-7f5440000000 ---p 00000000 00:00 0 
7f5440000000-7f5440021000 rw-p 00000000 00:00 0 
7f5440021000-7f5444000000 ---p 00000000 00:00 0 
7f5444000000-7f5444021000 rw-p 00000000 00:00 0 
7f5444021000-7f5448000000 ---p 00000000 00:00 0 
7f5448000000-7f5448021000 rw-p 00000000 00:00 0 
7f5448021000-7f544c000000 ---p 00000000 00:00 0 
7f544c000000-7f544c021000 rw-p 00000000 00:00 0 
7f544c021000-7f5450000000 ---p 00000000 00:00 0 
7f5450000000-7f5450021000 rw-p 00000000 00:00 0 
7f5450021000-7f5454000000 ---p 00000000 00:00 0 
7f5454000000-7f54546a7000 rw-p 00000000 00:00 0 
7f54546a7000-7f5458000000 ---p 00000000 00:00 0 
7f5458000000-7f5458021000 rw-p 00000000 00:00 0 
7f5458021000-7f545c000000 ---p 00000000 00:00 0 
7f545c000000-7f545c021000 rw-p 00000000 00:00 0 
7f545c021000-7f5460000000 ---p 00000000 00:00 0 
7f5460000000-7f54613c6000 rw-p 00000000 00:00 0 
7f54613c6000-7f5464000000 ---p 00000000 00:00 0 
7f5464000000-7f5464021000 rw-p 00000000 00:00 0 
7f5464021000-7f5468000000 ---p 00000000 00:00 0 
7f5468000000-7f5468021000 rw-p 00000000 00:00 0 
7f5468021000-7f546c000000 ---p 00000000 00:00 0 
7f546c000000-7f546c021000 rw-p 00000000 00:00 0 
7f546c021000-7f5470000000 ---p 00000000 00:00 0 
7f5470000000-7f5470021000 rw-p 00000000 00:00 0 
7f5470021000-7f5474000000 ---p 00000000 00:00 0 
7f5474000000-7f5474021000 rw-p 00000000 00:00 0 
7f5474021000-7f5478000000 ---p 00000000 00:00 0 
7f5478000000-7f5478021000 rw-p 00000000 00:00 0 
7f5478021000-7f547c000000 ---p 00000000 00:00 0 
7f547c000000-7f547c021000 rw-p 00000000 00:00 0 
7f547c021000-7f5480000000 ---p 00000000 00:00 0 
7f54807d7000-7f5480a6c000 rw-p 00000000 00:00 0 
7f5480a6c000-7f5480a6d000 ---p 00000000 00:00 0 
7f5480a6d000-7f5480b6e000 rw-p 00000000 00:00 0 
7f5480b6e000-7f5480b6f000 ---p 00000000 00:00 0 
7f5480b6f000-7f5480c70000 rw-p 00000000 00:00 0 
7f5480c70000-7f5480c71000 ---p 00000000 00:00 0 
7f5480c71000-7f5480d72000 rw-p 00000000 00:00 0 
7f5480d72000-7f5480d73000 ---p 00000000 00:00 0 
7f5480d73000-7f548111f000 rw-p 00000000 00:00 0 
7f548111f000-7f5481195000 r--p 00000000 103:03 3545246                   /usr/lib/libcrypto.so.1.1
7f5481195000-7f548133c000 r-xp 00076000 103:03 3545246                   /usr/lib/libcrypto.so.1.1
7f548133c000-7f54813ce000 r--p 0021d000 103:03 3545246                   /usr/lib/libcrypto.so.1.1
7f54813ce000-7f54813fa000 r--p 002ae000 103:03 3545246                   /usr/lib/libcrypto.so.1.1
7f54813fa000-7f54813fc000 rw-p 002da000 103:03 3545246                   /usr/lib/libcrypto.so.1.1
7f54813fc000-7f5481c00000 rw-p 00000000 00:00 0 
7f5481c00000-7f5481c03000 r-xp 00000000 00:20 185                        /tmp/libjansi-1.5.10-release-890 (1.5.10)-5423056455900465044.so
7f5481c03000-7f5481e02000 ---p 00003000 00:20 185                        /tmp/libjansi-1.5.10-release-890 (1.5.10)-5423056455900465044.so
7f5481e02000-7f5481e03000 rw-p 00002000 00:20 185                        /tmp/libjansi-1.5.10-release-890 (1.5.10)-5423056455900465044.so
7f5481efe000-7f5481eff000 ---p 00000000 00:00 0 
7f5481eff000-7f5484000000 rw-p 00000000 00:00 0 
7f5484000000-7f5484021000 rw-p 00000000 00:00 0 
7f5484021000-7f5488000000 ---p 00000000 00:00 0 
7f5488000000-7f5488021000 rw-p 00000000 00:00 0 
7f5488021000-7f548c000000 ---p 00000000 00:00 0 
7f548c000000-7f548c021000 rw-p 00000000 00:00 0 
7f548c021000-7f5490000000 ---p 00000000 00:00 0 
7f54900fe000-7f54900ff000 ---p 00000000 00:00 0 
7f54900ff000-7f5490200000 rw-p 00000000 00:00 0 
7f5490200000-7f549020d000 r-xp 00000000 103:03 4205021                   /home/zzigor/.jdks/corretto-17.0.3/lib/libverify.so
7f549020d000-7f549040c000 ---p 0000d000 103:03 4205021                   /home/zzigor/.jdks/corretto-17.0.3/lib/libverify.so
7f549040c000-7f549040e000 r--p 0000c000 103:03 4205021                   /home/zzigor/.jdks/corretto-17.0.3/lib/libverify.so
7f549040e000-7f549040f000 rw-p 00000000 00:00 0 
7f54904cb000-7f54904f4000 r--p 00000000 103:03 3545423                   /usr/lib/libp11-kit.so.0.3.0
7f54904f4000-7f5490592000 r-xp 00029000 103:03 3545423                   /usr/lib/libp11-kit.so.0.3.0
7f5490592000-7f54905ec000 r--p 000c7000 103:03 3545423                   /usr/lib/libp11-kit.so.0.3.0
7f54905ec000-7f54905f6000 r--p 00120000 103:03 3545423                   /usr/lib/libp11-kit.so.0.3.0
7f54905f6000-7f5490600000 rw-p 0012a000 103:03 3545423                   /usr/lib/libp11-kit.so.0.3.0
7f5490600000-7f549061a000 r-xp 00000000 103:03 4205022                   /home/zzigor/.jdks/corretto-17.0.3/lib/libzip.so
7f549061a000-7f549081a000 ---p 0001a000 103:03 4205022                   /home/zzigor/.jdks/corretto-17.0.3/lib/libzip.so
7f549081a000-7f549081b000 r--p 0001a000 103:03 4205022                   /home/zzigor/.jdks/corretto-17.0.3/lib/libzip.so
7f549081b000-7f549081c000 rw-p 00000000 00:00 0 
7f54908fe000-7f54908ff000 ---p 00000000 00:00 0 
7f54908ff000-7f5490a00000 rw-p 00000000 00:00 0 
7f5490a00000-7f5490a14000 r-xp 00000000 103:03 4205019                   /home/zzigor/.jdks/corretto-17.0.3/lib/libnet.so
7f5490a14000-7f5490c14000 ---p 00014000 103:03 4205019                   /home/zzigor/.jdks/corretto-17.0.3/lib/libnet.so
7f5490c14000-7f5490c15000 r--p 00014000 103:03 4205019                   /home/zzigor/.jdks/corretto-17.0.3/lib/libnet.so
7f5490c15000-7f5490c16000 rw-p 00015000 103:03 4205019                   /home/zzigor/.jdks/corretto-17.0.3/lib/libnet.so
7f5490cfe000-7f5490cff000 ---p 00000000 00:00 0 
7f5490cff000-7f5490e00000 rw-p 00000000 00:00 0 
7f5490e00000-7f5490e12000 r-xp 00000000 103:03 4205020                   /home/zzigor/.jdks/corretto-17.0.3/lib/libnio.so
7f5490e12000-7f5491011000 ---p 00012000 103:03 4205020                   /home/zzigor/.jdks/corretto-17.0.3/lib/libnio.so
7f5491011000-7f5491012000 r--p 00011000 103:03 4205020                   /home/zzigor/.jdks/corretto-17.0.3/lib/libnio.so
7f5491012000-7f5491013000 rw-p 00012000 103:03 4205020                   /home/zzigor/.jdks/corretto-17.0.3/lib/libnio.so
7f5491013000-7f5491014000 ---p 00000000 00:00 0 
7f5491014000-7f5491115000 rw-p 00000000 00:00 0 
7f5491115000-7f5491119000 ---p 00000000 00:00 0 
7f5491119000-7f5491215000 rw-p 00000000 00:00 0 
7f5491215000-7f5491216000 ---p 00000000 00:00 0 
7f5491216000-7f5491317000 rw-p 00000000 00:00 0 
7f5491317000-7f549131b000 ---p 00000000 00:00 0 
7f549131b000-7f5491417000 rw-p 00000000 00:00 0 
7f5491417000-7f549141b000 ---p 00000000 00:00 0 
7f549141b000-7f5491517000 rw-p 00000000 00:00 0 
7f5491517000-7f549151b000 ---p 00000000 00:00 0 
7f549151b000-7f5491617000 rw-p 00000000 00:00 0 
7f5491617000-7f549161b000 ---p 00000000 00:00 0 
7f549161b000-7f5491717000 rw-p 00000000 00:00 0 
7f5491717000-7f5491a00000 r--p 00000000 103:03 3549241                   /usr/lib/locale/locale-archive
7f5491a00000-7f5491ace000 r-xp 00000000 103:03 4205058                   /home/zzigor/.jdks/corretto-17.0.3/lib/libjsvml.so
7f5491ace000-7f5491ccd000 ---p 000ce000 103:03 4205058                   /home/zzigor/.jdks/corretto-17.0.3/lib/libjsvml.so
7f5491ccd000-7f5491cce000 r--p 000cd000 103:03 4205058                   /home/zzigor/.jdks/corretto-17.0.3/lib/libjsvml.so
7f5491cce000-7f5491ccf000 rw-p 000ce000 103:03 4205058                   /home/zzigor/.jdks/corretto-17.0.3/lib/libjsvml.so
7f5491cf2000-7f5491cfa000 r--p 00000000 103:03 3545415                   /usr/lib/libnss_systemd.so.2
7f5491cfa000-7f5491d33000 r-xp 00008000 103:03 3545415                   /usr/lib/libnss_systemd.so.2
7f5491d33000-7f5491d46000 r--p 00041000 103:03 3545415                   /usr/lib/libnss_systemd.so.2
7f5491d46000-7f5491d47000 ---p 00054000 103:03 3545415                   /usr/lib/libnss_systemd.so.2
7f5491d47000-7f5491d4f000 r--p 00054000 103:03 3545415                   /usr/lib/libnss_systemd.so.2
7f5491d4f000-7f5491d50000 rw-p 0005c000 103:03 3545415                   /usr/lib/libnss_systemd.so.2
7f5491d50000-7f5491d54000 ---p 00000000 00:00 0 
7f5491d54000-7f5491fec000 rw-p 00000000 00:00 0 
7f5491fec000-7f5492004000 ---p 00000000 00:00 0 
7f5492004000-7f5492008000 rw-p 00000000 00:00 0 
7f5492008000-7f5493968000 ---p 00000000 00:00 0 
7f5493968000-7f5493b0c000 rw-p 00000000 00:00 0 
7f5493b0c000-7f5493b24000 ---p 00000000 00:00 0 
7f5493b24000-7f5493b28000 rw-p 00000000 00:00 0 
7f5493b28000-7f5495488000 ---p 00000000 00:00 0 
7f5495488000-7f5495490000 rw-p 00000000 00:00 0 
7f5495490000-7f5495700000 rwxp 00000000 00:00 0 
7f5495700000-7f5495a22000 ---p 00000000 00:00 0 
7f5495a22000-7f5496092000 rwxp 00000000 00:00 0 
7f5496092000-7f549cf59000 ---p 00000000 00:00 0 
7f549cf59000-7f549d1c9000 rwxp 00000000 00:00 0 
7f549d1c9000-7f54a4490000 ---p 00000000 00:00 0 
7f54a4490000-7f54ac000000 r--s 00000000 103:03 4205009                   /home/zzigor/.jdks/corretto-17.0.3/lib/modules
7f54ac000000-7f54ad3b2000 rw-p 00000000 00:00 0 
7f54ad3b2000-7f54b0000000 ---p 00000000 00:00 0 
7f54b0000000-7f54b0004000 ---p 00000000 00:00 0 
7f54b0004000-7f54b0100000 rw-p 00000000 00:00 0 
7f54b0100000-7f54b0104000 ---p 00000000 00:00 0 
7f54b0104000-7f54b0200000 rw-p 00000000 00:00 0 
7f54b0200000-7f54b0204000 ---p 00000000 00:00 0 
7f54b0204000-7f54b0300000 rw-p 00000000 00:00 0 
7f54b0300000-7f54b0304000 ---p 00000000 00:00 0 
7f54b0304000-7f54b07f0000 rw-p 00000000 00:00 0 
7f54b07f0000-7f54b0800000 ---p 00000000 00:00 0 
7f54b0800000-7f54b0c00000 rw-p 00000000 00:00 0 
7f54b0c01000-7f54b0c03000 r--p 00000000 103:03 3545245                   /usr/lib/libcrypt.so.2.0.0
7f54b0c03000-7f54b0c15000 r-xp 00002000 103:03 3545245                   /usr/lib/libcrypt.so.2.0.0
7f54b0c15000-7f54b0c2e000 r--p 00014000 103:03 3545245                   /usr/lib/libcrypt.so.2.0.0
7f54b0c2e000-7f54b0c2f000 r--p 0002c000 103:03 3545245                   /usr/lib/libcrypt.so.2.0.0
7f54b0c2f000-7f54b0c30000 rw-p 0002d000 103:03 3545245                   /usr/lib/libcrypt.so.2.0.0
7f54b0c30000-7f54b0c38000 rw-p 00000000 00:00 0 
7f54b0c38000-7f54b0c39000 ---p 00000000 00:00 0 
7f54b0c39000-7f54b0dbb000 rw-p 00000000 00:00 0 
7f54b0dbb000-7f54b0dbc000 ---p 00000000 00:00 0 
7f54b0dbc000-7f54b0ebd000 rw-p 00000000 00:00 0 
7f54b0ebd000-7f54b0ebe000 ---p 00000000 00:00 0 
7f54b0ebe000-7f54b17c7000 rw-p 00000000 00:00 0 
7f54b17c7000-7f54b17c8000 ---p 00000000 00:00 0 
7f54b17c8000-7f54b18c9000 rw-p 00000000 00:00 0 
7f54b18c9000-7f54b18ca000 ---p 00000000 00:00 0 
7f54b18ca000-7f54b19cb000 rw-p 00000000 00:00 0 
7f54b19cb000-7f54b19cc000 ---p 00000000 00:00 0 
7f54b19cc000-7f54b1b01000 rw-p 00000000 00:00 0 
7f54b1b01000-7f54b1b03000 ---p 00000000 00:00 0 
7f54b1b03000-7f54b1b04000 rw-p 00000000 00:00 0 
7f54b1b04000-7f54b1e30000 ---p 00000000 00:00 0 
7f54b1e30000-7f54b1e65000 rw-p 00000000 00:00 0 
7f54b1e65000-7f54b1e67000 ---p 00000000 00:00 0 
7f54b1e67000-7f54b1e68000 rw-p 00000000 00:00 0 
7f54b1e68000-7f54b2194000 ---p 00000000 00:00 0 
7f54b2194000-7f54b21c9000 rw-p 00000000 00:00 0 
7f54b21c9000-7f54b21cb000 ---p 00000000 00:00 0 
7f54b21cb000-7f54b21cc000 rw-p 00000000 00:00 0 
7f54b21cc000-7f54b24f8000 ---p 00000000 00:00 0 
7f54b24f8000-7f54b2c00000 rw-p 00000000 00:00 0 
7f54b2c00000-7f54b2c24000 r-xp 00000000 103:03 4205015                   /home/zzigor/.jdks/corretto-17.0.3/lib/libjava.so
7f54b2c24000-7f54b2e23000 ---p 00024000 103:03 4205015                   /home/zzigor/.jdks/corretto-17.0.3/lib/libjava.so
7f54b2e23000-7f54b2e24000 r--p 00023000 103:03 4205015                   /home/zzigor/.jdks/corretto-17.0.3/lib/libjava.so
7f54b2e24000-7f54b2e25000 rw-p 00024000 103:03 4205015                   /home/zzigor/.jdks/corretto-17.0.3/lib/libjava.so
7f54b2e25000-7f54b2e26000 rw-p 00000000 00:00 0 
7f54b2e3b000-7f54b2e3e000 r--p 00000000 103:03 3543616                   /usr/lib/libgcc_s.so.1
7f54b2e3e000-7f54b2e50000 r-xp 00003000 103:03 3543616                   /usr/lib/libgcc_s.so.1
7f54b2e50000-7f54b2e53000 r--p 00015000 103:03 3543616                   /usr/lib/libgcc_s.so.1
7f54b2e53000-7f54b2e54000 ---p 00018000 103:03 3543616                   /usr/lib/libgcc_s.so.1
7f54b2e54000-7f54b2e55000 r--p 00018000 103:03 3543616                   /usr/lib/libgcc_s.so.1
7f54b2e55000-7f54b2e56000 rw-p 00019000 103:03 3543616                   /usr/lib/libgcc_s.so.1
7f54b2e73000-7f54b3000000 rw-p 00000000 00:00 0 
7f54b3000000-7f54b301b000 r-xp 00000000 103:03 4205016                   /home/zzigor/.jdks/corretto-17.0.3/lib/libjimage.so
7f54b301b000-7f54b321a000 ---p 0001b000 103:03 4205016                   /home/zzigor/.jdks/corretto-17.0.3/lib/libjimage.so
7f54b321a000-7f54b321c000 r--p 0001a000 103:03 4205016                   /home/zzigor/.jdks/corretto-17.0.3/lib/libjimage.so
7f54b321c000-7f54b321d000 rw-p 0001c000 103:03 4205016                   /home/zzigor/.jdks/corretto-17.0.3/lib/libjimage.so
7f54b322a000-7f54b322f000 rw-p 00000000 00:00 0 
7f54b322f000-7f54b3315000 ---p 00000000 00:00 0 
7f54b3315000-7f54b3322000 rw-p 00000000 00:00 0 
7f54b3322000-7f54b3400000 ---p 00000000 00:00 0 
7f54b3400000-7f54b46e6000 r-xp 00000000 103:03 4205030                   /home/zzigor/.jdks/corretto-17.0.3/lib/server/libjvm.so
7f54b46e6000-7f54b48e6000 ---p 012e6000 103:03 4205030                   /home/zzigor/.jdks/corretto-17.0.3/lib/server/libjvm.so
7f54b48e6000-7f54b499f000 r--p 012e6000 103:03 4205030                   /home/zzigor/.jdks/corretto-17.0.3/lib/server/libjvm.so
7f54b499f000-7f54b49d4000 rw-p 0139f000 103:03 4205030                   /home/zzigor/.jdks/corretto-17.0.3/lib/server/libjvm.so
7f54b49d4000-7f54b4a2d000 rw-p 00000000 00:00 0 
7f54b4a39000-7f54b4a3b000 r--p 00000000 103:03 3545290                   /usr/lib/libffi.so.8.1.0
7f54b4a3b000-7f54b4a41000 r-xp 00002000 103:03 3545290                   /usr/lib/libffi.so.8.1.0
7f54b4a41000-7f54b4a43000 r--p 00008000 103:03 3545290                   /usr/lib/libffi.so.8.1.0
7f54b4a43000-7f54b4a44000 r--p 00009000 103:03 3545290                   /usr/lib/libffi.so.8.1.0
7f54b4a44000-7f54b4a45000 rw-p 0000a000 103:03 3545290                   /usr/lib/libffi.so.8.1.0
7f54b4a45000-7f54b4af6000 rw-p 00000000 00:00 0 
7f54b4af6000-7f54b4afa000 ---p 00000000 00:00 0 
7f54b4afa000-7f54b4bf6000 rw-p 00000000 00:00 0 
7f54b4bf6000-7f54b4c22000 r--p 00000000 103:03 3549025                   /usr/lib/libc.so.6
7f54b4c22000-7f54b4d98000 r-xp 0002c000 103:03 3549025                   /usr/lib/libc.so.6
7f54b4d98000-7f54b4dec000 r--p 001a2000 103:03 3549025                   /usr/lib/libc.so.6
7f54b4dec000-7f54b4ded000 ---p 001f6000 103:03 3549025                   /usr/lib/libc.so.6
7f54b4ded000-7f54b4df0000 r--p 001f6000 103:03 3549025                   /usr/lib/libc.so.6
7f54b4df0000-7f54b4df3000 rw-p 001f9000 103:03 3549025                   /usr/lib/libc.so.6
7f54b4df3000-7f54b4e00000 rw-p 00000000 00:00 0 
7f54b4e00000-7f54b4e19000 r-xp 00000000 103:03 4205017                   /home/zzigor/.jdks/corretto-17.0.3/lib/libjli.so
7f54b4e19000-7f54b5018000 ---p 00019000 103:03 4205017                   /home/zzigor/.jdks/corretto-17.0.3/lib/libjli.so
7f54b5018000-7f54b5019000 r--p 00018000 103:03 4205017                   /home/zzigor/.jdks/corretto-17.0.3/lib/libjli.so
7f54b5019000-7f54b501a000 rw-p 00019000 103:03 4205017                   /home/zzigor/.jdks/corretto-17.0.3/lib/libjli.so
7f54b501f000-7f54b502f000 r--p 00000000 103:03 3549035                   /usr/lib/libm.so.6
7f54b502f000-7f54b50a9000 r-xp 00010000 103:03 3549035                   /usr/lib/libm.so.6
7f54b50a9000-7f54b5105000 r--p 0008a000 103:03 3549035                   /usr/lib/libm.so.6
7f54b5105000-7f54b5106000 r--p 000e5000 103:03 3549035                   /usr/lib/libm.so.6
7f54b5106000-7f54b5107000 rw-p 000e6000 103:03 3549035                   /usr/lib/libm.so.6
7f54b5107000-7f54b5108000 r--p 00000000 103:03 3549058                   /usr/lib/librt.so.1
7f54b5108000-7f54b5109000 r-xp 00001000 103:03 3549058                   /usr/lib/librt.so.1
7f54b5109000-7f54b510a000 r--p 00002000 103:03 3549058                   /usr/lib/librt.so.1
7f54b510a000-7f54b510b000 r--p 00002000 103:03 3549058                   /usr/lib/librt.so.1
7f54b510b000-7f54b510c000 rw-p 00003000 103:03 3549058                   /usr/lib/librt.so.1
7f54b510c000-7f54b510e000 rw-p 00000000 00:00 0 
7f54b510e000-7f54b510f000 r--p 00000000 103:03 3549030                   /usr/lib/libdl.so.2
7f54b510f000-7f54b5110000 r-xp 00001000 103:03 3549030                   /usr/lib/libdl.so.2
7f54b5110000-7f54b5111000 r--p 00002000 103:03 3549030                   /usr/lib/libdl.so.2
7f54b5111000-7f54b5112000 r--p 00002000 103:03 3549030                   /usr/lib/libdl.so.2
7f54b5112000-7f54b5113000 rw-p 00003000 103:03 3549030                   /usr/lib/libdl.so.2
7f54b5113000-7f54b5114000 r--p 00000000 103:03 3549053                   /usr/lib/libpthread.so.0
7f54b5114000-7f54b5115000 r-xp 00001000 103:03 3549053                   /usr/lib/libpthread.so.0
7f54b5115000-7f54b5116000 r--p 00002000 103:03 3549053                   /usr/lib/libpthread.so.0
7f54b5116000-7f54b5117000 r--p 00002000 103:03 3549053                   /usr/lib/libpthread.so.0
7f54b5117000-7f54b5118000 rw-p 00003000 103:03 3549053                   /usr/lib/libpthread.so.0
7f54b511a000-7f54b511b000 r--p 00000000 103:03 3555820                   /usr/lib/libutil.so.1
7f54b511b000-7f54b511c000 r-xp 00001000 103:03 3555820                   /usr/lib/libutil.so.1
7f54b511c000-7f54b511d000 r--p 00002000 103:03 3555820                   /usr/lib/libutil.so.1
7f54b511d000-7f54b511e000 r--p 00002000 103:03 3555820                   /usr/lib/libutil.so.1
7f54b511e000-7f54b511f000 rw-p 00003000 103:03 3555820                   /usr/lib/libutil.so.1
7f54b511f000-7f54b5124000 rw-p 00000000 00:00 0 
7f54b5124000-7f54b512b000 ---p 00000000 00:00 0 
7f54b512b000-7f54b5133000 rw-s 00000000 00:20 184                        /tmp/hsperfdata_zzigor/26990
7f54b5133000-7f54b5134000 ---p 00000000 00:00 0 
7f54b5134000-7f54b5135000 r--p 00000000 00:00 0 
7f54b5135000-7f54b5137000 rw-p 00000000 00:00 0 
7f54b5137000-7f54b5139000 r--p 00000000 103:03 3549016                   /usr/lib/ld-linux-x86-64.so.2
7f54b5139000-7f54b5160000 r-xp 00002000 103:03 3549016                   /usr/lib/ld-linux-x86-64.so.2
7f54b5160000-7f54b516b000 r--p 00029000 103:03 3549016                   /usr/lib/ld-linux-x86-64.so.2
7f54b516b000-7f54b516c000 ---p 00000000 00:00 0 
7f54b516c000-7f54b516e000 r--p 00034000 103:03 3549016                   /usr/lib/ld-linux-x86-64.so.2
7f54b516e000-7f54b5170000 rw-p 00036000 103:03 3549016                   /usr/lib/ld-linux-x86-64.so.2
7ffe4ea66000-7ffe4ea87000 rw-p 00000000 00:00 0                          [stack]
7ffe4ead6000-7ffe4eada000 r--p 00000000 00:00 0                          [vvar]
7ffe4eada000-7ffe4eadc000 r-xp 00000000 00:00 0                          [vdso]
ffffffffff600000-ffffffffff601000 --xp 00000000 00:00 0                  [vsyscall]


VM Arguments:
java_command: org.jetbrains.kotlin.cli.jvm.K2JVMCompiler @/home/zzigor/Projects/Kotlin_HW/build/20220521_16106658020857339738.compiler.options
java_class_path (initial): /home/zzigor/.gradle/caches/modules-2/files-2.1/org.jetbrains.kotlin/kotlin-compiler-embeddable/1.5.10/9c35134a025cab7a1e6eee0d87d241c2f30c1218/kotlin-compiler-embeddable-1.5.10.jar:/home/zzigor/.gradle/caches/modules-2/files-2.1/org.jetbrains.kotlin/kotlin-reflect/1.5.10/d6c70f3c0df2457ea0095c61c1fc1188017dc3bc/kotlin-reflect-1.5.10.jar:/home/zzigor/.gradle/caches/modules-2/files-2.1/org.jetbrains.kotlin/kotlin-stdlib/1.5.10/da6a904b132f0402fa4d79169a3c1770598d4702/kotlin-stdlib-1.5.10.jar:/home/zzigor/.gradle/caches/modules-2/files-2.1/org.jetbrains.kotlin/kotlin-script-runtime/1.5.10/69bad0ece91b0797055aeadbd44dc742c458398b/kotlin-script-runtime-1.5.10.jar:/home/zzigor/.gradle/caches/modules-2/files-2.1/org.jetbrains.kotlin/kotlin-daemon-embeddable/1.5.10/d06ad33b62b041dae0609f830c3b48135d53b8bc/kotlin-daemon-embeddable-1.5.10.jar:/home/zzigor/.gradle/caches/modules-2/files-2.1/org.jetbrains.intellij.deps/trove4j/1.0.20181211/216c2e14b070f334479d800987affe4054cd563f/trove4j-1.0.20181211.jar:/home/zzigor/.gradle/caches/modules-2/files-2.1/org.jetbrains/annotations/13.0/919f0dfe192fb4e063e7dacadee7f8bb9a2672a9/annotations-13.0.jar:/home/zzigor/.gradle/caches/modules-2/files-2.1/org.jetbrains.kotlin/kotlin-stdlib-common/1.5.10/6b84d926e28493be69daf673e40076f89492ef7/kotlin-stdlib-common-1.5.10.jar
Launcher Type: SUN_STANDARD

[Global flags]
     intx CICompilerCount                          = 4                                         {product} {ergonomic}
     uint ConcGCThreads                            = 2                                         {product} {ergonomic}
     uint G1ConcRefinementThreads                  = 8                                         {product} {ergonomic}
   size_t G1HeapRegionSize                         = 1048576                                   {product} {ergonomic}
    uintx GCDrainStackTargetSize                   = 64                                        {product} {ergonomic}
   size_t InitialHeapSize                          = 115343360                                 {product} {ergonomic}
   size_t MarkStackSize                            = 4194304                                   {product} {ergonomic}
   size_t MaxHeapSize                              = 1820327936                                {product} {ergonomic}
   size_t MaxNewSize                               = 1091567616                                {product} {ergonomic}
   size_t MinHeapDeltaBytes                        = 1048576                                   {product} {ergonomic}
   size_t MinHeapSize                              = 8388608                                   {product} {ergonomic}
    uintx NonNMethodCodeHeapSize                   = 5839372                                {pd product} {ergonomic}
    uintx NonProfiledCodeHeapSize                  = 122909434                              {pd product} {ergonomic}
    uintx ProfiledCodeHeapSize                     = 122909434                              {pd product} {ergonomic}
    uintx ReservedCodeCacheSize                    = 251658240                              {pd product} {ergonomic}
     bool SegmentedCodeCache                       = true                                      {product} {ergonomic}
   size_t SoftMaxHeapSize                          = 1820327936                             {manageable} {ergonomic}
     bool UseCompressedClassPointers               = true                           {product lp64_product} {ergonomic}
     bool UseCompressedOops                        = true                           {product lp64_product} {ergonomic}
     bool UseG1GC                                  = true                                      {product} {ergonomic}

Logging:
Log output configuration:
 #0: stdout all=warning uptime,level,tags
 #1: stderr all=off uptime,level,tags

Environment Variables:
PATH=/home/zzigor/.local/bin:/usr/local/bin:/usr/bin:/usr/local/sbin:/usr/lib/jvm/default/bin:/usr/bin/site_perl:/usr/bin/vendor_perl:/usr/bin/core_perl
USERNAME=zzigor
SHELL=/bin/zsh
DISPLAY=:0
LANG=en_US.UTF-8

Signal Handlers:
   SIGSEGV: crash_handler in libjvm.so, mask=11100100010111111101111111111110, flags=SA_RESTART|SA_SIGINFO
    SIGBUS: crash_handler in libjvm.so, mask=11100100010111111101111111111110, flags=SA_RESTART|SA_SIGINFO
    SIGFPE: crash_handler in libjvm.so, mask=11100100010111111101111111111110, flags=SA_RESTART|SA_SIGINFO
   SIGPIPE: javaSignalHandler in libjvm.so, mask=11100100010111111101111111111110, flags=SA_RESTART|SA_SIGINFO
   SIGXFSZ: javaSignalHandler in libjvm.so, mask=11100100010111111101111111111110, flags=SA_RESTART|SA_SIGINFO
    SIGILL: crash_handler in libjvm.so, mask=11100100010111111101111111111110, flags=SA_RESTART|SA_SIGINFO
   SIGUSR2: SR_handler in libjvm.so, mask=00100000000000000000000000000000, flags=SA_RESTART|SA_SIGINFO
    SIGHUP: UserHandler in libjvm.so, mask=11100100010111111101111111111110, flags=SA_RESTART|SA_SIGINFO
    SIGINT: UserHandler in libjvm.so, mask=11100100010111111101111111111110, flags=SA_RESTART|SA_SIGINFO
   SIGTERM: UserHandler in libjvm.so, mask=11100100010111111101111111111110, flags=SA_RESTART|SA_SIGINFO
   SIGQUIT: UserHandler in libjvm.so, mask=11100100010111111101111111111110, flags=SA_RESTART|SA_SIGINFO
  *** Handler was modified!
  *** Expected: javaSignalHandler in libjvm.so, mask=11100100110111111111111111111110, flags=SA_RESTART|SA_SIGINFO
   SIGTRAP: crash_handler in libjvm.so, mask=11100100010111111101111111111110, flags=SA_RESTART|SA_SIGINFO


---------------  S Y S T E M  ---------------

OS:
DISTRIB_ID=ManjaroLinux
DISTRIB_RELEASE=21.2.2
DISTRIB_CODENAME=Qonos
DISTRIB_DESCRIPTION="Manjaro Linux"
uname: Linux 5.15.16-1-MANJARO #1 SMP PREEMPT Thu Jan 20 13:58:19 UTC 2022 x86_64
OS uptime: 0 days 0:44 hours
libc: glibc 2.35 NPTL 2.35 
rlimit (soft/hard): STACK 8192k/infinity , CORE infinity/infinity , NPROC 27437/27437 , NOFILE 524288/524288 , AS infinity/infinity , CPU infinity/infinity , DATA infinity/infinity , FSIZE infinity/infinity , MEMLOCK 1024k/1024k
load average: 2.65 1.43 1.06

/proc/meminfo:
MemTotal:        7106668 kB
MemFree:          187568 kB
MemAvailable:     836880 kB
Buffers:           26120 kB
Cached:          1065204 kB
SwapCached:            0 kB
Active:           449584 kB
Inactive:        6048612 kB
Active(anon):      25204 kB
Inactive(anon):  5646904 kB
Active(file):     424380 kB
Inactive(file):   401708 kB
Unevictable:          32 kB
Mlocked:              32 kB
SwapTotal:             0 kB
SwapFree:              0 kB
Dirty:               364 kB
Writeback:             0 kB
AnonPages:       5406988 kB
Mapped:           538700 kB
Shmem:            265236 kB
KReclaimable:      81684 kB
Slab:             182708 kB
SReclaimable:      81684 kB
SUnreclaim:       101024 kB
KernelStack:       19408 kB
PageTables:        41628 kB
NFS_Unstable:          0 kB
Bounce:                0 kB
WritebackTmp:          0 kB
CommitLimit:     3553332 kB
Committed_AS:   12024228 kB
VmallocTotal:   34359738367 kB
VmallocUsed:       58376 kB
VmallocChunk:          0 kB
Percpu:            11648 kB
HardwareCorrupted:     0 kB
AnonHugePages:         0 kB
ShmemHugePages:        0 kB
ShmemPmdMapped:        0 kB
FileHugePages:         0 kB
FilePmdMapped:         0 kB
CmaTotal:              0 kB
CmaFree:               0 kB
HugePages_Total:       0
HugePages_Free:        0
HugePages_Rsvd:        0
HugePages_Surp:        0
Hugepagesize:       2048 kB
Hugetlb:               0 kB
DirectMap4k:      448532 kB
DirectMap2M:     6825984 kB
DirectMap1G:     1048576 kB

/sys/kernel/mm/transparent_hugepage/enabled: always [madvise] never
/sys/kernel/mm/transparent_hugepage/defrag (defrag/compaction efforts parameter): always defer defer+madvise [madvise] never

Process Memory:
Virtual Size: 5353852K (peak: 5355304K)
Resident Set Size: 217808K (peak: 217808K) (anon: 186632K, file: 31132K, shmem: 44K)
Swapped out: 0K
C-Heap outstanding allocations: 45645K

/proc/sys/kernel/threads-max (system-wide limit on the number of threads): 54875
/proc/sys/vm/max_map_count (maximum number of memory map areas a process may have): 65530
/proc/sys/kernel/pid_max (system-wide limit on number of process identifiers): 4194304

container (cgroup) information:
container_type: cgroupv2
cpu_cpuset_cpus: not supported
cpu_memory_nodes: not supported
active_processor_count: 8
cpu_quota: not supported
cpu_period: not supported
cpu_shares: not supported
memory_limit_in_bytes: unlimited
memory_and_swap_limit_in_bytes: unlimited
memory_soft_limit_in_bytes: unlimited
memory_usage_in_bytes: 4361023488
memory_max_usage_in_bytes: not supported
maximum number of tasks: 8231
current number of tasks: 437

Steal ticks since vm start: 0
Steal ticks percentage since vm start:  0.000

CPU: total 8 (initial active 8) (8 cores per cpu, 2 threads per core) family 23 model 24 stepping 1 microcode 0x8108109, cx8, cmov, fxsr, ht, mmx, 3dnowpref, sse, sse2, sse3, ssse3, sse4a, sse4.1, sse4.2, popcnt, lzcnt, tsc, tscinvbit, avx, avx2, aes, clmul, bmi1, bmi2, adx, sha, fma, vzeroupper, clflush, clflushopt
CPU Model and flags from /proc/cpuinfo:
model name	: AMD Ryzen 5 3500U with Radeon Vega Mobile Gfx
flags		: fpu vme de pse tsc msr pae mce cx8 apic sep mtrr pge mca cmov pat pse36 clflush mmx fxsr sse sse2 ht syscall nx mmxext fxsr_opt pdpe1gb rdtscp lm constant_tsc rep_good nopl nonstop_tsc cpuid extd_apicid aperfmperf rapl pni pclmulqdq monitor ssse3 fma cx16 sse4_1 sse4_2 movbe popcnt aes xsave avx f16c rdrand lahf_lm cmp_legacy svm extapic cr8_legacy abm sse4a misalignsse 3dnowprefetch osvw skinit wdt tce topoext perfctr_core perfctr_nb bpext perfctr_llc mwaitx cpb hw_pstate ssbd ibpb vmmcall fsgsbase bmi1 avx2 smep bmi2 rdseed adx smap clflushopt sha_ni xsaveopt xsavec xgetbv1 xsaves clzero irperf xsaveerptr arat npt lbrv svm_lock nrip_save tsc_scale vmcb_clean flushbyasid decodeassists pausefilter pfthreshold avic v_vmsave_vmload vgif overflow_recov succor smca sme sev sev_es

Online cpus: 0-7
Offline cpus: 8-15
BIOS frequency limitation: 2100000
Frequency switch latency (ns): 0
Available cpu frequencies: 2100000 1700000 1400000 
Current governor: schedutil
Core performance/turbo boost: 1

Memory: 4k page, physical 7106668k(187568k free), swap 0k(0k free)
Page Sizes: 4k

vm_info: OpenJDK 64-Bit Server VM (17.0.3+6-LTS) for linux-amd64 JRE (17.0.3+6-LTS), built on Apr 15 2022 21:54:51 by "jenkins" with gcc 7.3.1 20180303 (Red Hat 7.3.1-5)

END.
